CRITICAL - 2021-10-31 14:52:13 --> Cannot use object of type stdClass as array
#0 /home/admaula/cesienet.sie-aulavirtual.com/vendor/codeigniter4/framework/system/View/View.php(230): include()
#1 /home/admaula/cesienet.sie-aulavirtual.com/vendor/codeigniter4/framework/system/View/View.php(232): CodeIgniter\View\View->CodeIgniter\View\{closure}()
#2 /home/admaula/cesienet.sie-aulavirtual.com/vendor/codeigniter4/framework/system/Common.php(1271): CodeIgniter\View\View->render('calendario', Array, true)
#3 /home/admaula/cesienet.sie-aulavirtual.com/app/Controllers/Calendario.php(48): view('calendario', Array)
#4 /home/admaula/cesienet.sie-aulavirtual.com/vendor/codeigniter4/framework/system/CodeIgniter.php(928): App\Controllers\Calendario->index()
#5 /home/admaula/cesienet.sie-aulavirtual.com/vendor/codeigniter4/framework/system/CodeIgniter.php(436): CodeIgniter\CodeIgniter->runController(Object(App\Controllers\Calendario))
#6 /home/admaula/cesienet.sie-aulavirtual.com/vendor/codeigniter4/framework/system/CodeIgniter.php(336): CodeIgniter\CodeIgniter->handleRequest(NULL, Object(Config\Cache), false)
#7 /home/admaula/cesienet.sie-aulavirtual.com/public/index.php(37): CodeIgniter\CodeIgniter->run()
#8 {main}
CRITICAL - 2021-10-31 14:52:39 --> Cannot use object of type stdClass as array
#0 /home/admaula/cesienet.sie-aulavirtual.com/vendor/codeigniter4/framework/system/View/View.php(230): include()
#1 /home/admaula/cesienet.sie-aulavirtual.com/vendor/codeigniter4/framework/system/View/View.php(232): CodeIgniter\View\View->CodeIgniter\View\{closure}()
#2 /home/admaula/cesienet.sie-aulavirtual.com/vendor/codeigniter4/framework/system/Common.php(1271): CodeIgniter\View\View->render('calendario', Array, true)
#3 /home/admaula/cesienet.sie-aulavirtual.com/app/Controllers/Calendario.php(48): view('calendario', Array)
#4 /home/admaula/cesienet.sie-aulavirtual.com/vendor/codeigniter4/framework/system/CodeIgniter.php(928): App\Controllers\Calendario->index()
#5 /home/admaula/cesienet.sie-aulavirtual.com/vendor/codeigniter4/framework/system/CodeIgniter.php(436): CodeIgniter\CodeIgniter->runController(Object(App\Controllers\Calendario))
#6 /home/admaula/cesienet.sie-aulavirtual.com/vendor/codeigniter4/framework/system/CodeIgniter.php(336): CodeIgniter\CodeIgniter->handleRequest(NULL, Object(Config\Cache), false)
#7 /home/admaula/cesienet.sie-aulavirtual.com/public/index.php(37): CodeIgniter\CodeIgniter->run()
#8 {main}
CRITICAL - 2021-10-31 14:52:41 --> Cannot use object of type stdClass as array
#0 /home/admaula/cesienet.sie-aulavirtual.com/vendor/codeigniter4/framework/system/View/View.php(230): include()
#1 /home/admaula/cesienet.sie-aulavirtual.com/vendor/codeigniter4/framework/system/View/View.php(232): CodeIgniter\View\View->CodeIgniter\View\{closure}()
#2 /home/admaula/cesienet.sie-aulavirtual.com/vendor/codeigniter4/framework/system/Common.php(1271): CodeIgniter\View\View->render('calendario', Array, true)
#3 /home/admaula/cesienet.sie-aulavirtual.com/app/Controllers/Calendario.php(48): view('calendario', Array)
#4 /home/admaula/cesienet.sie-aulavirtual.com/vendor/codeigniter4/framework/system/CodeIgniter.php(928): App\Controllers\Calendario->index()
#5 /home/admaula/cesienet.sie-aulavirtual.com/vendor/codeigniter4/framework/system/CodeIgniter.php(436): CodeIgniter\CodeIgniter->runController(Object(App\Controllers\Calendario))
#6 /home/admaula/cesienet.sie-aulavirtual.com/vendor/codeigniter4/framework/system/CodeIgniter.php(336): CodeIgniter\CodeIgniter->handleRequest(NULL, Object(Config\Cache), false)
#7 /home/admaula/cesienet.sie-aulavirtual.com/public/index.php(37): CodeIgniter\CodeIgniter->run()
#8 {main}
CRITICAL - 2021-10-31 14:54:47 --> Use of undefined constant cursonom - assumed 'cursonom' (this will throw an Error in a future version of PHP)
#0 /home/admaula/cesienet.sie-aulavirtual.com/app/Views/calendario.php(69): CodeIgniter\Debug\Exceptions->errorHandler(2, 'Use of undefine...', '/home/admaula/c...', 69, Array)
#1 /home/admaula/cesienet.sie-aulavirtual.com/vendor/codeigniter4/framework/system/View/View.php(230): include('/home/admaula/c...')
#2 /home/admaula/cesienet.sie-aulavirtual.com/vendor/codeigniter4/framework/system/View/View.php(232): CodeIgniter\View\View->CodeIgniter\View\{closure}()
#3 /home/admaula/cesienet.sie-aulavirtual.com/vendor/codeigniter4/framework/system/Common.php(1271): CodeIgniter\View\View->render('calendario', Array, true)
#4 /home/admaula/cesienet.sie-aulavirtual.com/app/Controllers/Calendario.php(48): view('calendario', Array)
#5 /home/admaula/cesienet.sie-aulavirtual.com/vendor/codeigniter4/framework/system/CodeIgniter.php(928): App\Controllers\Calendario->index()
#6 /home/admaula/cesienet.sie-aulavirtual.com/vendor/codeigniter4/framework/system/CodeIgniter.php(436): CodeIgniter\CodeIgniter->runController(Object(App\Controllers\Calendario))
#7 /home/admaula/cesienet.sie-aulavirtual.com/vendor/codeigniter4/framework/system/CodeIgniter.php(336): CodeIgniter\CodeIgniter->handleRequest(NULL, Object(Config\Cache), false)
#8 /home/admaula/cesienet.sie-aulavirtual.com/public/index.php(37): CodeIgniter\CodeIgniter->run()
#9 {main}
CRITICAL - 2021-10-31 14:54:49 --> Use of undefined constant cursonom - assumed 'cursonom' (this will throw an Error in a future version of PHP)
#0 /home/admaula/cesienet.sie-aulavirtual.com/app/Views/calendario.php(69): CodeIgniter\Debug\Exceptions->errorHandler(2, 'Use of undefine...', '/home/admaula/c...', 69, Array)
#1 /home/admaula/cesienet.sie-aulavirtual.com/vendor/codeigniter4/framework/system/View/View.php(230): include('/home/admaula/c...')
#2 /home/admaula/cesienet.sie-aulavirtual.com/vendor/codeigniter4/framework/system/View/View.php(232): CodeIgniter\View\View->CodeIgniter\View\{closure}()
#3 /home/admaula/cesienet.sie-aulavirtual.com/vendor/codeigniter4/framework/system/Common.php(1271): CodeIgniter\View\View->render('calendario', Array, true)
#4 /home/admaula/cesienet.sie-aulavirtual.com/app/Controllers/Calendario.php(48): view('calendario', Array)
#5 /home/admaula/cesienet.sie-aulavirtual.com/vendor/codeigniter4/framework/system/CodeIgniter.php(928): App\Controllers\Calendario->index()
#6 /home/admaula/cesienet.sie-aulavirtual.com/vendor/codeigniter4/framework/system/CodeIgniter.php(436): CodeIgniter\CodeIgniter->runController(Object(App\Controllers\Calendario))
#7 /home/admaula/cesienet.sie-aulavirtual.com/vendor/codeigniter4/framework/system/CodeIgniter.php(336): CodeIgniter\CodeIgniter->handleRequest(NULL, Object(Config\Cache), false)
#8 /home/admaula/cesienet.sie-aulavirtual.com/public/index.php(37): CodeIgniter\CodeIgniter->run()
#9 {main}
CRITICAL - 2021-10-31 14:54:50 --> Use of undefined constant cursonom - assumed 'cursonom' (this will throw an Error in a future version of PHP)
#0 /home/admaula/cesienet.sie-aulavirtual.com/app/Views/calendario.php(69): CodeIgniter\Debug\Exceptions->errorHandler(2, 'Use of undefine...', '/home/admaula/c...', 69, Array)
#1 /home/admaula/cesienet.sie-aulavirtual.com/vendor/codeigniter4/framework/system/View/View.php(230): include('/home/admaula/c...')
#2 /home/admaula/cesienet.sie-aulavirtual.com/vendor/codeigniter4/framework/system/View/View.php(232): CodeIgniter\View\View->CodeIgniter\View\{closure}()
#3 /home/admaula/cesienet.sie-aulavirtual.com/vendor/codeigniter4/framework/system/Common.php(1271): CodeIgniter\View\View->render('calendario', Array, true)
#4 /home/admaula/cesienet.sie-aulavirtual.com/app/Controllers/Calendario.php(48): view('calendario', Array)
#5 /home/admaula/cesienet.sie-aulavirtual.com/vendor/codeigniter4/framework/system/CodeIgniter.php(928): App\Controllers\Calendario->index()
#6 /home/admaula/cesienet.sie-aulavirtual.com/vendor/codeigniter4/framework/system/CodeIgniter.php(436): CodeIgniter\CodeIgniter->runController(Object(App\Controllers\Calendario))
#7 /home/admaula/cesienet.sie-aulavirtual.com/vendor/codeigniter4/framework/system/CodeIgniter.php(336): CodeIgniter\CodeIgniter->handleRequest(NULL, Object(Config\Cache), false)
#8 /home/admaula/cesienet.sie-aulavirtual.com/public/index.php(37): CodeIgniter\CodeIgniter->run()
#9 {main}
CRITICAL - 2021-10-31 15:18:50 --> syntax error, unexpected '->' (T_OBJECT_OPERATOR)
#0 /home/admaula/cesienet.sie-aulavirtual.com/vendor/codeigniter4/framework/system/Autoloader/Autoloader.php(273): CodeIgniter\Autoloader\Autoloader->includeFile('/home/admaula/c...')
#1 /home/admaula/cesienet.sie-aulavirtual.com/vendor/codeigniter4/framework/system/Autoloader/Autoloader.php(247): CodeIgniter\Autoloader\Autoloader->loadInNamespace('App\\Models\\Cale...')
#2 [internal function]: CodeIgniter\Autoloader\Autoloader->loadClass('App\\Models\\Cale...')
#3 /home/admaula/cesienet.sie-aulavirtual.com/app/Controllers/Calendario.php(42): spl_autoload_call('App\\Models\\Cale...')
#4 /home/admaula/cesienet.sie-aulavirtual.com/vendor/codeigniter4/framework/system/CodeIgniter.php(928): App\Controllers\Calendario->index()
#5 /home/admaula/cesienet.sie-aulavirtual.com/vendor/codeigniter4/framework/system/CodeIgniter.php(436): CodeIgniter\CodeIgniter->runController(Object(App\Controllers\Calendario))
#6 /home/admaula/cesienet.sie-aulavirtual.com/vendor/codeigniter4/framework/system/CodeIgniter.php(336): CodeIgniter\CodeIgniter->handleRequest(NULL, Object(Config\Cache), false)
#7 /home/admaula/cesienet.sie-aulavirtual.com/public/index.php(37): CodeIgniter\CodeIgniter->run()
#8 {main}
CRITICAL - 2021-10-31 15:20:19 --> syntax error, unexpected '->' (T_OBJECT_OPERATOR)
#0 /home/admaula/cesienet.sie-aulavirtual.com/vendor/codeigniter4/framework/system/Autoloader/Autoloader.php(273): CodeIgniter\Autoloader\Autoloader->includeFile('/home/admaula/c...')
#1 /home/admaula/cesienet.sie-aulavirtual.com/vendor/codeigniter4/framework/system/Autoloader/Autoloader.php(247): CodeIgniter\Autoloader\Autoloader->loadInNamespace('App\\Models\\Cale...')
#2 [internal function]: CodeIgniter\Autoloader\Autoloader->loadClass('App\\Models\\Cale...')
#3 /home/admaula/cesienet.sie-aulavirtual.com/app/Controllers/Calendario.php(42): spl_autoload_call('App\\Models\\Cale...')
#4 /home/admaula/cesienet.sie-aulavirtual.com/vendor/codeigniter4/framework/system/CodeIgniter.php(928): App\Controllers\Calendario->index()
#5 /home/admaula/cesienet.sie-aulavirtual.com/vendor/codeigniter4/framework/system/CodeIgniter.php(436): CodeIgniter\CodeIgniter->runController(Object(App\Controllers\Calendario))
#6 /home/admaula/cesienet.sie-aulavirtual.com/vendor/codeigniter4/framework/system/CodeIgniter.php(336): CodeIgniter\CodeIgniter->handleRequest(NULL, Object(Config\Cache), false)
#7 /home/admaula/cesienet.sie-aulavirtual.com/public/index.php(37): CodeIgniter\CodeIgniter->run()
#8 {main}
CRITICAL - 2021-10-31 15:20:35 --> syntax error, unexpected '->' (T_OBJECT_OPERATOR)
#0 /home/admaula/cesienet.sie-aulavirtual.com/vendor/codeigniter4/framework/system/Autoloader/Autoloader.php(273): CodeIgniter\Autoloader\Autoloader->includeFile('/home/admaula/c...')
#1 /home/admaula/cesienet.sie-aulavirtual.com/vendor/codeigniter4/framework/system/Autoloader/Autoloader.php(247): CodeIgniter\Autoloader\Autoloader->loadInNamespace('App\\Models\\Cale...')
#2 [internal function]: CodeIgniter\Autoloader\Autoloader->loadClass('App\\Models\\Cale...')
#3 /home/admaula/cesienet.sie-aulavirtual.com/app/Controllers/Calendario.php(42): spl_autoload_call('App\\Models\\Cale...')
#4 /home/admaula/cesienet.sie-aulavirtual.com/vendor/codeigniter4/framework/system/CodeIgniter.php(928): App\Controllers\Calendario->index()
#5 /home/admaula/cesienet.sie-aulavirtual.com/vendor/codeigniter4/framework/system/CodeIgniter.php(436): CodeIgniter\CodeIgniter->runController(Object(App\Controllers\Calendario))
#6 /home/admaula/cesienet.sie-aulavirtual.com/vendor/codeigniter4/framework/system/CodeIgniter.php(336): CodeIgniter\CodeIgniter->handleRequest(NULL, Object(Config\Cache), false)
#7 /home/admaula/cesienet.sie-aulavirtual.com/public/index.php(37): CodeIgniter\CodeIgniter->run()
#8 {main}
CRITICAL - 2021-10-31 15:20:40 --> syntax error, unexpected '->' (T_OBJECT_OPERATOR)
#0 /home/admaula/cesienet.sie-aulavirtual.com/vendor/codeigniter4/framework/system/Autoloader/Autoloader.php(273): CodeIgniter\Autoloader\Autoloader->includeFile('/home/admaula/c...')
#1 /home/admaula/cesienet.sie-aulavirtual.com/vendor/codeigniter4/framework/system/Autoloader/Autoloader.php(247): CodeIgniter\Autoloader\Autoloader->loadInNamespace('App\\Models\\Cale...')
#2 [internal function]: CodeIgniter\Autoloader\Autoloader->loadClass('App\\Models\\Cale...')
#3 /home/admaula/cesienet.sie-aulavirtual.com/app/Controllers/Calendario.php(42): spl_autoload_call('App\\Models\\Cale...')
#4 /home/admaula/cesienet.sie-aulavirtual.com/vendor/codeigniter4/framework/system/CodeIgniter.php(928): App\Controllers\Calendario->index()
#5 /home/admaula/cesienet.sie-aulavirtual.com/vendor/codeigniter4/framework/system/CodeIgniter.php(436): CodeIgniter\CodeIgniter->runController(Object(App\Controllers\Calendario))
#6 /home/admaula/cesienet.sie-aulavirtual.com/vendor/codeigniter4/framework/system/CodeIgniter.php(336): CodeIgniter\CodeIgniter->handleRequest(NULL, Object(Config\Cache), false)
#7 /home/admaula/cesienet.sie-aulavirtual.com/public/index.php(37): CodeIgniter\CodeIgniter->run()
#8 {main}
CRITICAL - 2021-10-31 15:20:42 --> syntax error, unexpected '->' (T_OBJECT_OPERATOR)
#0 /home/admaula/cesienet.sie-aulavirtual.com/vendor/codeigniter4/framework/system/Autoloader/Autoloader.php(273): CodeIgniter\Autoloader\Autoloader->includeFile('/home/admaula/c...')
#1 /home/admaula/cesienet.sie-aulavirtual.com/vendor/codeigniter4/framework/system/Autoloader/Autoloader.php(247): CodeIgniter\Autoloader\Autoloader->loadInNamespace('App\\Models\\Cale...')
#2 [internal function]: CodeIgniter\Autoloader\Autoloader->loadClass('App\\Models\\Cale...')
#3 /home/admaula/cesienet.sie-aulavirtual.com/app/Controllers/Calendario.php(42): spl_autoload_call('App\\Models\\Cale...')
#4 /home/admaula/cesienet.sie-aulavirtual.com/vendor/codeigniter4/framework/system/CodeIgniter.php(928): App\Controllers\Calendario->index()
#5 /home/admaula/cesienet.sie-aulavirtual.com/vendor/codeigniter4/framework/system/CodeIgniter.php(436): CodeIgniter\CodeIgniter->runController(Object(App\Controllers\Calendario))
#6 /home/admaula/cesienet.sie-aulavirtual.com/vendor/codeigniter4/framework/system/CodeIgniter.php(336): CodeIgniter\CodeIgniter->handleRequest(NULL, Object(Config\Cache), false)
#7 /home/admaula/cesienet.sie-aulavirtual.com/public/index.php(37): CodeIgniter\CodeIgniter->run()
#8 {main}
CRITICAL - 2021-10-31 15:21:30 --> syntax error, unexpected '->' (T_OBJECT_OPERATOR)
#0 /home/admaula/cesienet.sie-aulavirtual.com/vendor/codeigniter4/framework/system/Autoloader/Autoloader.php(273): CodeIgniter\Autoloader\Autoloader->includeFile('/home/admaula/c...')
#1 /home/admaula/cesienet.sie-aulavirtual.com/vendor/codeigniter4/framework/system/Autoloader/Autoloader.php(247): CodeIgniter\Autoloader\Autoloader->loadInNamespace('App\\Models\\Cale...')
#2 [internal function]: CodeIgniter\Autoloader\Autoloader->loadClass('App\\Models\\Cale...')
#3 /home/admaula/cesienet.sie-aulavirtual.com/app/Controllers/Calendario.php(42): spl_autoload_call('App\\Models\\Cale...')
#4 /home/admaula/cesienet.sie-aulavirtual.com/vendor/codeigniter4/framework/system/CodeIgniter.php(928): App\Controllers\Calendario->index()
#5 /home/admaula/cesienet.sie-aulavirtual.com/vendor/codeigniter4/framework/system/CodeIgniter.php(436): CodeIgniter\CodeIgniter->runController(Object(App\Controllers\Calendario))
#6 /home/admaula/cesienet.sie-aulavirtual.com/vendor/codeigniter4/framework/system/CodeIgniter.php(336): CodeIgniter\CodeIgniter->handleRequest(NULL, Object(Config\Cache), false)
#7 /home/admaula/cesienet.sie-aulavirtual.com/public/index.php(37): CodeIgniter\CodeIgniter->run()
#8 {main}
CRITICAL - 2021-10-31 17:58:26 --> Invalid argument supplied for foreach()
#0 /home/admaula/cesienet.sie-aulavirtual.com/app/Views/curso.php(68): CodeIgniter\Debug\Exceptions->errorHandler(2, 'Invalid argumen...', '/home/admaula/c...', 68, Array)
#1 /home/admaula/cesienet.sie-aulavirtual.com/vendor/codeigniter4/framework/system/View/View.php(230): include('/home/admaula/c...')
#2 /home/admaula/cesienet.sie-aulavirtual.com/vendor/codeigniter4/framework/system/View/View.php(232): CodeIgniter\View\View->CodeIgniter\View\{closure}()
#3 /home/admaula/cesienet.sie-aulavirtual.com/vendor/codeigniter4/framework/system/Common.php(1271): CodeIgniter\View\View->render('curso', Array, true)
#4 /home/admaula/cesienet.sie-aulavirtual.com/app/Controllers/Calendario.php(59): view('curso', Array)
#5 /home/admaula/cesienet.sie-aulavirtual.com/vendor/codeigniter4/framework/system/CodeIgniter.php(928): App\Controllers\Calendario->curso('2021004', '07')
#6 /home/admaula/cesienet.sie-aulavirtual.com/vendor/codeigniter4/framework/system/CodeIgniter.php(436): CodeIgniter\CodeIgniter->runController(Object(App\Controllers\Calendario))
#7 /home/admaula/cesienet.sie-aulavirtual.com/vendor/codeigniter4/framework/system/CodeIgniter.php(336): CodeIgniter\CodeIgniter->handleRequest(NULL, Object(Config\Cache), false)
#8 /home/admaula/cesienet.sie-aulavirtual.com/public/index.php(37): CodeIgniter\CodeIgniter->run()
#9 {main}
CRITICAL - 2021-10-31 17:59:26 --> Invalid argument supplied for foreach()
#0 /home/admaula/cesienet.sie-aulavirtual.com/app/Views/curso.php(68): CodeIgniter\Debug\Exceptions->errorHandler(2, 'Invalid argumen...', '/home/admaula/c...', 68, Array)
#1 /home/admaula/cesienet.sie-aulavirtual.com/vendor/codeigniter4/framework/system/View/View.php(230): include('/home/admaula/c...')
#2 /home/admaula/cesienet.sie-aulavirtual.com/vendor/codeigniter4/framework/system/View/View.php(232): CodeIgniter\View\View->CodeIgniter\View\{closure}()
#3 /home/admaula/cesienet.sie-aulavirtual.com/vendor/codeigniter4/framework/system/Common.php(1271): CodeIgniter\View\View->render('curso', Array, true)
#4 /home/admaula/cesienet.sie-aulavirtual.com/app/Controllers/Calendario.php(59): view('curso', Array)
#5 /home/admaula/cesienet.sie-aulavirtual.com/vendor/codeigniter4/framework/system/CodeIgniter.php(928): App\Controllers\Calendario->curso('2021004', '07')
#6 /home/admaula/cesienet.sie-aulavirtual.com/vendor/codeigniter4/framework/system/CodeIgniter.php(436): CodeIgniter\CodeIgniter->runController(Object(App\Controllers\Calendario))
#7 /home/admaula/cesienet.sie-aulavirtual.com/vendor/codeigniter4/framework/system/CodeIgniter.php(336): CodeIgniter\CodeIgniter->handleRequest(NULL, Object(Config\Cache), false)
#8 /home/admaula/cesienet.sie-aulavirtual.com/public/index.php(37): CodeIgniter\CodeIgniter->run()
#9 {main}
CRITICAL - 2021-10-31 17:59:54 --> Invalid argument supplied for foreach()
#0 /home/admaula/cesienet.sie-aulavirtual.com/app/Views/curso.php(68): CodeIgniter\Debug\Exceptions->errorHandler(2, 'Invalid argumen...', '/home/admaula/c...', 68, Array)
#1 /home/admaula/cesienet.sie-aulavirtual.com/vendor/codeigniter4/framework/system/View/View.php(230): include('/home/admaula/c...')
#2 /home/admaula/cesienet.sie-aulavirtual.com/vendor/codeigniter4/framework/system/View/View.php(232): CodeIgniter\View\View->CodeIgniter\View\{closure}()
#3 /home/admaula/cesienet.sie-aulavirtual.com/vendor/codeigniter4/framework/system/Common.php(1271): CodeIgniter\View\View->render('curso', Array, true)
#4 /home/admaula/cesienet.sie-aulavirtual.com/app/Controllers/Calendario.php(59): view('curso', Array)
#5 /home/admaula/cesienet.sie-aulavirtual.com/vendor/codeigniter4/framework/system/CodeIgniter.php(928): App\Controllers\Calendario->curso('2021004', '07')
#6 /home/admaula/cesienet.sie-aulavirtual.com/vendor/codeigniter4/framework/system/CodeIgniter.php(436): CodeIgniter\CodeIgniter->runController(Object(App\Controllers\Calendario))
#7 /home/admaula/cesienet.sie-aulavirtual.com/vendor/codeigniter4/framework/system/CodeIgniter.php(336): CodeIgniter\CodeIgniter->handleRequest(NULL, Object(Config\Cache), false)
#8 /home/admaula/cesienet.sie-aulavirtual.com/public/index.php(37): CodeIgniter\CodeIgniter->run()
#9 {main}
CRITICAL - 2021-10-31 18:00:26 --> Invalid argument supplied for foreach()
#0 /home/admaula/cesienet.sie-aulavirtual.com/app/Views/curso.php(51): CodeIgniter\Debug\Exceptions->errorHandler(2, 'Invalid argumen...', '/home/admaula/c...', 51, Array)
#1 /home/admaula/cesienet.sie-aulavirtual.com/vendor/codeigniter4/framework/system/View/View.php(230): include('/home/admaula/c...')
#2 /home/admaula/cesienet.sie-aulavirtual.com/vendor/codeigniter4/framework/system/View/View.php(232): CodeIgniter\View\View->CodeIgniter\View\{closure}()
#3 /home/admaula/cesienet.sie-aulavirtual.com/vendor/codeigniter4/framework/system/Common.php(1271): CodeIgniter\View\View->render('curso', Array, true)
#4 /home/admaula/cesienet.sie-aulavirtual.com/app/Controllers/Calendario.php(59): view('curso', Array)
#5 /home/admaula/cesienet.sie-aulavirtual.com/vendor/codeigniter4/framework/system/CodeIgniter.php(928): App\Controllers\Calendario->curso('2021004', '07')
#6 /home/admaula/cesienet.sie-aulavirtual.com/vendor/codeigniter4/framework/system/CodeIgniter.php(436): CodeIgniter\CodeIgniter->runController(Object(App\Controllers\Calendario))
#7 /home/admaula/cesienet.sie-aulavirtual.com/vendor/codeigniter4/framework/system/CodeIgniter.php(336): CodeIgniter\CodeIgniter->handleRequest(NULL, Object(Config\Cache), false)
#8 /home/admaula/cesienet.sie-aulavirtual.com/public/index.php(37): CodeIgniter\CodeIgniter->run()
#9 {main}
CRITICAL - 2021-10-31 18:00:41 --> print_r() expects at least 1 parameter, 0 given
#0 [internal function]: CodeIgniter\Debug\Exceptions->errorHandler(2, 'print_r() expec...', '/home/admaula/c...', 35, Array)
#1 /home/admaula/cesienet.sie-aulavirtual.com/app/Views/curso.php(35): print_r()
#2 /home/admaula/cesienet.sie-aulavirtual.com/vendor/codeigniter4/framework/system/View/View.php(230): include('/home/admaula/c...')
#3 /home/admaula/cesienet.sie-aulavirtual.com/vendor/codeigniter4/framework/system/View/View.php(232): CodeIgniter\View\View->CodeIgniter\View\{closure}()
#4 /home/admaula/cesienet.sie-aulavirtual.com/vendor/codeigniter4/framework/system/Common.php(1271): CodeIgniter\View\View->render('curso', Array, true)
#5 /home/admaula/cesienet.sie-aulavirtual.com/app/Controllers/Calendario.php(59): view('curso', Array)
#6 /home/admaula/cesienet.sie-aulavirtual.com/vendor/codeigniter4/framework/system/CodeIgniter.php(928): App\Controllers\Calendario->curso('2021004', '07')
#7 /home/admaula/cesienet.sie-aulavirtual.com/vendor/codeigniter4/framework/system/CodeIgniter.php(436): CodeIgniter\CodeIgniter->runController(Object(App\Controllers\Calendario))
#8 /home/admaula/cesienet.sie-aulavirtual.com/vendor/codeigniter4/framework/system/CodeIgniter.php(336): CodeIgniter\CodeIgniter->handleRequest(NULL, Object(Config\Cache), false)
#9 /home/admaula/cesienet.sie-aulavirtual.com/public/index.php(37): CodeIgniter\CodeIgniter->run()
#10 {main}
CRITICAL - 2021-10-31 18:00:57 --> Invalid argument supplied for foreach()
#0 /home/admaula/cesienet.sie-aulavirtual.com/app/Views/curso.php(51): CodeIgniter\Debug\Exceptions->errorHandler(2, 'Invalid argumen...', '/home/admaula/c...', 51, Array)
#1 /home/admaula/cesienet.sie-aulavirtual.com/vendor/codeigniter4/framework/system/View/View.php(230): include('/home/admaula/c...')
#2 /home/admaula/cesienet.sie-aulavirtual.com/vendor/codeigniter4/framework/system/View/View.php(232): CodeIgniter\View\View->CodeIgniter\View\{closure}()
#3 /home/admaula/cesienet.sie-aulavirtual.com/vendor/codeigniter4/framework/system/Common.php(1271): CodeIgniter\View\View->render('curso', Array, true)
#4 /home/admaula/cesienet.sie-aulavirtual.com/app/Controllers/Calendario.php(59): view('curso', Array)
#5 /home/admaula/cesienet.sie-aulavirtual.com/vendor/codeigniter4/framework/system/CodeIgniter.php(928): App\Controllers\Calendario->curso('2021004', '07')
#6 /home/admaula/cesienet.sie-aulavirtual.com/vendor/codeigniter4/framework/system/CodeIgniter.php(436): CodeIgniter\CodeIgniter->runController(Object(App\Controllers\Calendario))
#7 /home/admaula/cesienet.sie-aulavirtual.com/vendor/codeigniter4/framework/system/CodeIgniter.php(336): CodeIgniter\CodeIgniter->handleRequest(NULL, Object(Config\Cache), false)
#8 /home/admaula/cesienet.sie-aulavirtual.com/public/index.php(37): CodeIgniter\CodeIgniter->run()
#9 {main}
CRITICAL - 2021-10-31 18:01:44 --> Invalid argument supplied for foreach()
#0 /home/admaula/cesienet.sie-aulavirtual.com/app/Views/curso.php(68): CodeIgniter\Debug\Exceptions->errorHandler(2, 'Invalid argumen...', '/home/admaula/c...', 68, Array)
#1 /home/admaula/cesienet.sie-aulavirtual.com/vendor/codeigniter4/framework/system/View/View.php(230): include('/home/admaula/c...')
#2 /home/admaula/cesienet.sie-aulavirtual.com/vendor/codeigniter4/framework/system/View/View.php(232): CodeIgniter\View\View->CodeIgniter\View\{closure}()
#3 /home/admaula/cesienet.sie-aulavirtual.com/vendor/codeigniter4/framework/system/Common.php(1271): CodeIgniter\View\View->render('curso', Array, true)
#4 /home/admaula/cesienet.sie-aulavirtual.com/app/Controllers/Calendario.php(59): view('curso', Array)
#5 /home/admaula/cesienet.sie-aulavirtual.com/vendor/codeigniter4/framework/system/CodeIgniter.php(928): App\Controllers\Calendario->curso('2021004', '07')
#6 /home/admaula/cesienet.sie-aulavirtual.com/vendor/codeigniter4/framework/system/CodeIgniter.php(436): CodeIgniter\CodeIgniter->runController(Object(App\Controllers\Calendario))
#7 /home/admaula/cesienet.sie-aulavirtual.com/vendor/codeigniter4/framework/system/CodeIgniter.php(336): CodeIgniter\CodeIgniter->handleRequest(NULL, Object(Config\Cache), false)
#8 /home/admaula/cesienet.sie-aulavirtual.com/public/index.php(37): CodeIgniter\CodeIgniter->run()
#9 {main}
CRITICAL - 2021-10-31 18:01:55 --> Too few arguments to function App\Controllers\Calendario::curso(), 0 passed in /home/admaula/cesienet.sie-aulavirtual.com/vendor/codeigniter4/framework/system/CodeIgniter.php on line 928 and exactly 2 expected
#0 /home/admaula/cesienet.sie-aulavirtual.com/vendor/codeigniter4/framework/system/CodeIgniter.php(928): App\Controllers\Calendario->curso()
#1 /home/admaula/cesienet.sie-aulavirtual.com/vendor/codeigniter4/framework/system/CodeIgniter.php(436): CodeIgniter\CodeIgniter->runController(Object(App\Controllers\Calendario))
#2 /home/admaula/cesienet.sie-aulavirtual.com/vendor/codeigniter4/framework/system/CodeIgniter.php(336): CodeIgniter\CodeIgniter->handleRequest(NULL, Object(Config\Cache), false)
#3 /home/admaula/cesienet.sie-aulavirtual.com/public/index.php(37): CodeIgniter\CodeIgniter->run()
#4 {main}
CRITICAL - 2021-10-31 18:02:40 --> Too few arguments to function App\Controllers\Calendario::curso(), 0 passed in /home/admaula/cesienet.sie-aulavirtual.com/vendor/codeigniter4/framework/system/CodeIgniter.php on line 928 and exactly 2 expected
#0 /home/admaula/cesienet.sie-aulavirtual.com/vendor/codeigniter4/framework/system/CodeIgniter.php(928): App\Controllers\Calendario->curso()
#1 /home/admaula/cesienet.sie-aulavirtual.com/vendor/codeigniter4/framework/system/CodeIgniter.php(436): CodeIgniter\CodeIgniter->runController(Object(App\Controllers\Calendario))
#2 /home/admaula/cesienet.sie-aulavirtual.com/vendor/codeigniter4/framework/system/CodeIgniter.php(336): CodeIgniter\CodeIgniter->handleRequest(NULL, Object(Config\Cache), false)
#3 /home/admaula/cesienet.sie-aulavirtual.com/public/index.php(37): CodeIgniter\CodeIgniter->run()
#4 {main}
CRITICAL - 2021-10-31 18:03:52 --> Too few arguments to function App\Controllers\Calendario::curso(), 0 passed in /home/admaula/cesienet.sie-aulavirtual.com/vendor/codeigniter4/framework/system/CodeIgniter.php on line 928 and exactly 2 expected
#0 /home/admaula/cesienet.sie-aulavirtual.com/vendor/codeigniter4/framework/system/CodeIgniter.php(928): App\Controllers\Calendario->curso()
#1 /home/admaula/cesienet.sie-aulavirtual.com/vendor/codeigniter4/framework/system/CodeIgniter.php(436): CodeIgniter\CodeIgniter->runController(Object(App\Controllers\Calendario))
#2 /home/admaula/cesienet.sie-aulavirtual.com/vendor/codeigniter4/framework/system/CodeIgniter.php(336): CodeIgniter\CodeIgniter->handleRequest(NULL, Object(Config\Cache), false)
#3 /home/admaula/cesienet.sie-aulavirtual.com/public/index.php(37): CodeIgniter\CodeIgniter->run()
#4 {main}
ERROR - 2021-10-31 18:56:02 --> Unknown column 'int_curso.nemo' in 'where clause'
CRITICAL - 2021-10-31 18:56:02 --> Call to a member function getResult() on bool
#0 /home/admaula/cesienet.sie-aulavirtual.com/app/Controllers/Calendario.php(59): App\Models\CalendarioModel->getNombreCurso('2021001', '01')
#1 /home/admaula/cesienet.sie-aulavirtual.com/vendor/codeigniter4/framework/system/CodeIgniter.php(928): App\Controllers\Calendario->curso('2021001', '01')
#2 /home/admaula/cesienet.sie-aulavirtual.com/vendor/codeigniter4/framework/system/CodeIgniter.php(436): CodeIgniter\CodeIgniter->runController(Object(App\Controllers\Calendario))
#3 /home/admaula/cesienet.sie-aulavirtual.com/vendor/codeigniter4/framework/system/CodeIgniter.php(336): CodeIgniter\CodeIgniter->handleRequest(NULL, Object(Config\Cache), false)
#4 /home/admaula/cesienet.sie-aulavirtual.com/public/index.php(37): CodeIgniter\CodeIgniter->run()
#5 {main}
