CRITICAL - 2021-11-11 02:58:21 --> Undefined variable: fecha_creacion
#0 D:\workspace\Codeigniter\LMS_CI\app\Controllers\Calendario.php(181): CodeIgniter\Debug\Exceptions->errorHandler(8, 'Undefined varia...', 'D:\\workspace\\Co...', 181, Array)
#1 D:\workspace\Codeigniter\LMS_CI\vendor\codeigniter4\framework\system\CodeIgniter.php(802): App\Controllers\Calendario->edt_evento()
#2 D:\workspace\Codeigniter\LMS_CI\vendor\codeigniter4\framework\system\CodeIgniter.php(399): CodeIgniter\CodeIgniter->runController(Object(App\Controllers\Calendario))
#3 D:\workspace\Codeigniter\LMS_CI\vendor\codeigniter4\framework\system\CodeIgniter.php(317): CodeIgniter\CodeIgniter->handleRequest(NULL, Object(Config\Cache), false)
#4 D:\workspace\Codeigniter\LMS_CI\public\index.php(37): CodeIgniter\CodeIgniter->run()
#5 D:\workspace\Codeigniter\LMS_CI\vendor\codeigniter4\framework\system\Commands\Server\rewrite.php(43): require_once('D:\\workspace\\Co...')
#6 {main}
CRITICAL - 2021-11-11 02:58:26 --> Undefined variable: evento
#0 D:\workspace\Codeigniter\LMS_CI\app\Controllers\Calendario.php(147): CodeIgniter\Debug\Exceptions->errorHandler(8, 'Undefined varia...', 'D:\\workspace\\Co...', 147, Array)
#1 D:\workspace\Codeigniter\LMS_CI\vendor\codeigniter4\framework\system\CodeIgniter.php(802): App\Controllers\Calendario->new_evento()
#2 D:\workspace\Codeigniter\LMS_CI\vendor\codeigniter4\framework\system\CodeIgniter.php(399): CodeIgniter\CodeIgniter->runController(Object(App\Controllers\Calendario))
#3 D:\workspace\Codeigniter\LMS_CI\vendor\codeigniter4\framework\system\CodeIgniter.php(317): CodeIgniter\CodeIgniter->handleRequest(NULL, Object(Config\Cache), false)
#4 D:\workspace\Codeigniter\LMS_CI\public\index.php(37): CodeIgniter\CodeIgniter->run()
#5 D:\workspace\Codeigniter\LMS_CI\vendor\codeigniter4\framework\system\Commands\Server\rewrite.php(43): require_once('D:\\workspace\\Co...')
#6 {main}
CRITICAL - 2021-11-11 16:10:06 --> syntax error, unexpected '$this' (T_VARIABLE)
#0 D:\workspace\Codeigniter\LMS_CI\vendor\codeigniter4\framework\system\Autoloader\Autoloader.php(241): CodeIgniter\Autoloader\Autoloader->includeFile('D:\\workspace\\Co...')
#1 D:\workspace\Codeigniter\LMS_CI\vendor\codeigniter4\framework\system\Autoloader\Autoloader.php(219): CodeIgniter\Autoloader\Autoloader->loadInNamespace('App\\Models\\Exam...')
#2 [internal function]: CodeIgniter\Autoloader\Autoloader->loadClass('App\\Models\\Exam...')
#3 D:\workspace\Codeigniter\LMS_CI\app\Controllers\Exam.php(76): spl_autoload_call('App\\Models\\Exam...')
#4 D:\workspace\Codeigniter\LMS_CI\vendor\codeigniter4\framework\system\CodeIgniter.php(802): App\Controllers\Exam->examDetail('2021001', '01')
#5 D:\workspace\Codeigniter\LMS_CI\vendor\codeigniter4\framework\system\CodeIgniter.php(399): CodeIgniter\CodeIgniter->runController(Object(App\Controllers\Exam))
#6 D:\workspace\Codeigniter\LMS_CI\vendor\codeigniter4\framework\system\CodeIgniter.php(317): CodeIgniter\CodeIgniter->handleRequest(NULL, Object(Config\Cache), false)
#7 D:\workspace\Codeigniter\LMS_CI\public\index.php(37): CodeIgniter\CodeIgniter->run()
#8 D:\workspace\Codeigniter\LMS_CI\vendor\codeigniter4\framework\system\Commands\Server\rewrite.php(43): require_once('D:\\workspace\\Co...')
#9 {main}
CRITICAL - 2021-11-11 16:15:18 --> Undefined index: falg
#0 D:\workspace\Codeigniter\LMS_CI\app\Models\ExamModel.php(198): CodeIgniter\Debug\Exceptions->errorHandler(8, 'Undefined index...', 'D:\\workspace\\Co...', 198, Array)
#1 D:\workspace\Codeigniter\LMS_CI\app\Controllers\Exam.php(184): App\Models\ExamModel->toggleShow(Array)
#2 D:\workspace\Codeigniter\LMS_CI\vendor\codeigniter4\framework\system\CodeIgniter.php(802): App\Controllers\Exam->toggleShow()
#3 D:\workspace\Codeigniter\LMS_CI\vendor\codeigniter4\framework\system\CodeIgniter.php(399): CodeIgniter\CodeIgniter->runController(Object(App\Controllers\Exam))
#4 D:\workspace\Codeigniter\LMS_CI\vendor\codeigniter4\framework\system\CodeIgniter.php(317): CodeIgniter\CodeIgniter->handleRequest(NULL, Object(Config\Cache), false)
#5 D:\workspace\Codeigniter\LMS_CI\public\index.php(37): CodeIgniter\CodeIgniter->run()
#6 D:\workspace\Codeigniter\LMS_CI\vendor\codeigniter4\framework\system\Commands\Server\rewrite.php(43): require_once('D:\\workspace\\Co...')
#7 {main}
ERROR - 2021-11-11 16:36:30 --> Unknown column 'toggle' in 'field list'
CRITICAL - 2021-11-11 16:36:30 --> Unknown column 'toggle' in 'field list'
#0 D:\workspace\Codeigniter\LMS_CI\vendor\codeigniter4\framework\system\Database\MySQLi\Connection.php(280): mysqli->query('UPDATE `exam_qu...')
#1 D:\workspace\Codeigniter\LMS_CI\vendor\codeigniter4\framework\system\Database\BaseConnection.php(663): CodeIgniter\Database\MySQLi\Connection->execute('UPDATE `exam_qu...')
#2 D:\workspace\Codeigniter\LMS_CI\vendor\codeigniter4\framework\system\Database\BaseConnection.php(591): CodeIgniter\Database\BaseConnection->simpleQuery('UPDATE `exam_qu...')
#3 D:\workspace\Codeigniter\LMS_CI\vendor\codeigniter4\framework\system\Database\BaseBuilder.php(1875): CodeIgniter\Database\BaseConnection->query('UPDATE `exam_qu...', Array, false)
#4 D:\workspace\Codeigniter\LMS_CI\app\Models\ExamModel.php(202): CodeIgniter\Database\BaseBuilder->update(Array)
#5 D:\workspace\Codeigniter\LMS_CI\app\Controllers\Exam.php(184): App\Models\ExamModel->toggleShow(Array)
#6 D:\workspace\Codeigniter\LMS_CI\vendor\codeigniter4\framework\system\CodeIgniter.php(802): App\Controllers\Exam->toggleShow()
#7 D:\workspace\Codeigniter\LMS_CI\vendor\codeigniter4\framework\system\CodeIgniter.php(399): CodeIgniter\CodeIgniter->runController(Object(App\Controllers\Exam))
#8 D:\workspace\Codeigniter\LMS_CI\vendor\codeigniter4\framework\system\CodeIgniter.php(317): CodeIgniter\CodeIgniter->handleRequest(NULL, Object(Config\Cache), false)
#9 D:\workspace\Codeigniter\LMS_CI\public\index.php(37): CodeIgniter\CodeIgniter->run()
#10 D:\workspace\Codeigniter\LMS_CI\vendor\codeigniter4\framework\system\Commands\Server\rewrite.php(43): require_once('D:\\workspace\\Co...')
#11 {main}
CRITICAL - 2021-11-11 16:44:54 --> Array to string conversion
#0 D:\workspace\Codeigniter\LMS_CI\app\Models\ExamModel.php(71): CodeIgniter\Debug\Exceptions->errorHandler(8, 'Array to string...', 'D:\\workspace\\Co...', 71, Array)
#1 D:\workspace\Codeigniter\LMS_CI\app\Controllers\Exam.php(62): App\Models\ExamModel->getExamList('2021001', '1')
#2 D:\workspace\Codeigniter\LMS_CI\vendor\codeigniter4\framework\system\CodeIgniter.php(802): App\Controllers\Exam->getExamList()
#3 D:\workspace\Codeigniter\LMS_CI\vendor\codeigniter4\framework\system\CodeIgniter.php(399): CodeIgniter\CodeIgniter->runController(Object(App\Controllers\Exam))
#4 D:\workspace\Codeigniter\LMS_CI\vendor\codeigniter4\framework\system\CodeIgniter.php(317): CodeIgniter\CodeIgniter->handleRequest(NULL, Object(Config\Cache), false)
#5 D:\workspace\Codeigniter\LMS_CI\public\index.php(37): CodeIgniter\CodeIgniter->run()
#6 D:\workspace\Codeigniter\LMS_CI\vendor\codeigniter4\framework\system\Commands\Server\rewrite.php(43): require_once('D:\\workspace\\Co...')
#7 {main}
CRITICAL - 2021-11-11 16:51:21 --> Undefined variable: toggle
#0 D:\workspace\Codeigniter\LMS_CI\app\Views\exam\exam_detail.php(136): CodeIgniter\Debug\Exceptions->errorHandler(8, 'Undefined varia...', 'D:\\workspace\\Co...', 136, Array)
#1 D:\workspace\Codeigniter\LMS_CI\vendor\codeigniter4\framework\system\View\View.php(214): include('D:\\workspace\\Co...')
#2 D:\workspace\Codeigniter\LMS_CI\vendor\codeigniter4\framework\system\View\View.php(217): CodeIgniter\View\View->CodeIgniter\View\{closure}()
#3 D:\workspace\Codeigniter\LMS_CI\vendor\codeigniter4\framework\system\Common.php(1092): CodeIgniter\View\View->render('exam/exam_detai...', Array, true)
#4 D:\workspace\Codeigniter\LMS_CI\app\Controllers\Exam.php(82): view('exam/exam_detai...', Array)
#5 D:\workspace\Codeigniter\LMS_CI\vendor\codeigniter4\framework\system\CodeIgniter.php(802): App\Controllers\Exam->examDetail('2021001', '01')
#6 D:\workspace\Codeigniter\LMS_CI\vendor\codeigniter4\framework\system\CodeIgniter.php(399): CodeIgniter\CodeIgniter->runController(Object(App\Controllers\Exam))
#7 D:\workspace\Codeigniter\LMS_CI\vendor\codeigniter4\framework\system\CodeIgniter.php(317): CodeIgniter\CodeIgniter->handleRequest(NULL, Object(Config\Cache), false)
#8 D:\workspace\Codeigniter\LMS_CI\public\index.php(37): CodeIgniter\CodeIgniter->run()
#9 D:\workspace\Codeigniter\LMS_CI\vendor\codeigniter4\framework\system\Commands\Server\rewrite.php(43): require_once('D:\\workspace\\Co...')
#10 {main}
CRITICAL - 2021-11-11 16:53:17 --> Undefined variable: toggle
#0 D:\workspace\Codeigniter\LMS_CI\app\Views\exam\exam_detail.php(136): CodeIgniter\Debug\Exceptions->errorHandler(8, 'Undefined varia...', 'D:\\workspace\\Co...', 136, Array)
#1 D:\workspace\Codeigniter\LMS_CI\vendor\codeigniter4\framework\system\View\View.php(214): include('D:\\workspace\\Co...')
#2 D:\workspace\Codeigniter\LMS_CI\vendor\codeigniter4\framework\system\View\View.php(217): CodeIgniter\View\View->CodeIgniter\View\{closure}()
#3 D:\workspace\Codeigniter\LMS_CI\vendor\codeigniter4\framework\system\Common.php(1092): CodeIgniter\View\View->render('exam/exam_detai...', Array, true)
#4 D:\workspace\Codeigniter\LMS_CI\app\Controllers\Exam.php(82): view('exam/exam_detai...', Array)
#5 D:\workspace\Codeigniter\LMS_CI\vendor\codeigniter4\framework\system\CodeIgniter.php(802): App\Controllers\Exam->examDetail('2021001', '01')
#6 D:\workspace\Codeigniter\LMS_CI\vendor\codeigniter4\framework\system\CodeIgniter.php(399): CodeIgniter\CodeIgniter->runController(Object(App\Controllers\Exam))
#7 D:\workspace\Codeigniter\LMS_CI\vendor\codeigniter4\framework\system\CodeIgniter.php(317): CodeIgniter\CodeIgniter->handleRequest(NULL, Object(Config\Cache), false)
#8 D:\workspace\Codeigniter\LMS_CI\public\index.php(37): CodeIgniter\CodeIgniter->run()
#9 D:\workspace\Codeigniter\LMS_CI\vendor\codeigniter4\framework\system\Commands\Server\rewrite.php(43): require_once('D:\\workspace\\Co...')
#10 {main}
<<<<<<< HEAD
ERROR - 2021-11-11 22:14:03 --> Error connecting to the database: No connection could be made because the target machine actively refused it.

CRITICAL - 2021-11-11 22:14:03 --> Unable to connect to the database.
Main connection [mysqli]: No connection could be made because the target machine actively refused it.

#0 E:\Workspace\Codeigniter\LMS_CI_4\LMS\vendor\codeigniter4\framework\system\Database\BaseConnection.php(570): CodeIgniter\Database\BaseConnection->initialize()
#1 E:\Workspace\Codeigniter\LMS_CI_4\LMS\app\Models\UserModel.php(72): CodeIgniter\Database\BaseConnection->query('select p.p_codi...')
#2 E:\Workspace\Codeigniter\LMS_CI_4\LMS\app\Controllers\Exam.php(24): App\Models\UserModel->getInfo(Array)
#3 E:\Workspace\Codeigniter\LMS_CI_4\LMS\app\Controllers\Exam.php(17): App\Controllers\Exam->connected()
#4 E:\Workspace\Codeigniter\LMS_CI_4\LMS\vendor\codeigniter4\framework\system\CodeIgniter.php(779): App\Controllers\Exam->__construct()
#5 E:\Workspace\Codeigniter\LMS_CI_4\LMS\vendor\codeigniter4\framework\system\CodeIgniter.php(390): CodeIgniter\CodeIgniter->createController()
#6 E:\Workspace\Codeigniter\LMS_CI_4\LMS\vendor\codeigniter4\framework\system\CodeIgniter.php(317): CodeIgniter\CodeIgniter->handleRequest(NULL, Object(Config\Cache), false)
#7 E:\Workspace\Codeigniter\LMS_CI_4\LMS\public\index.php(37): CodeIgniter\CodeIgniter->run()
#8 E:\Workspace\Codeigniter\LMS_CI_4\LMS\vendor\codeigniter4\framework\system\Commands\Server\rewrite.php(43): require_once('E:\\Workspace\\Co...')
#9 {main}
CRITICAL - 2021-11-11 22:14:14 --> Trying to get property 'profile' of non-object
#0 E:\Workspace\Codeigniter\LMS_CI_4\LMS\app\Controllers\Exam.php(70): CodeIgniter\Debug\Exceptions->errorHandler(8, 'Trying to get p...', 'E:\\Workspace\\Co...', 70, Array)
#1 E:\Workspace\Codeigniter\LMS_CI_4\LMS\vendor\codeigniter4\framework\system\CodeIgniter.php(802): App\Controllers\Exam->examDetail('2021001', '01')
#2 E:\Workspace\Codeigniter\LMS_CI_4\LMS\vendor\codeigniter4\framework\system\CodeIgniter.php(399): CodeIgniter\CodeIgniter->runController(Object(App\Controllers\Exam))
#3 E:\Workspace\Codeigniter\LMS_CI_4\LMS\vendor\codeigniter4\framework\system\CodeIgniter.php(317): CodeIgniter\CodeIgniter->handleRequest(NULL, Object(Config\Cache), false)
#4 E:\Workspace\Codeigniter\LMS_CI_4\LMS\public\index.php(37): CodeIgniter\CodeIgniter->run()
#5 E:\Workspace\Codeigniter\LMS_CI_4\LMS\vendor\codeigniter4\framework\system\Commands\Server\rewrite.php(43): require_once('E:\\Workspace\\Co...')
#6 {main}
CRITICAL - 2021-11-11 22:14:15 --> Trying to get property 'profile' of non-object
#0 E:\Workspace\Codeigniter\LMS_CI_4\LMS\app\Controllers\Exam.php(70): CodeIgniter\Debug\Exceptions->errorHandler(8, 'Trying to get p...', 'E:\\Workspace\\Co...', 70, Array)
#1 E:\Workspace\Codeigniter\LMS_CI_4\LMS\vendor\codeigniter4\framework\system\CodeIgniter.php(802): App\Controllers\Exam->examDetail('2021001', '01')
#2 E:\Workspace\Codeigniter\LMS_CI_4\LMS\vendor\codeigniter4\framework\system\CodeIgniter.php(399): CodeIgniter\CodeIgniter->runController(Object(App\Controllers\Exam))
#3 E:\Workspace\Codeigniter\LMS_CI_4\LMS\vendor\codeigniter4\framework\system\CodeIgniter.php(317): CodeIgniter\CodeIgniter->handleRequest(NULL, Object(Config\Cache), false)
#4 E:\Workspace\Codeigniter\LMS_CI_4\LMS\public\index.php(37): CodeIgniter\CodeIgniter->run()
#5 E:\Workspace\Codeigniter\LMS_CI_4\LMS\vendor\codeigniter4\framework\system\Commands\Server\rewrite.php(43): require_once('E:\\Workspace\\Co...')
#6 {main}
CRITICAL - 2021-11-11 22:14:16 --> Trying to get property 'profile' of non-object
#0 E:\Workspace\Codeigniter\LMS_CI_4\LMS\app\Controllers\Exam.php(70): CodeIgniter\Debug\Exceptions->errorHandler(8, 'Trying to get p...', 'E:\\Workspace\\Co...', 70, Array)
#1 E:\Workspace\Codeigniter\LMS_CI_4\LMS\vendor\codeigniter4\framework\system\CodeIgniter.php(802): App\Controllers\Exam->examDetail('2021001', '01')
#2 E:\Workspace\Codeigniter\LMS_CI_4\LMS\vendor\codeigniter4\framework\system\CodeIgniter.php(399): CodeIgniter\CodeIgniter->runController(Object(App\Controllers\Exam))
#3 E:\Workspace\Codeigniter\LMS_CI_4\LMS\vendor\codeigniter4\framework\system\CodeIgniter.php(317): CodeIgniter\CodeIgniter->handleRequest(NULL, Object(Config\Cache), false)
#4 E:\Workspace\Codeigniter\LMS_CI_4\LMS\public\index.php(37): CodeIgniter\CodeIgniter->run()
#5 E:\Workspace\Codeigniter\LMS_CI_4\LMS\vendor\codeigniter4\framework\system\Commands\Server\rewrite.php(43): require_once('E:\\Workspace\\Co...')
#6 {main}
CRITICAL - 2021-11-11 22:14:17 --> Trying to get property 'profile' of non-object
#0 E:\Workspace\Codeigniter\LMS_CI_4\LMS\app\Controllers\Exam.php(70): CodeIgniter\Debug\Exceptions->errorHandler(8, 'Trying to get p...', 'E:\\Workspace\\Co...', 70, Array)
#1 E:\Workspace\Codeigniter\LMS_CI_4\LMS\vendor\codeigniter4\framework\system\CodeIgniter.php(802): App\Controllers\Exam->examDetail('2021001', '01')
#2 E:\Workspace\Codeigniter\LMS_CI_4\LMS\vendor\codeigniter4\framework\system\CodeIgniter.php(399): CodeIgniter\CodeIgniter->runController(Object(App\Controllers\Exam))
#3 E:\Workspace\Codeigniter\LMS_CI_4\LMS\vendor\codeigniter4\framework\system\CodeIgniter.php(317): CodeIgniter\CodeIgniter->handleRequest(NULL, Object(Config\Cache), false)
#4 E:\Workspace\Codeigniter\LMS_CI_4\LMS\public\index.php(37): CodeIgniter\CodeIgniter->run()
#5 E:\Workspace\Codeigniter\LMS_CI_4\LMS\vendor\codeigniter4\framework\system\Commands\Server\rewrite.php(43): require_once('E:\\Workspace\\Co...')
#6 {main}
CRITICAL - 2021-11-11 22:14:17 --> Trying to get property 'profile' of non-object
#0 E:\Workspace\Codeigniter\LMS_CI_4\LMS\app\Controllers\Exam.php(70): CodeIgniter\Debug\Exceptions->errorHandler(8, 'Trying to get p...', 'E:\\Workspace\\Co...', 70, Array)
#1 E:\Workspace\Codeigniter\LMS_CI_4\LMS\vendor\codeigniter4\framework\system\CodeIgniter.php(802): App\Controllers\Exam->examDetail('2021001', '01')
#2 E:\Workspace\Codeigniter\LMS_CI_4\LMS\vendor\codeigniter4\framework\system\CodeIgniter.php(399): CodeIgniter\CodeIgniter->runController(Object(App\Controllers\Exam))
#3 E:\Workspace\Codeigniter\LMS_CI_4\LMS\vendor\codeigniter4\framework\system\CodeIgniter.php(317): CodeIgniter\CodeIgniter->handleRequest(NULL, Object(Config\Cache), false)
#4 E:\Workspace\Codeigniter\LMS_CI_4\LMS\public\index.php(37): CodeIgniter\CodeIgniter->run()
#5 E:\Workspace\Codeigniter\LMS_CI_4\LMS\vendor\codeigniter4\framework\system\Commands\Server\rewrite.php(43): require_once('E:\\Workspace\\Co...')
#6 {main}
CRITICAL - 2021-11-11 22:14:18 --> Trying to get property 'profile' of non-object
#0 E:\Workspace\Codeigniter\LMS_CI_4\LMS\app\Controllers\Exam.php(70): CodeIgniter\Debug\Exceptions->errorHandler(8, 'Trying to get p...', 'E:\\Workspace\\Co...', 70, Array)
#1 E:\Workspace\Codeigniter\LMS_CI_4\LMS\vendor\codeigniter4\framework\system\CodeIgniter.php(802): App\Controllers\Exam->examDetail('2021001', '01')
#2 E:\Workspace\Codeigniter\LMS_CI_4\LMS\vendor\codeigniter4\framework\system\CodeIgniter.php(399): CodeIgniter\CodeIgniter->runController(Object(App\Controllers\Exam))
#3 E:\Workspace\Codeigniter\LMS_CI_4\LMS\vendor\codeigniter4\framework\system\CodeIgniter.php(317): CodeIgniter\CodeIgniter->handleRequest(NULL, Object(Config\Cache), false)
#4 E:\Workspace\Codeigniter\LMS_CI_4\LMS\public\index.php(37): CodeIgniter\CodeIgniter->run()
#5 E:\Workspace\Codeigniter\LMS_CI_4\LMS\vendor\codeigniter4\framework\system\Commands\Server\rewrite.php(43): require_once('E:\\Workspace\\Co...')
#6 {main}
CRITICAL - 2021-11-11 22:14:20 --> Trying to get property 'profile' of non-object
#0 E:\Workspace\Codeigniter\LMS_CI_4\LMS\app\Controllers\Exam.php(70): CodeIgniter\Debug\Exceptions->errorHandler(8, 'Trying to get p...', 'E:\\Workspace\\Co...', 70, Array)
#1 E:\Workspace\Codeigniter\LMS_CI_4\LMS\vendor\codeigniter4\framework\system\CodeIgniter.php(802): App\Controllers\Exam->examDetail('2021001', '01')
#2 E:\Workspace\Codeigniter\LMS_CI_4\LMS\vendor\codeigniter4\framework\system\CodeIgniter.php(399): CodeIgniter\CodeIgniter->runController(Object(App\Controllers\Exam))
#3 E:\Workspace\Codeigniter\LMS_CI_4\LMS\vendor\codeigniter4\framework\system\CodeIgniter.php(317): CodeIgniter\CodeIgniter->handleRequest(NULL, Object(Config\Cache), false)
#4 E:\Workspace\Codeigniter\LMS_CI_4\LMS\public\index.php(37): CodeIgniter\CodeIgniter->run()
#5 E:\Workspace\Codeigniter\LMS_CI_4\LMS\vendor\codeigniter4\framework\system\Commands\Server\rewrite.php(43): require_once('E:\\Workspace\\Co...')
#6 {main}
CRITICAL - 2021-11-11 22:14:20 --> Trying to get property 'profile' of non-object
#0 E:\Workspace\Codeigniter\LMS_CI_4\LMS\app\Controllers\Exam.php(70): CodeIgniter\Debug\Exceptions->errorHandler(8, 'Trying to get p...', 'E:\\Workspace\\Co...', 70, Array)
#1 E:\Workspace\Codeigniter\LMS_CI_4\LMS\vendor\codeigniter4\framework\system\CodeIgniter.php(802): App\Controllers\Exam->examDetail('2021001', '01')
#2 E:\Workspace\Codeigniter\LMS_CI_4\LMS\vendor\codeigniter4\framework\system\CodeIgniter.php(399): CodeIgniter\CodeIgniter->runController(Object(App\Controllers\Exam))
#3 E:\Workspace\Codeigniter\LMS_CI_4\LMS\vendor\codeigniter4\framework\system\CodeIgniter.php(317): CodeIgniter\CodeIgniter->handleRequest(NULL, Object(Config\Cache), false)
#4 E:\Workspace\Codeigniter\LMS_CI_4\LMS\public\index.php(37): CodeIgniter\CodeIgniter->run()
#5 E:\Workspace\Codeigniter\LMS_CI_4\LMS\vendor\codeigniter4\framework\system\Commands\Server\rewrite.php(43): require_once('E:\\Workspace\\Co...')
#6 {main}
CRITICAL - 2021-11-11 22:14:21 --> Trying to get property 'profile' of non-object
#0 E:\Workspace\Codeigniter\LMS_CI_4\LMS\app\Controllers\Exam.php(70): CodeIgniter\Debug\Exceptions->errorHandler(8, 'Trying to get p...', 'E:\\Workspace\\Co...', 70, Array)
#1 E:\Workspace\Codeigniter\LMS_CI_4\LMS\vendor\codeigniter4\framework\system\CodeIgniter.php(802): App\Controllers\Exam->examDetail('2021001', '01')
#2 E:\Workspace\Codeigniter\LMS_CI_4\LMS\vendor\codeigniter4\framework\system\CodeIgniter.php(399): CodeIgniter\CodeIgniter->runController(Object(App\Controllers\Exam))
#3 E:\Workspace\Codeigniter\LMS_CI_4\LMS\vendor\codeigniter4\framework\system\CodeIgniter.php(317): CodeIgniter\CodeIgniter->handleRequest(NULL, Object(Config\Cache), false)
#4 E:\Workspace\Codeigniter\LMS_CI_4\LMS\public\index.php(37): CodeIgniter\CodeIgniter->run()
#5 E:\Workspace\Codeigniter\LMS_CI_4\LMS\vendor\codeigniter4\framework\system\Commands\Server\rewrite.php(43): require_once('E:\\Workspace\\Co...')
#6 {main}
CRITICAL - 2021-11-11 22:14:22 --> Trying to get property 'profile' of non-object
#0 E:\Workspace\Codeigniter\LMS_CI_4\LMS\app\Controllers\Exam.php(70): CodeIgniter\Debug\Exceptions->errorHandler(8, 'Trying to get p...', 'E:\\Workspace\\Co...', 70, Array)
#1 E:\Workspace\Codeigniter\LMS_CI_4\LMS\vendor\codeigniter4\framework\system\CodeIgniter.php(802): App\Controllers\Exam->examDetail('2021001', '01')
#2 E:\Workspace\Codeigniter\LMS_CI_4\LMS\vendor\codeigniter4\framework\system\CodeIgniter.php(399): CodeIgniter\CodeIgniter->runController(Object(App\Controllers\Exam))
#3 E:\Workspace\Codeigniter\LMS_CI_4\LMS\vendor\codeigniter4\framework\system\CodeIgniter.php(317): CodeIgniter\CodeIgniter->handleRequest(NULL, Object(Config\Cache), false)
#4 E:\Workspace\Codeigniter\LMS_CI_4\LMS\public\index.php(37): CodeIgniter\CodeIgniter->run()
#5 E:\Workspace\Codeigniter\LMS_CI_4\LMS\vendor\codeigniter4\framework\system\Commands\Server\rewrite.php(43): require_once('E:\\Workspace\\Co...')
#6 {main}
CRITICAL - 2021-11-11 22:14:22 --> Trying to get property 'profile' of non-object
#0 E:\Workspace\Codeigniter\LMS_CI_4\LMS\app\Controllers\Exam.php(70): CodeIgniter\Debug\Exceptions->errorHandler(8, 'Trying to get p...', 'E:\\Workspace\\Co...', 70, Array)
#1 E:\Workspace\Codeigniter\LMS_CI_4\LMS\vendor\codeigniter4\framework\system\CodeIgniter.php(802): App\Controllers\Exam->examDetail('2021001', '01')
#2 E:\Workspace\Codeigniter\LMS_CI_4\LMS\vendor\codeigniter4\framework\system\CodeIgniter.php(399): CodeIgniter\CodeIgniter->runController(Object(App\Controllers\Exam))
#3 E:\Workspace\Codeigniter\LMS_CI_4\LMS\vendor\codeigniter4\framework\system\CodeIgniter.php(317): CodeIgniter\CodeIgniter->handleRequest(NULL, Object(Config\Cache), false)
#4 E:\Workspace\Codeigniter\LMS_CI_4\LMS\public\index.php(37): CodeIgniter\CodeIgniter->run()
#5 E:\Workspace\Codeigniter\LMS_CI_4\LMS\vendor\codeigniter4\framework\system\Commands\Server\rewrite.php(43): require_once('E:\\Workspace\\Co...')
#6 {main}
CRITICAL - 2021-11-11 22:14:23 --> Trying to get property 'profile' of non-object
#0 E:\Workspace\Codeigniter\LMS_CI_4\LMS\app\Controllers\Exam.php(70): CodeIgniter\Debug\Exceptions->errorHandler(8, 'Trying to get p...', 'E:\\Workspace\\Co...', 70, Array)
#1 E:\Workspace\Codeigniter\LMS_CI_4\LMS\vendor\codeigniter4\framework\system\CodeIgniter.php(802): App\Controllers\Exam->examDetail('2021001', '01')
#2 E:\Workspace\Codeigniter\LMS_CI_4\LMS\vendor\codeigniter4\framework\system\CodeIgniter.php(399): CodeIgniter\CodeIgniter->runController(Object(App\Controllers\Exam))
#3 E:\Workspace\Codeigniter\LMS_CI_4\LMS\vendor\codeigniter4\framework\system\CodeIgniter.php(317): CodeIgniter\CodeIgniter->handleRequest(NULL, Object(Config\Cache), false)
#4 E:\Workspace\Codeigniter\LMS_CI_4\LMS\public\index.php(37): CodeIgniter\CodeIgniter->run()
#5 E:\Workspace\Codeigniter\LMS_CI_4\LMS\vendor\codeigniter4\framework\system\Commands\Server\rewrite.php(43): require_once('E:\\Workspace\\Co...')
#6 {main}
CRITICAL - 2021-11-11 22:14:23 --> Trying to get property 'profile' of non-object
#0 E:\Workspace\Codeigniter\LMS_CI_4\LMS\app\Controllers\Exam.php(70): CodeIgniter\Debug\Exceptions->errorHandler(8, 'Trying to get p...', 'E:\\Workspace\\Co...', 70, Array)
#1 E:\Workspace\Codeigniter\LMS_CI_4\LMS\vendor\codeigniter4\framework\system\CodeIgniter.php(802): App\Controllers\Exam->examDetail('2021001', '01')
#2 E:\Workspace\Codeigniter\LMS_CI_4\LMS\vendor\codeigniter4\framework\system\CodeIgniter.php(399): CodeIgniter\CodeIgniter->runController(Object(App\Controllers\Exam))
#3 E:\Workspace\Codeigniter\LMS_CI_4\LMS\vendor\codeigniter4\framework\system\CodeIgniter.php(317): CodeIgniter\CodeIgniter->handleRequest(NULL, Object(Config\Cache), false)
#4 E:\Workspace\Codeigniter\LMS_CI_4\LMS\public\index.php(37): CodeIgniter\CodeIgniter->run()
#5 E:\Workspace\Codeigniter\LMS_CI_4\LMS\vendor\codeigniter4\framework\system\Commands\Server\rewrite.php(43): require_once('E:\\Workspace\\Co...')
#6 {main}
CRITICAL - 2021-11-11 22:14:24 --> Trying to get property 'profile' of non-object
#0 E:\Workspace\Codeigniter\LMS_CI_4\LMS\app\Controllers\Exam.php(70): CodeIgniter\Debug\Exceptions->errorHandler(8, 'Trying to get p...', 'E:\\Workspace\\Co...', 70, Array)
#1 E:\Workspace\Codeigniter\LMS_CI_4\LMS\vendor\codeigniter4\framework\system\CodeIgniter.php(802): App\Controllers\Exam->examDetail('2021001', '01')
#2 E:\Workspace\Codeigniter\LMS_CI_4\LMS\vendor\codeigniter4\framework\system\CodeIgniter.php(399): CodeIgniter\CodeIgniter->runController(Object(App\Controllers\Exam))
#3 E:\Workspace\Codeigniter\LMS_CI_4\LMS\vendor\codeigniter4\framework\system\CodeIgniter.php(317): CodeIgniter\CodeIgniter->handleRequest(NULL, Object(Config\Cache), false)
#4 E:\Workspace\Codeigniter\LMS_CI_4\LMS\public\index.php(37): CodeIgniter\CodeIgniter->run()
#5 E:\Workspace\Codeigniter\LMS_CI_4\LMS\vendor\codeigniter4\framework\system\Commands\Server\rewrite.php(43): require_once('E:\\Workspace\\Co...')
#6 {main}
CRITICAL - 2021-11-11 22:14:24 --> Trying to get property 'profile' of non-object
#0 E:\Workspace\Codeigniter\LMS_CI_4\LMS\app\Controllers\Exam.php(70): CodeIgniter\Debug\Exceptions->errorHandler(8, 'Trying to get p...', 'E:\\Workspace\\Co...', 70, Array)
#1 E:\Workspace\Codeigniter\LMS_CI_4\LMS\vendor\codeigniter4\framework\system\CodeIgniter.php(802): App\Controllers\Exam->examDetail('2021001', '01')
#2 E:\Workspace\Codeigniter\LMS_CI_4\LMS\vendor\codeigniter4\framework\system\CodeIgniter.php(399): CodeIgniter\CodeIgniter->runController(Object(App\Controllers\Exam))
#3 E:\Workspace\Codeigniter\LMS_CI_4\LMS\vendor\codeigniter4\framework\system\CodeIgniter.php(317): CodeIgniter\CodeIgniter->handleRequest(NULL, Object(Config\Cache), false)
#4 E:\Workspace\Codeigniter\LMS_CI_4\LMS\public\index.php(37): CodeIgniter\CodeIgniter->run()
#5 E:\Workspace\Codeigniter\LMS_CI_4\LMS\vendor\codeigniter4\framework\system\Commands\Server\rewrite.php(43): require_once('E:\\Workspace\\Co...')
#6 {main}
CRITICAL - 2021-11-11 22:14:25 --> Trying to get property 'profile' of non-object
#0 E:\Workspace\Codeigniter\LMS_CI_4\LMS\app\Controllers\Exam.php(70): CodeIgniter\Debug\Exceptions->errorHandler(8, 'Trying to get p...', 'E:\\Workspace\\Co...', 70, Array)
#1 E:\Workspace\Codeigniter\LMS_CI_4\LMS\vendor\codeigniter4\framework\system\CodeIgniter.php(802): App\Controllers\Exam->examDetail('2021001', '01')
#2 E:\Workspace\Codeigniter\LMS_CI_4\LMS\vendor\codeigniter4\framework\system\CodeIgniter.php(399): CodeIgniter\CodeIgniter->runController(Object(App\Controllers\Exam))
#3 E:\Workspace\Codeigniter\LMS_CI_4\LMS\vendor\codeigniter4\framework\system\CodeIgniter.php(317): CodeIgniter\CodeIgniter->handleRequest(NULL, Object(Config\Cache), false)
#4 E:\Workspace\Codeigniter\LMS_CI_4\LMS\public\index.php(37): CodeIgniter\CodeIgniter->run()
#5 E:\Workspace\Codeigniter\LMS_CI_4\LMS\vendor\codeigniter4\framework\system\Commands\Server\rewrite.php(43): require_once('E:\\Workspace\\Co...')
#6 {main}
CRITICAL - 2021-11-11 22:14:25 --> Trying to get property 'profile' of non-object
#0 E:\Workspace\Codeigniter\LMS_CI_4\LMS\app\Controllers\Exam.php(70): CodeIgniter\Debug\Exceptions->errorHandler(8, 'Trying to get p...', 'E:\\Workspace\\Co...', 70, Array)
#1 E:\Workspace\Codeigniter\LMS_CI_4\LMS\vendor\codeigniter4\framework\system\CodeIgniter.php(802): App\Controllers\Exam->examDetail('2021001', '01')
#2 E:\Workspace\Codeigniter\LMS_CI_4\LMS\vendor\codeigniter4\framework\system\CodeIgniter.php(399): CodeIgniter\CodeIgniter->runController(Object(App\Controllers\Exam))
#3 E:\Workspace\Codeigniter\LMS_CI_4\LMS\vendor\codeigniter4\framework\system\CodeIgniter.php(317): CodeIgniter\CodeIgniter->handleRequest(NULL, Object(Config\Cache), false)
#4 E:\Workspace\Codeigniter\LMS_CI_4\LMS\public\index.php(37): CodeIgniter\CodeIgniter->run()
#5 E:\Workspace\Codeigniter\LMS_CI_4\LMS\vendor\codeigniter4\framework\system\Commands\Server\rewrite.php(43): require_once('E:\\Workspace\\Co...')
#6 {main}
CRITICAL - 2021-11-11 22:14:25 --> Trying to get property 'profile' of non-object
#0 E:\Workspace\Codeigniter\LMS_CI_4\LMS\app\Controllers\Exam.php(70): CodeIgniter\Debug\Exceptions->errorHandler(8, 'Trying to get p...', 'E:\\Workspace\\Co...', 70, Array)
#1 E:\Workspace\Codeigniter\LMS_CI_4\LMS\vendor\codeigniter4\framework\system\CodeIgniter.php(802): App\Controllers\Exam->examDetail('2021001', '01')
#2 E:\Workspace\Codeigniter\LMS_CI_4\LMS\vendor\codeigniter4\framework\system\CodeIgniter.php(399): CodeIgniter\CodeIgniter->runController(Object(App\Controllers\Exam))
#3 E:\Workspace\Codeigniter\LMS_CI_4\LMS\vendor\codeigniter4\framework\system\CodeIgniter.php(317): CodeIgniter\CodeIgniter->handleRequest(NULL, Object(Config\Cache), false)
#4 E:\Workspace\Codeigniter\LMS_CI_4\LMS\public\index.php(37): CodeIgniter\CodeIgniter->run()
#5 E:\Workspace\Codeigniter\LMS_CI_4\LMS\vendor\codeigniter4\framework\system\Commands\Server\rewrite.php(43): require_once('E:\\Workspace\\Co...')
#6 {main}
CRITICAL - 2021-11-11 22:15:29 --> Trying to get property 'profile' of non-object
#0 E:\Workspace\Codeigniter\LMS_CI_4\LMS\app\Controllers\Exam.php(70): CodeIgniter\Debug\Exceptions->errorHandler(8, 'Trying to get p...', 'E:\\Workspace\\Co...', 70, Array)
#1 E:\Workspace\Codeigniter\LMS_CI_4\LMS\vendor\codeigniter4\framework\system\CodeIgniter.php(802): App\Controllers\Exam->examDetail('2021001', '01')
#2 E:\Workspace\Codeigniter\LMS_CI_4\LMS\vendor\codeigniter4\framework\system\CodeIgniter.php(399): CodeIgniter\CodeIgniter->runController(Object(App\Controllers\Exam))
#3 E:\Workspace\Codeigniter\LMS_CI_4\LMS\vendor\codeigniter4\framework\system\CodeIgniter.php(317): CodeIgniter\CodeIgniter->handleRequest(NULL, Object(Config\Cache), false)
#4 E:\Workspace\Codeigniter\LMS_CI_4\LMS\public\index.php(37): CodeIgniter\CodeIgniter->run()
#5 E:\Workspace\Codeigniter\LMS_CI_4\LMS\vendor\codeigniter4\framework\system\Commands\Server\rewrite.php(43): require_once('E:\\Workspace\\Co...')
#6 {main}
CRITICAL - 2021-11-11 22:15:59 --> Trying to get property 'profile' of non-object
#0 E:\Workspace\Codeigniter\LMS_CI_4\LMS\app\Controllers\Exam.php(46): CodeIgniter\Debug\Exceptions->errorHandler(8, 'Trying to get p...', 'E:\\Workspace\\Co...', 46, Array)
#1 E:\Workspace\Codeigniter\LMS_CI_4\LMS\vendor\codeigniter4\framework\system\CodeIgniter.php(802): App\Controllers\Exam->index()
#2 E:\Workspace\Codeigniter\LMS_CI_4\LMS\vendor\codeigniter4\framework\system\CodeIgniter.php(399): CodeIgniter\CodeIgniter->runController(Object(App\Controllers\Exam))
#3 E:\Workspace\Codeigniter\LMS_CI_4\LMS\vendor\codeigniter4\framework\system\CodeIgniter.php(317): CodeIgniter\CodeIgniter->handleRequest(NULL, Object(Config\Cache), false)
#4 E:\Workspace\Codeigniter\LMS_CI_4\LMS\public\index.php(37): CodeIgniter\CodeIgniter->run()
#5 E:\Workspace\Codeigniter\LMS_CI_4\LMS\vendor\codeigniter4\framework\system\Commands\Server\rewrite.php(43): require_once('E:\\Workspace\\Co...')
#6 {main}
CRITICAL - 2021-11-11 22:19:52 --> Trying to get property 'profile' of non-object
#0 E:\Workspace\Codeigniter\LMS_CI_4\LMS\app\Controllers\Exam.php(70): CodeIgniter\Debug\Exceptions->errorHandler(8, 'Trying to get p...', 'E:\\Workspace\\Co...', 70, Array)
#1 E:\Workspace\Codeigniter\LMS_CI_4\LMS\vendor\codeigniter4\framework\system\CodeIgniter.php(802): App\Controllers\Exam->examDetail('2021001', '01')
#2 E:\Workspace\Codeigniter\LMS_CI_4\LMS\vendor\codeigniter4\framework\system\CodeIgniter.php(399): CodeIgniter\CodeIgniter->runController(Object(App\Controllers\Exam))
#3 E:\Workspace\Codeigniter\LMS_CI_4\LMS\vendor\codeigniter4\framework\system\CodeIgniter.php(317): CodeIgniter\CodeIgniter->handleRequest(NULL, Object(Config\Cache), false)
#4 E:\Workspace\Codeigniter\LMS_CI_4\LMS\public\index.php(37): CodeIgniter\CodeIgniter->run()
#5 E:\Workspace\Codeigniter\LMS_CI_4\LMS\vendor\codeigniter4\framework\system\Commands\Server\rewrite.php(43): require_once('E:\\Workspace\\Co...')
#6 {main}
CRITICAL - 2021-11-11 22:20:01 --> Trying to get property 'profile' of non-object
#0 E:\Workspace\Codeigniter\LMS_CI_4\LMS\app\Controllers\Exam.php(46): CodeIgniter\Debug\Exceptions->errorHandler(8, 'Trying to get p...', 'E:\\Workspace\\Co...', 46, Array)
#1 E:\Workspace\Codeigniter\LMS_CI_4\LMS\vendor\codeigniter4\framework\system\CodeIgniter.php(802): App\Controllers\Exam->index()
#2 E:\Workspace\Codeigniter\LMS_CI_4\LMS\vendor\codeigniter4\framework\system\CodeIgniter.php(399): CodeIgniter\CodeIgniter->runController(Object(App\Controllers\Exam))
#3 E:\Workspace\Codeigniter\LMS_CI_4\LMS\vendor\codeigniter4\framework\system\CodeIgniter.php(317): CodeIgniter\CodeIgniter->handleRequest(NULL, Object(Config\Cache), false)
#4 E:\Workspace\Codeigniter\LMS_CI_4\LMS\public\index.php(37): CodeIgniter\CodeIgniter->run()
#5 E:\Workspace\Codeigniter\LMS_CI_4\LMS\vendor\codeigniter4\framework\system\Commands\Server\rewrite.php(43): require_once('E:\\Workspace\\Co...')
#6 {main}
CRITICAL - 2021-11-11 22:31:40 --> Undefined property: stdClass::$toggle
#0 E:\Workspace\Codeigniter\LMS_CI_4\LMS\app\Models\ExamModel.php(76): CodeIgniter\Debug\Exceptions->errorHandler(8, 'Undefined prope...', 'E:\\Workspace\\Co...', 76, Array)
#1 E:\Workspace\Codeigniter\LMS_CI_4\LMS\app\Controllers\Exam.php(60): App\Models\ExamModel->getExamList('2021001', '1')
#2 E:\Workspace\Codeigniter\LMS_CI_4\LMS\vendor\codeigniter4\framework\system\CodeIgniter.php(802): App\Controllers\Exam->getExamList()
#3 E:\Workspace\Codeigniter\LMS_CI_4\LMS\vendor\codeigniter4\framework\system\CodeIgniter.php(399): CodeIgniter\CodeIgniter->runController(Object(App\Controllers\Exam))
#4 E:\Workspace\Codeigniter\LMS_CI_4\LMS\vendor\codeigniter4\framework\system\CodeIgniter.php(317): CodeIgniter\CodeIgniter->handleRequest(NULL, Object(Config\Cache), false)
#5 E:\Workspace\Codeigniter\LMS_CI_4\LMS\public\index.php(37): CodeIgniter\CodeIgniter->run()
#6 E:\Workspace\Codeigniter\LMS_CI_4\LMS\vendor\codeigniter4\framework\system\Commands\Server\rewrite.php(43): require_once('E:\\Workspace\\Co...')
#7 {main}
=======
ERROR - 2021-11-11 20:24:04 --> Error connecting to the database: No connection could be made because the target machine actively refused it.

CRITICAL - 2021-11-11 20:24:04 --> Unable to connect to the database.
Main connection [MySQLi]: No connection could be made because the target machine actively refused it.

#0 D:\workspace\Codeigniter\LMS_CI\vendor\codeigniter4\framework\system\Database\BaseConnection.php(570): CodeIgniter\Database\BaseConnection->initialize()
#1 D:\workspace\Codeigniter\LMS_CI\app\Models\UserModel.php(72): CodeIgniter\Database\BaseConnection->query('select p.p_codi...')
#2 D:\workspace\Codeigniter\LMS_CI\app\Controllers\Exam.php(24): App\Models\UserModel->getInfo(Array)
#3 D:\workspace\Codeigniter\LMS_CI\app\Controllers\Exam.php(17): App\Controllers\Exam->connected()
#4 D:\workspace\Codeigniter\LMS_CI\vendor\codeigniter4\framework\system\CodeIgniter.php(779): App\Controllers\Exam->__construct()
#5 D:\workspace\Codeigniter\LMS_CI\vendor\codeigniter4\framework\system\CodeIgniter.php(390): CodeIgniter\CodeIgniter->createController()
#6 D:\workspace\Codeigniter\LMS_CI\vendor\codeigniter4\framework\system\CodeIgniter.php(317): CodeIgniter\CodeIgniter->handleRequest(NULL, Object(Config\Cache), false)
#7 D:\workspace\Codeigniter\LMS_CI\public\index.php(37): CodeIgniter\CodeIgniter->run()
#8 D:\workspace\Codeigniter\LMS_CI\vendor\codeigniter4\framework\system\Commands\Server\rewrite.php(43): require_once('D:\\workspace\\Co...')
#9 {main}
ERROR - 2021-11-11 22:43:08 --> Unknown column 'exam_list.acitve_time' in 'field list'
CRITICAL - 2021-11-11 22:43:08 --> Unknown column 'exam_list.acitve_time' in 'field list'
#0 D:\workspace\Codeigniter\LMS_CI\vendor\codeigniter4\framework\system\Database\MySQLi\Connection.php(280): mysqli->query('SELECT exam_lis...')
#1 D:\workspace\Codeigniter\LMS_CI\vendor\codeigniter4\framework\system\Database\BaseConnection.php(663): CodeIgniter\Database\MySQLi\Connection->execute('SELECT exam_lis...')
#2 D:\workspace\Codeigniter\LMS_CI\vendor\codeigniter4\framework\system\Database\BaseConnection.php(591): CodeIgniter\Database\BaseConnection->simpleQuery('SELECT exam_lis...')
#3 D:\workspace\Codeigniter\LMS_CI\app\Models\ExamModel.php(186): CodeIgniter\Database\BaseConnection->query('SELECT exam_lis...')
#4 D:\workspace\Codeigniter\LMS_CI\app\Controllers\Exam.php(163): App\Models\ExamModel->getExamSetting('22')
#5 D:\workspace\Codeigniter\LMS_CI\vendor\codeigniter4\framework\system\CodeIgniter.php(802): App\Controllers\Exam->editExam('22')
#6 D:\workspace\Codeigniter\LMS_CI\vendor\codeigniter4\framework\system\CodeIgniter.php(399): CodeIgniter\CodeIgniter->runController(Object(App\Controllers\Exam))
#7 D:\workspace\Codeigniter\LMS_CI\vendor\codeigniter4\framework\system\CodeIgniter.php(317): CodeIgniter\CodeIgniter->handleRequest(NULL, Object(Config\Cache), false)
#8 D:\workspace\Codeigniter\LMS_CI\public\index.php(37): CodeIgniter\CodeIgniter->run()
#9 D:\workspace\Codeigniter\LMS_CI\vendor\codeigniter4\framework\system\Commands\Server\rewrite.php(43): require_once('D:\\workspace\\Co...')
#10 {main}
CRITICAL - 2021-11-11 22:44:48 --> Undefined variable: feed_back
#0 D:\workspace\Codeigniter\LMS_CI\app\Views\exam\exam_create.php(175): CodeIgniter\Debug\Exceptions->errorHandler(8, 'Undefined varia...', 'D:\\workspace\\Co...', 175, Array)
#1 D:\workspace\Codeigniter\LMS_CI\vendor\codeigniter4\framework\system\View\View.php(214): include('D:\\workspace\\Co...')
#2 D:\workspace\Codeigniter\LMS_CI\vendor\codeigniter4\framework\system\View\View.php(217): CodeIgniter\View\View->CodeIgniter\View\{closure}()
#3 D:\workspace\Codeigniter\LMS_CI\vendor\codeigniter4\framework\system\Common.php(1092): CodeIgniter\View\View->render('exam/exam_creat...', Array, true)
#4 D:\workspace\Codeigniter\LMS_CI\app\Controllers\Exam.php(173): view('exam/exam_creat...', Array)
#5 D:\workspace\Codeigniter\LMS_CI\vendor\codeigniter4\framework\system\CodeIgniter.php(802): App\Controllers\Exam->editExam('22')
#6 D:\workspace\Codeigniter\LMS_CI\vendor\codeigniter4\framework\system\CodeIgniter.php(399): CodeIgniter\CodeIgniter->runController(Object(App\Controllers\Exam))
#7 D:\workspace\Codeigniter\LMS_CI\vendor\codeigniter4\framework\system\CodeIgniter.php(317): CodeIgniter\CodeIgniter->handleRequest(NULL, Object(Config\Cache), false)
#8 D:\workspace\Codeigniter\LMS_CI\public\index.php(37): CodeIgniter\CodeIgniter->run()
#9 D:\workspace\Codeigniter\LMS_CI\vendor\codeigniter4\framework\system\Commands\Server\rewrite.php(43): require_once('D:\\workspace\\Co...')
#10 {main}
CRITICAL - 2021-11-11 22:46:28 --> Undefined variable: feed_back
#0 D:\workspace\Codeigniter\LMS_CI\app\Views\exam\exam_create.php(175): CodeIgniter\Debug\Exceptions->errorHandler(8, 'Undefined varia...', 'D:\\workspace\\Co...', 175, Array)
#1 D:\workspace\Codeigniter\LMS_CI\vendor\codeigniter4\framework\system\View\View.php(214): include('D:\\workspace\\Co...')
#2 D:\workspace\Codeigniter\LMS_CI\vendor\codeigniter4\framework\system\View\View.php(217): CodeIgniter\View\View->CodeIgniter\View\{closure}()
#3 D:\workspace\Codeigniter\LMS_CI\vendor\codeigniter4\framework\system\Common.php(1092): CodeIgniter\View\View->render('exam/exam_creat...', Array, true)
#4 D:\workspace\Codeigniter\LMS_CI\app\Controllers\Exam.php(173): view('exam/exam_creat...', Array)
#5 D:\workspace\Codeigniter\LMS_CI\vendor\codeigniter4\framework\system\CodeIgniter.php(802): App\Controllers\Exam->editExam('22')
#6 D:\workspace\Codeigniter\LMS_CI\vendor\codeigniter4\framework\system\CodeIgniter.php(399): CodeIgniter\CodeIgniter->runController(Object(App\Controllers\Exam))
#7 D:\workspace\Codeigniter\LMS_CI\vendor\codeigniter4\framework\system\CodeIgniter.php(317): CodeIgniter\CodeIgniter->handleRequest(NULL, Object(Config\Cache), false)
#8 D:\workspace\Codeigniter\LMS_CI\public\index.php(37): CodeIgniter\CodeIgniter->run()
#9 D:\workspace\Codeigniter\LMS_CI\vendor\codeigniter4\framework\system\Commands\Server\rewrite.php(43): require_once('D:\\workspace\\Co...')
#10 {main}
CRITICAL - 2021-11-11 22:54:08 --> Undefined index: feed
#0 D:\workspace\Codeigniter\LMS_CI\app\Models\ExamModel.php(172): CodeIgniter\Debug\Exceptions->errorHandler(8, 'Undefined index...', 'D:\\workspace\\Co...', 172, Array)
#1 D:\workspace\Codeigniter\LMS_CI\app\Controllers\Exam.php(156): App\Models\ExamModel->savePopularSetting(Array)
#2 D:\workspace\Codeigniter\LMS_CI\vendor\codeigniter4\framework\system\CodeIgniter.php(802): App\Controllers\Exam->savePopularSetting()
#3 D:\workspace\Codeigniter\LMS_CI\vendor\codeigniter4\framework\system\CodeIgniter.php(399): CodeIgniter\CodeIgniter->runController(Object(App\Controllers\Exam))
#4 D:\workspace\Codeigniter\LMS_CI\vendor\codeigniter4\framework\system\CodeIgniter.php(317): CodeIgniter\CodeIgniter->handleRequest(NULL, Object(Config\Cache), false)
#5 D:\workspace\Codeigniter\LMS_CI\public\index.php(37): CodeIgniter\CodeIgniter->run()
#6 D:\workspace\Codeigniter\LMS_CI\vendor\codeigniter4\framework\system\Commands\Server\rewrite.php(43): require_once('D:\\workspace\\Co...')
#7 {main}
CRITICAL - 2021-11-11 23:03:57 --> Class 'Date' not found
#0 D:\workspace\Codeigniter\LMS_CI\vendor\codeigniter4\framework\system\View\View.php(214): include()
#1 D:\workspace\Codeigniter\LMS_CI\vendor\codeigniter4\framework\system\View\View.php(217): CodeIgniter\View\View->CodeIgniter\View\{closure}()
#2 D:\workspace\Codeigniter\LMS_CI\vendor\codeigniter4\framework\system\Common.php(1092): CodeIgniter\View\View->render('exam/exam_creat...', Array, true)
#3 D:\workspace\Codeigniter\LMS_CI\app\Controllers\Exam.php(179): view('exam/exam_creat...', Array)
#4 D:\workspace\Codeigniter\LMS_CI\vendor\codeigniter4\framework\system\CodeIgniter.php(802): App\Controllers\Exam->editExam('22')
#5 D:\workspace\Codeigniter\LMS_CI\vendor\codeigniter4\framework\system\CodeIgniter.php(399): CodeIgniter\CodeIgniter->runController(Object(App\Controllers\Exam))
#6 D:\workspace\Codeigniter\LMS_CI\vendor\codeigniter4\framework\system\CodeIgniter.php(317): CodeIgniter\CodeIgniter->handleRequest(NULL, Object(Config\Cache), false)
#7 D:\workspace\Codeigniter\LMS_CI\public\index.php(37): CodeIgniter\CodeIgniter->run()
#8 D:\workspace\Codeigniter\LMS_CI\vendor\codeigniter4\framework\system\Commands\Server\rewrite.php(43): require_once('D:\\workspace\\Co...')
#9 {main}
CRITICAL - 2021-11-11 23:09:26 --> Undefined variable: random_quiz
#0 D:\workspace\Codeigniter\LMS_CI\app\Views\exam\exam_create.php(147): CodeIgniter\Debug\Exceptions->errorHandler(8, 'Undefined varia...', 'D:\\workspace\\Co...', 147, Array)
#1 D:\workspace\Codeigniter\LMS_CI\vendor\codeigniter4\framework\system\View\View.php(214): include('D:\\workspace\\Co...')
#2 D:\workspace\Codeigniter\LMS_CI\vendor\codeigniter4\framework\system\View\View.php(217): CodeIgniter\View\View->CodeIgniter\View\{closure}()
#3 D:\workspace\Codeigniter\LMS_CI\vendor\codeigniter4\framework\system\Common.php(1092): CodeIgniter\View\View->render('exam/exam_creat...', Array, true)
#4 D:\workspace\Codeigniter\LMS_CI\app\Controllers\Exam.php(179): view('exam/exam_creat...', Array)
#5 D:\workspace\Codeigniter\LMS_CI\vendor\codeigniter4\framework\system\CodeIgniter.php(802): App\Controllers\Exam->editExam('22')
#6 D:\workspace\Codeigniter\LMS_CI\vendor\codeigniter4\framework\system\CodeIgniter.php(399): CodeIgniter\CodeIgniter->runController(Object(App\Controllers\Exam))
#7 D:\workspace\Codeigniter\LMS_CI\vendor\codeigniter4\framework\system\CodeIgniter.php(317): CodeIgniter\CodeIgniter->handleRequest(NULL, Object(Config\Cache), false)
#8 D:\workspace\Codeigniter\LMS_CI\public\index.php(37): CodeIgniter\CodeIgniter->run()
#9 D:\workspace\Codeigniter\LMS_CI\vendor\codeigniter4\framework\system\Commands\Server\rewrite.php(43): require_once('D:\\workspace\\Co...')
#10 {main}
>>>>>>> 3027f0c979efefb4dec41c4e7b39b15f1cdadfd4
