ERROR - 2021-11-09 00:13:48 --> Error connecting to the database: No connection could be made because the target machine actively refused it.

CRITICAL - 2021-11-09 00:13:48 --> Unable to connect to the database.
Main connection [MySQLi]: No connection could be made because the target machine actively refused it.

#0 D:\workspace\Codeigniter\LMS_CI\vendor\codeigniter4\framework\system\Database\BaseConnection.php(570): CodeIgniter\Database\BaseConnection->initialize()
#1 D:\workspace\Codeigniter\LMS_CI\app\Models\UserModel.php(72): CodeIgniter\Database\BaseConnection->query('select p.p_codi...')
#2 D:\workspace\Codeigniter\LMS_CI\app\Controllers\Exam.php(24): App\Models\UserModel->getInfo(Array)
#3 D:\workspace\Codeigniter\LMS_CI\app\Controllers\Exam.php(17): App\Controllers\Exam->connected()
#4 D:\workspace\Codeigniter\LMS_CI\vendor\codeigniter4\framework\system\CodeIgniter.php(779): App\Controllers\Exam->__construct()
#5 D:\workspace\Codeigniter\LMS_CI\vendor\codeigniter4\framework\system\CodeIgniter.php(390): CodeIgniter\CodeIgniter->createController()
#6 D:\workspace\Codeigniter\LMS_CI\vendor\codeigniter4\framework\system\CodeIgniter.php(317): CodeIgniter\CodeIgniter->handleRequest(NULL, Object(Config\Cache), false)
#7 D:\workspace\Codeigniter\LMS_CI\public\index.php(37): CodeIgniter\CodeIgniter->run()
#8 D:\workspace\Codeigniter\LMS_CI\vendor\codeigniter4\framework\system\Commands\Server\rewrite.php(43): require_once('D:\\workspace\\Co...')
#9 {main}
ERROR - 2021-11-09 02:09:18 --> Error connecting to the database: No connection could be made because the target machine actively refused it.

CRITICAL - 2021-11-09 02:09:18 --> Unable to connect to the database.
Main connection [MySQLi]: No connection could be made because the target machine actively refused it.

#0 D:\workspace\Codeigniter\LMS_CI\vendor\codeigniter4\framework\system\Database\BaseConnection.php(570): CodeIgniter\Database\BaseConnection->initialize()
#1 D:\workspace\Codeigniter\LMS_CI\app\Models\UserModel.php(72): CodeIgniter\Database\BaseConnection->query('select p.p_codi...')
#2 D:\workspace\Codeigniter\LMS_CI\app\Controllers\Exam.php(24): App\Models\UserModel->getInfo(Array)
#3 D:\workspace\Codeigniter\LMS_CI\app\Controllers\Exam.php(17): App\Controllers\Exam->connected()
#4 D:\workspace\Codeigniter\LMS_CI\vendor\codeigniter4\framework\system\CodeIgniter.php(779): App\Controllers\Exam->__construct()
#5 D:\workspace\Codeigniter\LMS_CI\vendor\codeigniter4\framework\system\CodeIgniter.php(390): CodeIgniter\CodeIgniter->createController()
#6 D:\workspace\Codeigniter\LMS_CI\vendor\codeigniter4\framework\system\CodeIgniter.php(317): CodeIgniter\CodeIgniter->handleRequest(NULL, Object(Config\Cache), false)
#7 D:\workspace\Codeigniter\LMS_CI\public\index.php(37): CodeIgniter\CodeIgniter->run()
#8 D:\workspace\Codeigniter\LMS_CI\vendor\codeigniter4\framework\system\Commands\Server\rewrite.php(43): require_once('D:\\workspace\\Co...')
#9 {main}
CRITICAL - 2021-11-09 02:31:03 --> Trying to get property 'type' of non-object
#0 D:\workspace\Codeigniter\LMS_CI\app\Controllers\Exam.php(107): CodeIgniter\Debug\Exceptions->errorHandler(8, 'Trying to get p...', 'D:\\workspace\\Co...', 107, Array)
#1 D:\workspace\Codeigniter\LMS_CI\vendor\codeigniter4\framework\system\CodeIgniter.php(802): App\Controllers\Exam->saveExamQuestion()
#2 D:\workspace\Codeigniter\LMS_CI\vendor\codeigniter4\framework\system\CodeIgniter.php(399): CodeIgniter\CodeIgniter->runController(Object(App\Controllers\Exam))
#3 D:\workspace\Codeigniter\LMS_CI\vendor\codeigniter4\framework\system\CodeIgniter.php(317): CodeIgniter\CodeIgniter->handleRequest(NULL, Object(Config\Cache), false)
#4 D:\workspace\Codeigniter\LMS_CI\public\index.php(37): CodeIgniter\CodeIgniter->run()
#5 D:\workspace\Codeigniter\LMS_CI\vendor\codeigniter4\framework\system\Commands\Server\rewrite.php(43): require_once('D:\\workspace\\Co...')
#6 {main}
ERROR - 2021-11-09 02:55:12 --> Unknown column 'list_id' in 'where clause'
CRITICAL - 2021-11-09 02:55:12 --> Unknown column 'list_id' in 'where clause'
#0 D:\workspace\Codeigniter\LMS_CI\vendor\codeigniter4\framework\system\Database\MySQLi\Connection.php(280): mysqli->query('select * from e...')
#1 D:\workspace\Codeigniter\LMS_CI\vendor\codeigniter4\framework\system\Database\BaseConnection.php(663): CodeIgniter\Database\MySQLi\Connection->execute('select * from e...')
#2 D:\workspace\Codeigniter\LMS_CI\vendor\codeigniter4\framework\system\Database\BaseConnection.php(591): CodeIgniter\Database\BaseConnection->simpleQuery('select * from e...')
#3 D:\workspace\Codeigniter\LMS_CI\app\Models\ExamModel.php(72): CodeIgniter\Database\BaseConnection->query('select * from e...')
#4 D:\workspace\Codeigniter\LMS_CI\app\Controllers\Exam.php(62): App\Models\ExamModel->getExamList('2021001', '1')
#5 D:\workspace\Codeigniter\LMS_CI\vendor\codeigniter4\framework\system\CodeIgniter.php(802): App\Controllers\Exam->getExamList()
#6 D:\workspace\Codeigniter\LMS_CI\vendor\codeigniter4\framework\system\CodeIgniter.php(399): CodeIgniter\CodeIgniter->runController(Object(App\Controllers\Exam))
#7 D:\workspace\Codeigniter\LMS_CI\vendor\codeigniter4\framework\system\CodeIgniter.php(317): CodeIgniter\CodeIgniter->handleRequest(NULL, Object(Config\Cache), false)
#8 D:\workspace\Codeigniter\LMS_CI\public\index.php(37): CodeIgniter\CodeIgniter->run()
#9 D:\workspace\Codeigniter\LMS_CI\vendor\codeigniter4\framework\system\Commands\Server\rewrite.php(43): require_once('D:\\workspace\\Co...')
#10 {main}
ERROR - 2021-11-09 02:57:29 --> Table 'admaula_bdcarmelo_2021.exam_quize' doesn't exist
CRITICAL - 2021-11-09 02:57:29 --> Table 'admaula_bdcarmelo_2021.exam_quize' doesn't exist
#0 D:\workspace\Codeigniter\LMS_CI\vendor\codeigniter4\framework\system\Database\MySQLi\Connection.php(280): mysqli->query('INSERT INTO `ex...')
#1 D:\workspace\Codeigniter\LMS_CI\vendor\codeigniter4\framework\system\Database\BaseConnection.php(663): CodeIgniter\Database\MySQLi\Connection->execute('INSERT INTO `ex...')
#2 D:\workspace\Codeigniter\LMS_CI\vendor\codeigniter4\framework\system\Database\BaseConnection.php(591): CodeIgniter\Database\BaseConnection->simpleQuery('INSERT INTO `ex...')
#3 D:\workspace\Codeigniter\LMS_CI\vendor\codeigniter4\framework\system\Database\BaseBuilder.php(1733): CodeIgniter\Database\BaseConnection->query('INSERT INTO `ex...', Array, false)
#4 D:\workspace\Codeigniter\LMS_CI\app\Models\ExamModel.php(142): CodeIgniter\Database\BaseBuilder->insert(Array)
#5 D:\workspace\Codeigniter\LMS_CI\app\Controllers\Exam.php(109): App\Models\ExamModel->saveUniqQuestion(Array)
#6 D:\workspace\Codeigniter\LMS_CI\vendor\codeigniter4\framework\system\CodeIgniter.php(802): App\Controllers\Exam->saveExamQuestion()
#7 D:\workspace\Codeigniter\LMS_CI\vendor\codeigniter4\framework\system\CodeIgniter.php(399): CodeIgniter\CodeIgniter->runController(Object(App\Controllers\Exam))
#8 D:\workspace\Codeigniter\LMS_CI\vendor\codeigniter4\framework\system\CodeIgniter.php(317): CodeIgniter\CodeIgniter->handleRequest(NULL, Object(Config\Cache), false)
#9 D:\workspace\Codeigniter\LMS_CI\public\index.php(37): CodeIgniter\CodeIgniter->run()
#10 D:\workspace\Codeigniter\LMS_CI\vendor\codeigniter4\framework\system\Commands\Server\rewrite.php(43): require_once('D:\\workspace\\Co...')
#11 {main}
ERROR - 2021-11-09 02:58:16 --> Unknown column 'exam_quiz.examid' in 'where clause'
CRITICAL - 2021-11-09 02:58:16 --> Unknown column 'exam_quiz.examid' in 'where clause'
#0 D:\workspace\Codeigniter\LMS_CI\vendor\codeigniter4\framework\system\Database\MySQLi\Connection.php(280): mysqli->query('SELECT *\nFROM `...')
#1 D:\workspace\Codeigniter\LMS_CI\vendor\codeigniter4\framework\system\Database\BaseConnection.php(663): CodeIgniter\Database\MySQLi\Connection->execute('SELECT *\nFROM `...')
#2 D:\workspace\Codeigniter\LMS_CI\vendor\codeigniter4\framework\system\Database\BaseConnection.php(591): CodeIgniter\Database\BaseConnection->simpleQuery('SELECT *\nFROM `...')
#3 D:\workspace\Codeigniter\LMS_CI\vendor\codeigniter4\framework\system\Database\BaseBuilder.php(1428): CodeIgniter\Database\BaseConnection->query('SELECT *\nFROM `...', Array, false)
#4 D:\workspace\Codeigniter\LMS_CI\app\Models\ExamModel.php(147): CodeIgniter\Database\BaseBuilder->get()
#5 D:\workspace\Codeigniter\LMS_CI\app\Controllers\Exam.php(109): App\Models\ExamModel->saveUniqQuestion(Array)
#6 D:\workspace\Codeigniter\LMS_CI\vendor\codeigniter4\framework\system\CodeIgniter.php(802): App\Controllers\Exam->saveExamQuestion()
#7 D:\workspace\Codeigniter\LMS_CI\vendor\codeigniter4\framework\system\CodeIgniter.php(399): CodeIgniter\CodeIgniter->runController(Object(App\Controllers\Exam))
#8 D:\workspace\Codeigniter\LMS_CI\vendor\codeigniter4\framework\system\CodeIgniter.php(317): CodeIgniter\CodeIgniter->handleRequest(NULL, Object(Config\Cache), false)
#9 D:\workspace\Codeigniter\LMS_CI\public\index.php(37): CodeIgniter\CodeIgniter->run()
#10 D:\workspace\Codeigniter\LMS_CI\vendor\codeigniter4\framework\system\Commands\Server\rewrite.php(43): require_once('D:\\workspace\\Co...')
#11 {main}
CRITICAL - 2021-11-09 02:58:36 --> Undefined variable: returndatar
#0 D:\workspace\Codeigniter\LMS_CI\app\Controllers\Exam.php(110): CodeIgniter\Debug\Exceptions->errorHandler(8, 'Undefined varia...', 'D:\\workspace\\Co...', 110, Array)
#1 D:\workspace\Codeigniter\LMS_CI\vendor\codeigniter4\framework\system\CodeIgniter.php(802): App\Controllers\Exam->saveExamQuestion()
#2 D:\workspace\Codeigniter\LMS_CI\vendor\codeigniter4\framework\system\CodeIgniter.php(399): CodeIgniter\CodeIgniter->runController(Object(App\Controllers\Exam))
#3 D:\workspace\Codeigniter\LMS_CI\vendor\codeigniter4\framework\system\CodeIgniter.php(317): CodeIgniter\CodeIgniter->handleRequest(NULL, Object(Config\Cache), false)
#4 D:\workspace\Codeigniter\LMS_CI\public\index.php(37): CodeIgniter\CodeIgniter->run()
#5 D:\workspace\Codeigniter\LMS_CI\vendor\codeigniter4\framework\system\Commands\Server\rewrite.php(43): require_once('D:\\workspace\\Co...')
#6 {main}
ERROR - 2021-11-09 03:12:28 --> Unknown column 'list_id' in 'where clause'
CRITICAL - 2021-11-09 03:12:28 --> Unknown column 'list_id' in 'where clause'
#0 D:\workspace\Codeigniter\LMS_CI\vendor\codeigniter4\framework\system\Database\MySQLi\Connection.php(280): mysqli->query('select * from e...')
#1 D:\workspace\Codeigniter\LMS_CI\vendor\codeigniter4\framework\system\Database\BaseConnection.php(663): CodeIgniter\Database\MySQLi\Connection->execute('select * from e...')
#2 D:\workspace\Codeigniter\LMS_CI\vendor\codeigniter4\framework\system\Database\BaseConnection.php(591): CodeIgniter\Database\BaseConnection->simpleQuery('select * from e...')
#3 D:\workspace\Codeigniter\LMS_CI\app\Models\ExamModel.php(72): CodeIgniter\Database\BaseConnection->query('select * from e...')
#4 D:\workspace\Codeigniter\LMS_CI\app\Controllers\Exam.php(62): App\Models\ExamModel->getExamList('2021001', '1')
#5 D:\workspace\Codeigniter\LMS_CI\vendor\codeigniter4\framework\system\CodeIgniter.php(802): App\Controllers\Exam->getExamList()
#6 D:\workspace\Codeigniter\LMS_CI\vendor\codeigniter4\framework\system\CodeIgniter.php(399): CodeIgniter\CodeIgniter->runController(Object(App\Controllers\Exam))
#7 D:\workspace\Codeigniter\LMS_CI\vendor\codeigniter4\framework\system\CodeIgniter.php(317): CodeIgniter\CodeIgniter->handleRequest(NULL, Object(Config\Cache), false)
#8 D:\workspace\Codeigniter\LMS_CI\public\index.php(37): CodeIgniter\CodeIgniter->run()
#9 D:\workspace\Codeigniter\LMS_CI\vendor\codeigniter4\framework\system\Commands\Server\rewrite.php(43): require_once('D:\\workspace\\Co...')
#10 {main}
ERROR - 2021-11-09 03:21:47 --> Unknown column 'list_id' in 'where clause'
CRITICAL - 2021-11-09 03:21:47 --> Unknown column 'list_id' in 'where clause'
#0 D:\workspace\Codeigniter\LMS_CI\vendor\codeigniter4\framework\system\Database\MySQLi\Connection.php(280): mysqli->query('select * from e...')
#1 D:\workspace\Codeigniter\LMS_CI\vendor\codeigniter4\framework\system\Database\BaseConnection.php(663): CodeIgniter\Database\MySQLi\Connection->execute('select * from e...')
#2 D:\workspace\Codeigniter\LMS_CI\vendor\codeigniter4\framework\system\Database\BaseConnection.php(591): CodeIgniter\Database\BaseConnection->simpleQuery('select * from e...')
#3 D:\workspace\Codeigniter\LMS_CI\app\Models\ExamModel.php(72): CodeIgniter\Database\BaseConnection->query('select * from e...')
#4 D:\workspace\Codeigniter\LMS_CI\app\Controllers\Exam.php(62): App\Models\ExamModel->getExamList('2021001', '1')
#5 D:\workspace\Codeigniter\LMS_CI\vendor\codeigniter4\framework\system\CodeIgniter.php(802): App\Controllers\Exam->getExamList()
#6 D:\workspace\Codeigniter\LMS_CI\vendor\codeigniter4\framework\system\CodeIgniter.php(399): CodeIgniter\CodeIgniter->runController(Object(App\Controllers\Exam))
#7 D:\workspace\Codeigniter\LMS_CI\vendor\codeigniter4\framework\system\CodeIgniter.php(317): CodeIgniter\CodeIgniter->handleRequest(NULL, Object(Config\Cache), false)
#8 D:\workspace\Codeigniter\LMS_CI\public\index.php(37): CodeIgniter\CodeIgniter->run()
#9 D:\workspace\Codeigniter\LMS_CI\vendor\codeigniter4\framework\system\Commands\Server\rewrite.php(43): require_once('D:\\workspace\\Co...')
#10 {main}
ERROR - 2021-11-09 03:22:18 --> Unknown column 'list_id' in 'where clause'
CRITICAL - 2021-11-09 03:22:18 --> Unknown column 'list_id' in 'where clause'
#0 D:\workspace\Codeigniter\LMS_CI\vendor\codeigniter4\framework\system\Database\MySQLi\Connection.php(280): mysqli->query('select * from e...')
#1 D:\workspace\Codeigniter\LMS_CI\vendor\codeigniter4\framework\system\Database\BaseConnection.php(663): CodeIgniter\Database\MySQLi\Connection->execute('select * from e...')
#2 D:\workspace\Codeigniter\LMS_CI\vendor\codeigniter4\framework\system\Database\BaseConnection.php(591): CodeIgniter\Database\BaseConnection->simpleQuery('select * from e...')
#3 D:\workspace\Codeigniter\LMS_CI\app\Models\ExamModel.php(72): CodeIgniter\Database\BaseConnection->query('select * from e...')
#4 D:\workspace\Codeigniter\LMS_CI\app\Controllers\Exam.php(62): App\Models\ExamModel->getExamList('2021001', '1')
#5 D:\workspace\Codeigniter\LMS_CI\vendor\codeigniter4\framework\system\CodeIgniter.php(802): App\Controllers\Exam->getExamList()
#6 D:\workspace\Codeigniter\LMS_CI\vendor\codeigniter4\framework\system\CodeIgniter.php(399): CodeIgniter\CodeIgniter->runController(Object(App\Controllers\Exam))
#7 D:\workspace\Codeigniter\LMS_CI\vendor\codeigniter4\framework\system\CodeIgniter.php(317): CodeIgniter\CodeIgniter->handleRequest(NULL, Object(Config\Cache), false)
#8 D:\workspace\Codeigniter\LMS_CI\public\index.php(37): CodeIgniter\CodeIgniter->run()
#9 D:\workspace\Codeigniter\LMS_CI\vendor\codeigniter4\framework\system\Commands\Server\rewrite.php(43): require_once('D:\\workspace\\Co...')
#10 {main}
ERROR - 2021-11-09 03:42:55 --> Unknown column 'list_id' in 'where clause'
CRITICAL - 2021-11-09 03:42:55 --> Unknown column 'list_id' in 'where clause'
#0 D:\workspace\Codeigniter\LMS_CI\vendor\codeigniter4\framework\system\Database\MySQLi\Connection.php(280): mysqli->query('select * from e...')
#1 D:\workspace\Codeigniter\LMS_CI\vendor\codeigniter4\framework\system\Database\BaseConnection.php(663): CodeIgniter\Database\MySQLi\Connection->execute('select * from e...')
#2 D:\workspace\Codeigniter\LMS_CI\vendor\codeigniter4\framework\system\Database\BaseConnection.php(591): CodeIgniter\Database\BaseConnection->simpleQuery('select * from e...')
#3 D:\workspace\Codeigniter\LMS_CI\app\Models\ExamModel.php(72): CodeIgniter\Database\BaseConnection->query('select * from e...')
#4 D:\workspace\Codeigniter\LMS_CI\app\Controllers\Exam.php(62): App\Models\ExamModel->getExamList('2021001', '1')
#5 D:\workspace\Codeigniter\LMS_CI\vendor\codeigniter4\framework\system\CodeIgniter.php(802): App\Controllers\Exam->getExamList()
#6 D:\workspace\Codeigniter\LMS_CI\vendor\codeigniter4\framework\system\CodeIgniter.php(399): CodeIgniter\CodeIgniter->runController(Object(App\Controllers\Exam))
#7 D:\workspace\Codeigniter\LMS_CI\vendor\codeigniter4\framework\system\CodeIgniter.php(317): CodeIgniter\CodeIgniter->handleRequest(NULL, Object(Config\Cache), false)
#8 D:\workspace\Codeigniter\LMS_CI\public\index.php(37): CodeIgniter\CodeIgniter->run()
#9 D:\workspace\Codeigniter\LMS_CI\vendor\codeigniter4\framework\system\Commands\Server\rewrite.php(43): require_once('D:\\workspace\\Co...')
#10 {main}
ERROR - 2021-11-09 03:43:16 --> Unknown column 'list_id' in 'where clause'
CRITICAL - 2021-11-09 03:43:16 --> Unknown column 'list_id' in 'where clause'
#0 D:\workspace\Codeigniter\LMS_CI\vendor\codeigniter4\framework\system\Database\MySQLi\Connection.php(280): mysqli->query('select * from e...')
#1 D:\workspace\Codeigniter\LMS_CI\vendor\codeigniter4\framework\system\Database\BaseConnection.php(663): CodeIgniter\Database\MySQLi\Connection->execute('select * from e...')
#2 D:\workspace\Codeigniter\LMS_CI\vendor\codeigniter4\framework\system\Database\BaseConnection.php(591): CodeIgniter\Database\BaseConnection->simpleQuery('select * from e...')
#3 D:\workspace\Codeigniter\LMS_CI\app\Models\ExamModel.php(72): CodeIgniter\Database\BaseConnection->query('select * from e...')
#4 D:\workspace\Codeigniter\LMS_CI\app\Controllers\Exam.php(62): App\Models\ExamModel->getExamList('2021001', '1')
#5 D:\workspace\Codeigniter\LMS_CI\vendor\codeigniter4\framework\system\CodeIgniter.php(802): App\Controllers\Exam->getExamList()
#6 D:\workspace\Codeigniter\LMS_CI\vendor\codeigniter4\framework\system\CodeIgniter.php(399): CodeIgniter\CodeIgniter->runController(Object(App\Controllers\Exam))
#7 D:\workspace\Codeigniter\LMS_CI\vendor\codeigniter4\framework\system\CodeIgniter.php(317): CodeIgniter\CodeIgniter->handleRequest(NULL, Object(Config\Cache), false)
#8 D:\workspace\Codeigniter\LMS_CI\public\index.php(37): CodeIgniter\CodeIgniter->run()
#9 D:\workspace\Codeigniter\LMS_CI\vendor\codeigniter4\framework\system\Commands\Server\rewrite.php(43): require_once('D:\\workspace\\Co...')
#10 {main}
ERROR - 2021-11-09 03:43:27 --> Unknown column 'list_id' in 'where clause'
CRITICAL - 2021-11-09 03:43:27 --> Unknown column 'list_id' in 'where clause'
#0 D:\workspace\Codeigniter\LMS_CI\vendor\codeigniter4\framework\system\Database\MySQLi\Connection.php(280): mysqli->query('select * from e...')
#1 D:\workspace\Codeigniter\LMS_CI\vendor\codeigniter4\framework\system\Database\BaseConnection.php(663): CodeIgniter\Database\MySQLi\Connection->execute('select * from e...')
#2 D:\workspace\Codeigniter\LMS_CI\vendor\codeigniter4\framework\system\Database\BaseConnection.php(591): CodeIgniter\Database\BaseConnection->simpleQuery('select * from e...')
#3 D:\workspace\Codeigniter\LMS_CI\app\Models\ExamModel.php(72): CodeIgniter\Database\BaseConnection->query('select * from e...')
#4 D:\workspace\Codeigniter\LMS_CI\app\Controllers\Exam.php(62): App\Models\ExamModel->getExamList('2021001', '1')
#5 D:\workspace\Codeigniter\LMS_CI\vendor\codeigniter4\framework\system\CodeIgniter.php(802): App\Controllers\Exam->getExamList()
#6 D:\workspace\Codeigniter\LMS_CI\vendor\codeigniter4\framework\system\CodeIgniter.php(399): CodeIgniter\CodeIgniter->runController(Object(App\Controllers\Exam))
#7 D:\workspace\Codeigniter\LMS_CI\vendor\codeigniter4\framework\system\CodeIgniter.php(317): CodeIgniter\CodeIgniter->handleRequest(NULL, Object(Config\Cache), false)
#8 D:\workspace\Codeigniter\LMS_CI\public\index.php(37): CodeIgniter\CodeIgniter->run()
#9 D:\workspace\Codeigniter\LMS_CI\vendor\codeigniter4\framework\system\Commands\Server\rewrite.php(43): require_once('D:\\workspace\\Co...')
#10 {main}
ERROR - 2021-11-09 03:47:32 --> Unknown column 'list_id' in 'where clause'
CRITICAL - 2021-11-09 03:47:32 --> Unknown column 'list_id' in 'where clause'
#0 D:\workspace\Codeigniter\LMS_CI\vendor\codeigniter4\framework\system\Database\MySQLi\Connection.php(280): mysqli->query('select * from e...')
#1 D:\workspace\Codeigniter\LMS_CI\vendor\codeigniter4\framework\system\Database\BaseConnection.php(663): CodeIgniter\Database\MySQLi\Connection->execute('select * from e...')
#2 D:\workspace\Codeigniter\LMS_CI\vendor\codeigniter4\framework\system\Database\BaseConnection.php(591): CodeIgniter\Database\BaseConnection->simpleQuery('select * from e...')
#3 D:\workspace\Codeigniter\LMS_CI\app\Models\ExamModel.php(72): CodeIgniter\Database\BaseConnection->query('select * from e...')
#4 D:\workspace\Codeigniter\LMS_CI\app\Controllers\Exam.php(62): App\Models\ExamModel->getExamList('2021001', '1')
#5 D:\workspace\Codeigniter\LMS_CI\vendor\codeigniter4\framework\system\CodeIgniter.php(802): App\Controllers\Exam->getExamList()
#6 D:\workspace\Codeigniter\LMS_CI\vendor\codeigniter4\framework\system\CodeIgniter.php(399): CodeIgniter\CodeIgniter->runController(Object(App\Controllers\Exam))
#7 D:\workspace\Codeigniter\LMS_CI\vendor\codeigniter4\framework\system\CodeIgniter.php(317): CodeIgniter\CodeIgniter->handleRequest(NULL, Object(Config\Cache), false)
#8 D:\workspace\Codeigniter\LMS_CI\public\index.php(37): CodeIgniter\CodeIgniter->run()
#9 D:\workspace\Codeigniter\LMS_CI\vendor\codeigniter4\framework\system\Commands\Server\rewrite.php(43): require_once('D:\\workspace\\Co...')
#10 {main}
ERROR - 2021-11-09 03:47:35 --> Unknown column 'list_id' in 'where clause'
CRITICAL - 2021-11-09 03:47:35 --> Unknown column 'list_id' in 'where clause'
#0 D:\workspace\Codeigniter\LMS_CI\vendor\codeigniter4\framework\system\Database\MySQLi\Connection.php(280): mysqli->query('select * from e...')
#1 D:\workspace\Codeigniter\LMS_CI\vendor\codeigniter4\framework\system\Database\BaseConnection.php(663): CodeIgniter\Database\MySQLi\Connection->execute('select * from e...')
#2 D:\workspace\Codeigniter\LMS_CI\vendor\codeigniter4\framework\system\Database\BaseConnection.php(591): CodeIgniter\Database\BaseConnection->simpleQuery('select * from e...')
#3 D:\workspace\Codeigniter\LMS_CI\app\Models\ExamModel.php(72): CodeIgniter\Database\BaseConnection->query('select * from e...')
#4 D:\workspace\Codeigniter\LMS_CI\app\Controllers\Exam.php(62): App\Models\ExamModel->getExamList('2021001', '1')
#5 D:\workspace\Codeigniter\LMS_CI\vendor\codeigniter4\framework\system\CodeIgniter.php(802): App\Controllers\Exam->getExamList()
#6 D:\workspace\Codeigniter\LMS_CI\vendor\codeigniter4\framework\system\CodeIgniter.php(399): CodeIgniter\CodeIgniter->runController(Object(App\Controllers\Exam))
#7 D:\workspace\Codeigniter\LMS_CI\vendor\codeigniter4\framework\system\CodeIgniter.php(317): CodeIgniter\CodeIgniter->handleRequest(NULL, Object(Config\Cache), false)
#8 D:\workspace\Codeigniter\LMS_CI\public\index.php(37): CodeIgniter\CodeIgniter->run()
#9 D:\workspace\Codeigniter\LMS_CI\vendor\codeigniter4\framework\system\Commands\Server\rewrite.php(43): require_once('D:\\workspace\\Co...')
#10 {main}
ERROR - 2021-11-09 03:49:43 --> Unknown column 'list_id' in 'where clause'
CRITICAL - 2021-11-09 03:49:43 --> Unknown column 'list_id' in 'where clause'
#0 D:\workspace\Codeigniter\LMS_CI\vendor\codeigniter4\framework\system\Database\MySQLi\Connection.php(280): mysqli->query('select * from e...')
#1 D:\workspace\Codeigniter\LMS_CI\vendor\codeigniter4\framework\system\Database\BaseConnection.php(663): CodeIgniter\Database\MySQLi\Connection->execute('select * from e...')
#2 D:\workspace\Codeigniter\LMS_CI\vendor\codeigniter4\framework\system\Database\BaseConnection.php(591): CodeIgniter\Database\BaseConnection->simpleQuery('select * from e...')
#3 D:\workspace\Codeigniter\LMS_CI\app\Models\ExamModel.php(72): CodeIgniter\Database\BaseConnection->query('select * from e...')
#4 D:\workspace\Codeigniter\LMS_CI\app\Controllers\Exam.php(62): App\Models\ExamModel->getExamList('2021001', '1')
#5 D:\workspace\Codeigniter\LMS_CI\vendor\codeigniter4\framework\system\CodeIgniter.php(802): App\Controllers\Exam->getExamList()
#6 D:\workspace\Codeigniter\LMS_CI\vendor\codeigniter4\framework\system\CodeIgniter.php(399): CodeIgniter\CodeIgniter->runController(Object(App\Controllers\Exam))
#7 D:\workspace\Codeigniter\LMS_CI\vendor\codeigniter4\framework\system\CodeIgniter.php(317): CodeIgniter\CodeIgniter->handleRequest(NULL, Object(Config\Cache), false)
#8 D:\workspace\Codeigniter\LMS_CI\public\index.php(37): CodeIgniter\CodeIgniter->run()
#9 D:\workspace\Codeigniter\LMS_CI\vendor\codeigniter4\framework\system\Commands\Server\rewrite.php(43): require_once('D:\\workspace\\Co...')
#10 {main}
ERROR - 2021-11-09 03:49:56 --> Unknown column 'list_id' in 'where clause'
CRITICAL - 2021-11-09 03:49:56 --> Unknown column 'list_id' in 'where clause'
#0 D:\workspace\Codeigniter\LMS_CI\vendor\codeigniter4\framework\system\Database\MySQLi\Connection.php(280): mysqli->query('select * from e...')
#1 D:\workspace\Codeigniter\LMS_CI\vendor\codeigniter4\framework\system\Database\BaseConnection.php(663): CodeIgniter\Database\MySQLi\Connection->execute('select * from e...')
#2 D:\workspace\Codeigniter\LMS_CI\vendor\codeigniter4\framework\system\Database\BaseConnection.php(591): CodeIgniter\Database\BaseConnection->simpleQuery('select * from e...')
#3 D:\workspace\Codeigniter\LMS_CI\app\Models\ExamModel.php(72): CodeIgniter\Database\BaseConnection->query('select * from e...')
#4 D:\workspace\Codeigniter\LMS_CI\app\Controllers\Exam.php(62): App\Models\ExamModel->getExamList('2021001', '1')
#5 D:\workspace\Codeigniter\LMS_CI\vendor\codeigniter4\framework\system\CodeIgniter.php(802): App\Controllers\Exam->getExamList()
#6 D:\workspace\Codeigniter\LMS_CI\vendor\codeigniter4\framework\system\CodeIgniter.php(399): CodeIgniter\CodeIgniter->runController(Object(App\Controllers\Exam))
#7 D:\workspace\Codeigniter\LMS_CI\vendor\codeigniter4\framework\system\CodeIgniter.php(317): CodeIgniter\CodeIgniter->handleRequest(NULL, Object(Config\Cache), false)
#8 D:\workspace\Codeigniter\LMS_CI\public\index.php(37): CodeIgniter\CodeIgniter->run()
#9 D:\workspace\Codeigniter\LMS_CI\vendor\codeigniter4\framework\system\Commands\Server\rewrite.php(43): require_once('D:\\workspace\\Co...')
#10 {main}
ERROR - 2021-11-09 03:50:01 --> Unknown column 'list_id' in 'where clause'
CRITICAL - 2021-11-09 03:50:01 --> Unknown column 'list_id' in 'where clause'
#0 D:\workspace\Codeigniter\LMS_CI\vendor\codeigniter4\framework\system\Database\MySQLi\Connection.php(280): mysqli->query('select * from e...')
#1 D:\workspace\Codeigniter\LMS_CI\vendor\codeigniter4\framework\system\Database\BaseConnection.php(663): CodeIgniter\Database\MySQLi\Connection->execute('select * from e...')
#2 D:\workspace\Codeigniter\LMS_CI\vendor\codeigniter4\framework\system\Database\BaseConnection.php(591): CodeIgniter\Database\BaseConnection->simpleQuery('select * from e...')
#3 D:\workspace\Codeigniter\LMS_CI\app\Models\ExamModel.php(72): CodeIgniter\Database\BaseConnection->query('select * from e...')
#4 D:\workspace\Codeigniter\LMS_CI\app\Controllers\Exam.php(62): App\Models\ExamModel->getExamList('2021001', '1')
#5 D:\workspace\Codeigniter\LMS_CI\vendor\codeigniter4\framework\system\CodeIgniter.php(802): App\Controllers\Exam->getExamList()
#6 D:\workspace\Codeigniter\LMS_CI\vendor\codeigniter4\framework\system\CodeIgniter.php(399): CodeIgniter\CodeIgniter->runController(Object(App\Controllers\Exam))
#7 D:\workspace\Codeigniter\LMS_CI\vendor\codeigniter4\framework\system\CodeIgniter.php(317): CodeIgniter\CodeIgniter->handleRequest(NULL, Object(Config\Cache), false)
#8 D:\workspace\Codeigniter\LMS_CI\public\index.php(37): CodeIgniter\CodeIgniter->run()
#9 D:\workspace\Codeigniter\LMS_CI\vendor\codeigniter4\framework\system\Commands\Server\rewrite.php(43): require_once('D:\\workspace\\Co...')
#10 {main}
ERROR - 2021-11-09 03:51:04 --> Unknown column 'list_id' in 'where clause'
CRITICAL - 2021-11-09 03:51:04 --> Unknown column 'list_id' in 'where clause'
#0 D:\workspace\Codeigniter\LMS_CI\vendor\codeigniter4\framework\system\Database\MySQLi\Connection.php(280): mysqli->query('select * from e...')
#1 D:\workspace\Codeigniter\LMS_CI\vendor\codeigniter4\framework\system\Database\BaseConnection.php(663): CodeIgniter\Database\MySQLi\Connection->execute('select * from e...')
#2 D:\workspace\Codeigniter\LMS_CI\vendor\codeigniter4\framework\system\Database\BaseConnection.php(591): CodeIgniter\Database\BaseConnection->simpleQuery('select * from e...')
#3 D:\workspace\Codeigniter\LMS_CI\app\Models\ExamModel.php(72): CodeIgniter\Database\BaseConnection->query('select * from e...')
#4 D:\workspace\Codeigniter\LMS_CI\app\Controllers\Exam.php(62): App\Models\ExamModel->getExamList('2021001', '1')
#5 D:\workspace\Codeigniter\LMS_CI\vendor\codeigniter4\framework\system\CodeIgniter.php(802): App\Controllers\Exam->getExamList()
#6 D:\workspace\Codeigniter\LMS_CI\vendor\codeigniter4\framework\system\CodeIgniter.php(399): CodeIgniter\CodeIgniter->runController(Object(App\Controllers\Exam))
#7 D:\workspace\Codeigniter\LMS_CI\vendor\codeigniter4\framework\system\CodeIgniter.php(317): CodeIgniter\CodeIgniter->handleRequest(NULL, Object(Config\Cache), false)
#8 D:\workspace\Codeigniter\LMS_CI\public\index.php(37): CodeIgniter\CodeIgniter->run()
#9 D:\workspace\Codeigniter\LMS_CI\vendor\codeigniter4\framework\system\Commands\Server\rewrite.php(43): require_once('D:\\workspace\\Co...')
#10 {main}
ERROR - 2021-11-09 03:52:32 --> Unknown column 'list_id' in 'where clause'
CRITICAL - 2021-11-09 03:52:32 --> Unknown column 'list_id' in 'where clause'
#0 D:\workspace\Codeigniter\LMS_CI\vendor\codeigniter4\framework\system\Database\MySQLi\Connection.php(280): mysqli->query('select * from e...')
#1 D:\workspace\Codeigniter\LMS_CI\vendor\codeigniter4\framework\system\Database\BaseConnection.php(663): CodeIgniter\Database\MySQLi\Connection->execute('select * from e...')
#2 D:\workspace\Codeigniter\LMS_CI\vendor\codeigniter4\framework\system\Database\BaseConnection.php(591): CodeIgniter\Database\BaseConnection->simpleQuery('select * from e...')
#3 D:\workspace\Codeigniter\LMS_CI\app\Models\ExamModel.php(72): CodeIgniter\Database\BaseConnection->query('select * from e...')
#4 D:\workspace\Codeigniter\LMS_CI\app\Controllers\Exam.php(62): App\Models\ExamModel->getExamList('2021001', '1')
#5 D:\workspace\Codeigniter\LMS_CI\vendor\codeigniter4\framework\system\CodeIgniter.php(802): App\Controllers\Exam->getExamList()
#6 D:\workspace\Codeigniter\LMS_CI\vendor\codeigniter4\framework\system\CodeIgniter.php(399): CodeIgniter\CodeIgniter->runController(Object(App\Controllers\Exam))
#7 D:\workspace\Codeigniter\LMS_CI\vendor\codeigniter4\framework\system\CodeIgniter.php(317): CodeIgniter\CodeIgniter->handleRequest(NULL, Object(Config\Cache), false)
#8 D:\workspace\Codeigniter\LMS_CI\public\index.php(37): CodeIgniter\CodeIgniter->run()
#9 D:\workspace\Codeigniter\LMS_CI\vendor\codeigniter4\framework\system\Commands\Server\rewrite.php(43): require_once('D:\\workspace\\Co...')
#10 {main}
ERROR - 2021-11-09 03:53:09 --> Unknown column 'list_id' in 'where clause'
CRITICAL - 2021-11-09 03:53:09 --> Unknown column 'list_id' in 'where clause'
#0 D:\workspace\Codeigniter\LMS_CI\vendor\codeigniter4\framework\system\Database\MySQLi\Connection.php(280): mysqli->query('select * from e...')
#1 D:\workspace\Codeigniter\LMS_CI\vendor\codeigniter4\framework\system\Database\BaseConnection.php(663): CodeIgniter\Database\MySQLi\Connection->execute('select * from e...')
#2 D:\workspace\Codeigniter\LMS_CI\vendor\codeigniter4\framework\system\Database\BaseConnection.php(591): CodeIgniter\Database\BaseConnection->simpleQuery('select * from e...')
#3 D:\workspace\Codeigniter\LMS_CI\app\Models\ExamModel.php(72): CodeIgniter\Database\BaseConnection->query('select * from e...')
#4 D:\workspace\Codeigniter\LMS_CI\app\Controllers\Exam.php(62): App\Models\ExamModel->getExamList('2021001', '1')
#5 D:\workspace\Codeigniter\LMS_CI\vendor\codeigniter4\framework\system\CodeIgniter.php(802): App\Controllers\Exam->getExamList()
#6 D:\workspace\Codeigniter\LMS_CI\vendor\codeigniter4\framework\system\CodeIgniter.php(399): CodeIgniter\CodeIgniter->runController(Object(App\Controllers\Exam))
#7 D:\workspace\Codeigniter\LMS_CI\vendor\codeigniter4\framework\system\CodeIgniter.php(317): CodeIgniter\CodeIgniter->handleRequest(NULL, Object(Config\Cache), false)
#8 D:\workspace\Codeigniter\LMS_CI\public\index.php(37): CodeIgniter\CodeIgniter->run()
#9 D:\workspace\Codeigniter\LMS_CI\vendor\codeigniter4\framework\system\Commands\Server\rewrite.php(43): require_once('D:\\workspace\\Co...')
#10 {main}
ERROR - 2021-11-09 03:54:22 --> Unknown column 'list_id' in 'where clause'
CRITICAL - 2021-11-09 03:54:22 --> Unknown column 'list_id' in 'where clause'
#0 D:\workspace\Codeigniter\LMS_CI\vendor\codeigniter4\framework\system\Database\MySQLi\Connection.php(280): mysqli->query('select * from e...')
#1 D:\workspace\Codeigniter\LMS_CI\vendor\codeigniter4\framework\system\Database\BaseConnection.php(663): CodeIgniter\Database\MySQLi\Connection->execute('select * from e...')
#2 D:\workspace\Codeigniter\LMS_CI\vendor\codeigniter4\framework\system\Database\BaseConnection.php(591): CodeIgniter\Database\BaseConnection->simpleQuery('select * from e...')
#3 D:\workspace\Codeigniter\LMS_CI\app\Models\ExamModel.php(72): CodeIgniter\Database\BaseConnection->query('select * from e...')
#4 D:\workspace\Codeigniter\LMS_CI\app\Controllers\Exam.php(62): App\Models\ExamModel->getExamList('2021001', '1')
#5 D:\workspace\Codeigniter\LMS_CI\vendor\codeigniter4\framework\system\CodeIgniter.php(802): App\Controllers\Exam->getExamList()
#6 D:\workspace\Codeigniter\LMS_CI\vendor\codeigniter4\framework\system\CodeIgniter.php(399): CodeIgniter\CodeIgniter->runController(Object(App\Controllers\Exam))
#7 D:\workspace\Codeigniter\LMS_CI\vendor\codeigniter4\framework\system\CodeIgniter.php(317): CodeIgniter\CodeIgniter->handleRequest(NULL, Object(Config\Cache), false)
#8 D:\workspace\Codeigniter\LMS_CI\public\index.php(37): CodeIgniter\CodeIgniter->run()
#9 D:\workspace\Codeigniter\LMS_CI\vendor\codeigniter4\framework\system\Commands\Server\rewrite.php(43): require_once('D:\\workspace\\Co...')
#10 {main}
ERROR - 2021-11-09 04:05:29 --> Unknown column 'list_id' in 'where clause'
CRITICAL - 2021-11-09 04:05:29 --> Unknown column 'list_id' in 'where clause'
#0 D:\workspace\Codeigniter\LMS_CI\vendor\codeigniter4\framework\system\Database\MySQLi\Connection.php(280): mysqli->query('select * from e...')
#1 D:\workspace\Codeigniter\LMS_CI\vendor\codeigniter4\framework\system\Database\BaseConnection.php(663): CodeIgniter\Database\MySQLi\Connection->execute('select * from e...')
#2 D:\workspace\Codeigniter\LMS_CI\vendor\codeigniter4\framework\system\Database\BaseConnection.php(591): CodeIgniter\Database\BaseConnection->simpleQuery('select * from e...')
#3 D:\workspace\Codeigniter\LMS_CI\app\Models\ExamModel.php(72): CodeIgniter\Database\BaseConnection->query('select * from e...')
#4 D:\workspace\Codeigniter\LMS_CI\app\Controllers\Exam.php(62): App\Models\ExamModel->getExamList('2021001', '1')
#5 D:\workspace\Codeigniter\LMS_CI\vendor\codeigniter4\framework\system\CodeIgniter.php(802): App\Controllers\Exam->getExamList()
#6 D:\workspace\Codeigniter\LMS_CI\vendor\codeigniter4\framework\system\CodeIgniter.php(399): CodeIgniter\CodeIgniter->runController(Object(App\Controllers\Exam))
#7 D:\workspace\Codeigniter\LMS_CI\vendor\codeigniter4\framework\system\CodeIgniter.php(317): CodeIgniter\CodeIgniter->handleRequest(NULL, Object(Config\Cache), false)
#8 D:\workspace\Codeigniter\LMS_CI\public\index.php(37): CodeIgniter\CodeIgniter->run()
#9 D:\workspace\Codeigniter\LMS_CI\vendor\codeigniter4\framework\system\Commands\Server\rewrite.php(43): require_once('D:\\workspace\\Co...')
#10 {main}
ERROR - 2021-11-09 04:06:22 --> Unknown column 'list_id' in 'where clause'
CRITICAL - 2021-11-09 04:06:22 --> Unknown column 'list_id' in 'where clause'
#0 D:\workspace\Codeigniter\LMS_CI\vendor\codeigniter4\framework\system\Database\MySQLi\Connection.php(280): mysqli->query('select * from e...')
#1 D:\workspace\Codeigniter\LMS_CI\vendor\codeigniter4\framework\system\Database\BaseConnection.php(663): CodeIgniter\Database\MySQLi\Connection->execute('select * from e...')
#2 D:\workspace\Codeigniter\LMS_CI\vendor\codeigniter4\framework\system\Database\BaseConnection.php(591): CodeIgniter\Database\BaseConnection->simpleQuery('select * from e...')
#3 D:\workspace\Codeigniter\LMS_CI\app\Models\ExamModel.php(72): CodeIgniter\Database\BaseConnection->query('select * from e...')
#4 D:\workspace\Codeigniter\LMS_CI\app\Controllers\Exam.php(62): App\Models\ExamModel->getExamList('2021001', '1')
#5 D:\workspace\Codeigniter\LMS_CI\vendor\codeigniter4\framework\system\CodeIgniter.php(802): App\Controllers\Exam->getExamList()
#6 D:\workspace\Codeigniter\LMS_CI\vendor\codeigniter4\framework\system\CodeIgniter.php(399): CodeIgniter\CodeIgniter->runController(Object(App\Controllers\Exam))
#7 D:\workspace\Codeigniter\LMS_CI\vendor\codeigniter4\framework\system\CodeIgniter.php(317): CodeIgniter\CodeIgniter->handleRequest(NULL, Object(Config\Cache), false)
#8 D:\workspace\Codeigniter\LMS_CI\public\index.php(37): CodeIgniter\CodeIgniter->run()
#9 D:\workspace\Codeigniter\LMS_CI\vendor\codeigniter4\framework\system\Commands\Server\rewrite.php(43): require_once('D:\\workspace\\Co...')
#10 {main}
ERROR - 2021-11-09 04:13:51 --> Unknown column 'list_id' in 'where clause'
CRITICAL - 2021-11-09 04:13:51 --> Unknown column 'list_id' in 'where clause'
#0 D:\workspace\Codeigniter\LMS_CI\vendor\codeigniter4\framework\system\Database\MySQLi\Connection.php(280): mysqli->query('select * from e...')
#1 D:\workspace\Codeigniter\LMS_CI\vendor\codeigniter4\framework\system\Database\BaseConnection.php(663): CodeIgniter\Database\MySQLi\Connection->execute('select * from e...')
#2 D:\workspace\Codeigniter\LMS_CI\vendor\codeigniter4\framework\system\Database\BaseConnection.php(591): CodeIgniter\Database\BaseConnection->simpleQuery('select * from e...')
#3 D:\workspace\Codeigniter\LMS_CI\app\Models\ExamModel.php(72): CodeIgniter\Database\BaseConnection->query('select * from e...')
#4 D:\workspace\Codeigniter\LMS_CI\app\Controllers\Exam.php(62): App\Models\ExamModel->getExamList('2021001', '1')
#5 D:\workspace\Codeigniter\LMS_CI\vendor\codeigniter4\framework\system\CodeIgniter.php(802): App\Controllers\Exam->getExamList()
#6 D:\workspace\Codeigniter\LMS_CI\vendor\codeigniter4\framework\system\CodeIgniter.php(399): CodeIgniter\CodeIgniter->runController(Object(App\Controllers\Exam))
#7 D:\workspace\Codeigniter\LMS_CI\vendor\codeigniter4\framework\system\CodeIgniter.php(317): CodeIgniter\CodeIgniter->handleRequest(NULL, Object(Config\Cache), false)
#8 D:\workspace\Codeigniter\LMS_CI\public\index.php(37): CodeIgniter\CodeIgniter->run()
#9 D:\workspace\Codeigniter\LMS_CI\vendor\codeigniter4\framework\system\Commands\Server\rewrite.php(43): require_once('D:\\workspace\\Co...')
#10 {main}
ERROR - 2021-11-09 09:02:57 --> Unknown column 'list_id' in 'where clause'
CRITICAL - 2021-11-09 09:02:57 --> Unknown column 'list_id' in 'where clause'
#0 D:\workspace\Codeigniter\LMS_CI\vendor\codeigniter4\framework\system\Database\MySQLi\Connection.php(280): mysqli->query('select * from e...')
#1 D:\workspace\Codeigniter\LMS_CI\vendor\codeigniter4\framework\system\Database\BaseConnection.php(663): CodeIgniter\Database\MySQLi\Connection->execute('select * from e...')
#2 D:\workspace\Codeigniter\LMS_CI\vendor\codeigniter4\framework\system\Database\BaseConnection.php(591): CodeIgniter\Database\BaseConnection->simpleQuery('select * from e...')
#3 D:\workspace\Codeigniter\LMS_CI\app\Models\ExamModel.php(72): CodeIgniter\Database\BaseConnection->query('select * from e...')
#4 D:\workspace\Codeigniter\LMS_CI\app\Controllers\Exam.php(62): App\Models\ExamModel->getExamList('2021001', '1')
#5 D:\workspace\Codeigniter\LMS_CI\vendor\codeigniter4\framework\system\CodeIgniter.php(802): App\Controllers\Exam->getExamList()
#6 D:\workspace\Codeigniter\LMS_CI\vendor\codeigniter4\framework\system\CodeIgniter.php(399): CodeIgniter\CodeIgniter->runController(Object(App\Controllers\Exam))
#7 D:\workspace\Codeigniter\LMS_CI\vendor\codeigniter4\framework\system\CodeIgniter.php(317): CodeIgniter\CodeIgniter->handleRequest(NULL, Object(Config\Cache), false)
#8 D:\workspace\Codeigniter\LMS_CI\public\index.php(37): CodeIgniter\CodeIgniter->run()
#9 D:\workspace\Codeigniter\LMS_CI\vendor\codeigniter4\framework\system\Commands\Server\rewrite.php(43): require_once('D:\\workspace\\Co...')
#10 {main}
CRITICAL - 2021-11-09 09:32:25 --> Array to string conversion
#0 D:\workspace\Codeigniter\LMS_CI\app\Models\ExamModel.php(147): CodeIgniter\Debug\Exceptions->errorHandler(8, 'Array to string...', 'D:\\workspace\\Co...', 147, Array)
#1 D:\workspace\Codeigniter\LMS_CI\app\Controllers\Exam.php(129): App\Models\ExamModel->getQuesList(Array)
#2 D:\workspace\Codeigniter\LMS_CI\vendor\codeigniter4\framework\system\CodeIgniter.php(802): App\Controllers\Exam->getQuesList()
#3 D:\workspace\Codeigniter\LMS_CI\vendor\codeigniter4\framework\system\CodeIgniter.php(399): CodeIgniter\CodeIgniter->runController(Object(App\Controllers\Exam))
#4 D:\workspace\Codeigniter\LMS_CI\vendor\codeigniter4\framework\system\CodeIgniter.php(317): CodeIgniter\CodeIgniter->handleRequest(NULL, Object(Config\Cache), false)
#5 D:\workspace\Codeigniter\LMS_CI\public\index.php(37): CodeIgniter\CodeIgniter->run()
#6 D:\workspace\Codeigniter\LMS_CI\vendor\codeigniter4\framework\system\Commands\Server\rewrite.php(43): require_once('D:\\workspace\\Co...')
#7 {main}
CRITICAL - 2021-11-09 09:48:11 --> Call to undefined method CodeIgniter\Database\MySQLi\Builder::getResult()
#0 D:\workspace\Codeigniter\LMS_CI\app\Controllers\Exam.php(128): App\Models\ExamModel->getQuesList(Array)
#1 D:\workspace\Codeigniter\LMS_CI\vendor\codeigniter4\framework\system\CodeIgniter.php(802): App\Controllers\Exam->getQuesList()
#2 D:\workspace\Codeigniter\LMS_CI\vendor\codeigniter4\framework\system\CodeIgniter.php(399): CodeIgniter\CodeIgniter->runController(Object(App\Controllers\Exam))
#3 D:\workspace\Codeigniter\LMS_CI\vendor\codeigniter4\framework\system\CodeIgniter.php(317): CodeIgniter\CodeIgniter->handleRequest(NULL, Object(Config\Cache), false)
#4 D:\workspace\Codeigniter\LMS_CI\public\index.php(37): CodeIgniter\CodeIgniter->run()
#5 D:\workspace\Codeigniter\LMS_CI\vendor\codeigniter4\framework\system\Commands\Server\rewrite.php(43): require_once('D:\\workspace\\Co...')
#6 {main}
CRITICAL - 2021-11-09 10:01:13 --> Undefined variable: result
#0 D:\workspace\Codeigniter\LMS_CI\app\Controllers\Exam.php(129): CodeIgniter\Debug\Exceptions->errorHandler(8, 'Undefined varia...', 'D:\\workspace\\Co...', 129, Array)
#1 D:\workspace\Codeigniter\LMS_CI\vendor\codeigniter4\framework\system\CodeIgniter.php(802): App\Controllers\Exam->getQuesList()
#2 D:\workspace\Codeigniter\LMS_CI\vendor\codeigniter4\framework\system\CodeIgniter.php(399): CodeIgniter\CodeIgniter->runController(Object(App\Controllers\Exam))
#3 D:\workspace\Codeigniter\LMS_CI\vendor\codeigniter4\framework\system\CodeIgniter.php(317): CodeIgniter\CodeIgniter->handleRequest(NULL, Object(Config\Cache), false)
#4 D:\workspace\Codeigniter\LMS_CI\public\index.php(37): CodeIgniter\CodeIgniter->run()
#5 D:\workspace\Codeigniter\LMS_CI\vendor\codeigniter4\framework\system\Commands\Server\rewrite.php(43): require_once('D:\\workspace\\Co...')
#6 {main}
ERROR - 2021-11-09 10:15:27 --> Unknown column 'list_id' in 'where clause'
CRITICAL - 2021-11-09 10:15:27 --> Unknown column 'list_id' in 'where clause'
#0 D:\workspace\Codeigniter\LMS_CI\vendor\codeigniter4\framework\system\Database\MySQLi\Connection.php(280): mysqli->query('select * from e...')
#1 D:\workspace\Codeigniter\LMS_CI\vendor\codeigniter4\framework\system\Database\BaseConnection.php(663): CodeIgniter\Database\MySQLi\Connection->execute('select * from e...')
#2 D:\workspace\Codeigniter\LMS_CI\vendor\codeigniter4\framework\system\Database\BaseConnection.php(591): CodeIgniter\Database\BaseConnection->simpleQuery('select * from e...')
#3 D:\workspace\Codeigniter\LMS_CI\app\Models\ExamModel.php(72): CodeIgniter\Database\BaseConnection->query('select * from e...')
#4 D:\workspace\Codeigniter\LMS_CI\app\Controllers\Exam.php(62): App\Models\ExamModel->getExamList('2021001', '1')
#5 D:\workspace\Codeigniter\LMS_CI\vendor\codeigniter4\framework\system\CodeIgniter.php(802): App\Controllers\Exam->getExamList()
#6 D:\workspace\Codeigniter\LMS_CI\vendor\codeigniter4\framework\system\CodeIgniter.php(399): CodeIgniter\CodeIgniter->runController(Object(App\Controllers\Exam))
#7 D:\workspace\Codeigniter\LMS_CI\vendor\codeigniter4\framework\system\CodeIgniter.php(317): CodeIgniter\CodeIgniter->handleRequest(NULL, Object(Config\Cache), false)
#8 D:\workspace\Codeigniter\LMS_CI\public\index.php(37): CodeIgniter\CodeIgniter->run()
#9 D:\workspace\Codeigniter\LMS_CI\vendor\codeigniter4\framework\system\Commands\Server\rewrite.php(43): require_once('D:\\workspace\\Co...')
#10 {main}
ERROR - 2021-11-09 11:27:21 --> Unknown column 'list_id' in 'where clause'
CRITICAL - 2021-11-09 11:27:21 --> Unknown column 'list_id' in 'where clause'
#0 D:\workspace\Codeigniter\LMS_CI\vendor\codeigniter4\framework\system\Database\MySQLi\Connection.php(280): mysqli->query('select * from e...')
#1 D:\workspace\Codeigniter\LMS_CI\vendor\codeigniter4\framework\system\Database\BaseConnection.php(663): CodeIgniter\Database\MySQLi\Connection->execute('select * from e...')
#2 D:\workspace\Codeigniter\LMS_CI\vendor\codeigniter4\framework\system\Database\BaseConnection.php(591): CodeIgniter\Database\BaseConnection->simpleQuery('select * from e...')
#3 D:\workspace\Codeigniter\LMS_CI\app\Models\ExamModel.php(72): CodeIgniter\Database\BaseConnection->query('select * from e...')
#4 D:\workspace\Codeigniter\LMS_CI\app\Controllers\Exam.php(62): App\Models\ExamModel->getExamList('2021001', '1')
#5 D:\workspace\Codeigniter\LMS_CI\vendor\codeigniter4\framework\system\CodeIgniter.php(802): App\Controllers\Exam->getExamList()
#6 D:\workspace\Codeigniter\LMS_CI\vendor\codeigniter4\framework\system\CodeIgniter.php(399): CodeIgniter\CodeIgniter->runController(Object(App\Controllers\Exam))
#7 D:\workspace\Codeigniter\LMS_CI\vendor\codeigniter4\framework\system\CodeIgniter.php(317): CodeIgniter\CodeIgniter->handleRequest(NULL, Object(Config\Cache), false)
#8 D:\workspace\Codeigniter\LMS_CI\public\index.php(37): CodeIgniter\CodeIgniter->run()
#9 D:\workspace\Codeigniter\LMS_CI\vendor\codeigniter4\framework\system\Commands\Server\rewrite.php(43): require_once('D:\\workspace\\Co...')
#10 {main}
ERROR - 2021-11-09 11:36:09 --> Unknown column 'list_id' in 'where clause'
CRITICAL - 2021-11-09 11:36:09 --> Unknown column 'list_id' in 'where clause'
#0 D:\workspace\Codeigniter\LMS_CI\vendor\codeigniter4\framework\system\Database\MySQLi\Connection.php(280): mysqli->query('select * from e...')
#1 D:\workspace\Codeigniter\LMS_CI\vendor\codeigniter4\framework\system\Database\BaseConnection.php(663): CodeIgniter\Database\MySQLi\Connection->execute('select * from e...')
#2 D:\workspace\Codeigniter\LMS_CI\vendor\codeigniter4\framework\system\Database\BaseConnection.php(591): CodeIgniter\Database\BaseConnection->simpleQuery('select * from e...')
#3 D:\workspace\Codeigniter\LMS_CI\app\Models\ExamModel.php(72): CodeIgniter\Database\BaseConnection->query('select * from e...')
#4 D:\workspace\Codeigniter\LMS_CI\app\Controllers\Exam.php(62): App\Models\ExamModel->getExamList('2021001', '1')
#5 D:\workspace\Codeigniter\LMS_CI\vendor\codeigniter4\framework\system\CodeIgniter.php(802): App\Controllers\Exam->getExamList()
#6 D:\workspace\Codeigniter\LMS_CI\vendor\codeigniter4\framework\system\CodeIgniter.php(399): CodeIgniter\CodeIgniter->runController(Object(App\Controllers\Exam))
#7 D:\workspace\Codeigniter\LMS_CI\vendor\codeigniter4\framework\system\CodeIgniter.php(317): CodeIgniter\CodeIgniter->handleRequest(NULL, Object(Config\Cache), false)
#8 D:\workspace\Codeigniter\LMS_CI\public\index.php(37): CodeIgniter\CodeIgniter->run()
#9 D:\workspace\Codeigniter\LMS_CI\vendor\codeigniter4\framework\system\Commands\Server\rewrite.php(43): require_once('D:\\workspace\\Co...')
#10 {main}
ERROR - 2021-11-09 11:37:23 --> Unknown column 'list_id' in 'where clause'
CRITICAL - 2021-11-09 11:37:23 --> Unknown column 'list_id' in 'where clause'
#0 D:\workspace\Codeigniter\LMS_CI\vendor\codeigniter4\framework\system\Database\MySQLi\Connection.php(280): mysqli->query('select * from e...')
#1 D:\workspace\Codeigniter\LMS_CI\vendor\codeigniter4\framework\system\Database\BaseConnection.php(663): CodeIgniter\Database\MySQLi\Connection->execute('select * from e...')
#2 D:\workspace\Codeigniter\LMS_CI\vendor\codeigniter4\framework\system\Database\BaseConnection.php(591): CodeIgniter\Database\BaseConnection->simpleQuery('select * from e...')
#3 D:\workspace\Codeigniter\LMS_CI\app\Models\ExamModel.php(72): CodeIgniter\Database\BaseConnection->query('select * from e...')
#4 D:\workspace\Codeigniter\LMS_CI\app\Controllers\Exam.php(62): App\Models\ExamModel->getExamList('2021001', '1')
#5 D:\workspace\Codeigniter\LMS_CI\vendor\codeigniter4\framework\system\CodeIgniter.php(802): App\Controllers\Exam->getExamList()
#6 D:\workspace\Codeigniter\LMS_CI\vendor\codeigniter4\framework\system\CodeIgniter.php(399): CodeIgniter\CodeIgniter->runController(Object(App\Controllers\Exam))
#7 D:\workspace\Codeigniter\LMS_CI\vendor\codeigniter4\framework\system\CodeIgniter.php(317): CodeIgniter\CodeIgniter->handleRequest(NULL, Object(Config\Cache), false)
#8 D:\workspace\Codeigniter\LMS_CI\public\index.php(37): CodeIgniter\CodeIgniter->run()
#9 D:\workspace\Codeigniter\LMS_CI\vendor\codeigniter4\framework\system\Commands\Server\rewrite.php(43): require_once('D:\\workspace\\Co...')
#10 {main}
ERROR - 2021-11-09 11:45:11 --> Unknown column 'list_id' in 'where clause'
CRITICAL - 2021-11-09 11:45:11 --> Unknown column 'list_id' in 'where clause'
#0 D:\workspace\Codeigniter\LMS_CI\vendor\codeigniter4\framework\system\Database\MySQLi\Connection.php(280): mysqli->query('select * from e...')
#1 D:\workspace\Codeigniter\LMS_CI\vendor\codeigniter4\framework\system\Database\BaseConnection.php(663): CodeIgniter\Database\MySQLi\Connection->execute('select * from e...')
#2 D:\workspace\Codeigniter\LMS_CI\vendor\codeigniter4\framework\system\Database\BaseConnection.php(591): CodeIgniter\Database\BaseConnection->simpleQuery('select * from e...')
#3 D:\workspace\Codeigniter\LMS_CI\app\Models\ExamModel.php(72): CodeIgniter\Database\BaseConnection->query('select * from e...')
#4 D:\workspace\Codeigniter\LMS_CI\app\Controllers\Exam.php(62): App\Models\ExamModel->getExamList('2021001', '1')
#5 D:\workspace\Codeigniter\LMS_CI\vendor\codeigniter4\framework\system\CodeIgniter.php(802): App\Controllers\Exam->getExamList()
#6 D:\workspace\Codeigniter\LMS_CI\vendor\codeigniter4\framework\system\CodeIgniter.php(399): CodeIgniter\CodeIgniter->runController(Object(App\Controllers\Exam))
#7 D:\workspace\Codeigniter\LMS_CI\vendor\codeigniter4\framework\system\CodeIgniter.php(317): CodeIgniter\CodeIgniter->handleRequest(NULL, Object(Config\Cache), false)
#8 D:\workspace\Codeigniter\LMS_CI\public\index.php(37): CodeIgniter\CodeIgniter->run()
#9 D:\workspace\Codeigniter\LMS_CI\vendor\codeigniter4\framework\system\Commands\Server\rewrite.php(43): require_once('D:\\workspace\\Co...')
#10 {main}
ERROR - 2021-11-09 11:47:05 --> Unknown column 'list_id' in 'where clause'
CRITICAL - 2021-11-09 11:47:05 --> Unknown column 'list_id' in 'where clause'
#0 D:\workspace\Codeigniter\LMS_CI\vendor\codeigniter4\framework\system\Database\MySQLi\Connection.php(280): mysqli->query('select * from e...')
#1 D:\workspace\Codeigniter\LMS_CI\vendor\codeigniter4\framework\system\Database\BaseConnection.php(663): CodeIgniter\Database\MySQLi\Connection->execute('select * from e...')
#2 D:\workspace\Codeigniter\LMS_CI\vendor\codeigniter4\framework\system\Database\BaseConnection.php(591): CodeIgniter\Database\BaseConnection->simpleQuery('select * from e...')
#3 D:\workspace\Codeigniter\LMS_CI\app\Models\ExamModel.php(72): CodeIgniter\Database\BaseConnection->query('select * from e...')
#4 D:\workspace\Codeigniter\LMS_CI\app\Controllers\Exam.php(62): App\Models\ExamModel->getExamList('2021001', '1')
#5 D:\workspace\Codeigniter\LMS_CI\vendor\codeigniter4\framework\system\CodeIgniter.php(802): App\Controllers\Exam->getExamList()
#6 D:\workspace\Codeigniter\LMS_CI\vendor\codeigniter4\framework\system\CodeIgniter.php(399): CodeIgniter\CodeIgniter->runController(Object(App\Controllers\Exam))
#7 D:\workspace\Codeigniter\LMS_CI\vendor\codeigniter4\framework\system\CodeIgniter.php(317): CodeIgniter\CodeIgniter->handleRequest(NULL, Object(Config\Cache), false)
#8 D:\workspace\Codeigniter\LMS_CI\public\index.php(37): CodeIgniter\CodeIgniter->run()
#9 D:\workspace\Codeigniter\LMS_CI\vendor\codeigniter4\framework\system\Commands\Server\rewrite.php(43): require_once('D:\\workspace\\Co...')
#10 {main}
CRITICAL - 2021-11-09 11:57:50 --> Undefined index: exam_id
#0 D:\workspace\Codeigniter\LMS_CI\app\Models\ExamModel.php(146): CodeIgniter\Debug\Exceptions->errorHandler(8, 'Undefined index...', 'D:\\workspace\\Co...', 146, Array)
#1 D:\workspace\Codeigniter\LMS_CI\app\Controllers\Exam.php(128): App\Models\ExamModel->getQuesList(Array)
#2 D:\workspace\Codeigniter\LMS_CI\vendor\codeigniter4\framework\system\CodeIgniter.php(802): App\Controllers\Exam->getQuesList()
#3 D:\workspace\Codeigniter\LMS_CI\vendor\codeigniter4\framework\system\CodeIgniter.php(399): CodeIgniter\CodeIgniter->runController(Object(App\Controllers\Exam))
#4 D:\workspace\Codeigniter\LMS_CI\vendor\codeigniter4\framework\system\CodeIgniter.php(317): CodeIgniter\CodeIgniter->handleRequest(NULL, Object(Config\Cache), false)
#5 D:\workspace\Codeigniter\LMS_CI\public\index.php(37): CodeIgniter\CodeIgniter->run()
#6 D:\workspace\Codeigniter\LMS_CI\vendor\codeigniter4\framework\system\Commands\Server\rewrite.php(43): require_once('D:\\workspace\\Co...')
#7 {main}
