ERROR - 2021-08-19 12:08:55 --> Error connecting to the database: Access denied for user '****'@'localhost' (using password: NO)
CRITICAL - 2021-08-19 12:08:55 --> Unable to connect to the database.
Main connection [MySQLi]: Access denied for user '****'@'localhost' (using password: NO)
#0 /home/admaula/cesienet.sie-aulavirtual.com/vendor/codeigniter4/framework/system/Database/BaseConnection.php(625): CodeIgniter\Database\BaseConnection->initialize()
#1 /home/admaula/cesienet.sie-aulavirtual.com/app/Models/UserModel.php(96): CodeIgniter\Database\BaseConnection->query('select p.p_codi...')
#2 /home/admaula/cesienet.sie-aulavirtual.com/app/Controllers/Dashboard.php(21): App\Models\UserModel->getInfo(Array)
#3 /home/admaula/cesienet.sie-aulavirtual.com/app/Controllers/Dashboard.php(14): App\Controllers\Dashboard->connected()
#4 /home/admaula/cesienet.sie-aulavirtual.com/vendor/codeigniter4/framework/system/CodeIgniter.php(900): App\Controllers\Dashboard->__construct()
#5 /home/admaula/cesienet.sie-aulavirtual.com/vendor/codeigniter4/framework/system/CodeIgniter.php(426): CodeIgniter\CodeIgniter->createController()
#6 /home/admaula/cesienet.sie-aulavirtual.com/vendor/codeigniter4/framework/system/CodeIgniter.php(336): CodeIgniter\CodeIgniter->handleRequest(NULL, Object(Config\Cache), false)
#7 /home/admaula/cesienet.sie-aulavirtual.com/public/index.php(37): CodeIgniter\CodeIgniter->run()
#8 {main}
ERROR - 2021-08-19 12:09:09 --> Error connecting to the database: Access denied for user '****'@'localhost' (using password: NO)
CRITICAL - 2021-08-19 12:09:09 --> Unable to connect to the database.
Main connection [MySQLi]: Access denied for user '****'@'localhost' (using password: NO)
#0 /home/admaula/cesienet.sie-aulavirtual.com/vendor/codeigniter4/framework/system/Database/BaseConnection.php(625): CodeIgniter\Database\BaseConnection->initialize()
#1 /home/admaula/cesienet.sie-aulavirtual.com/app/Models/UserModel.php(96): CodeIgniter\Database\BaseConnection->query('select p.p_codi...')
#2 /home/admaula/cesienet.sie-aulavirtual.com/app/Controllers/Dashboard.php(21): App\Models\UserModel->getInfo(Array)
#3 /home/admaula/cesienet.sie-aulavirtual.com/app/Controllers/Dashboard.php(14): App\Controllers\Dashboard->connected()
#4 /home/admaula/cesienet.sie-aulavirtual.com/vendor/codeigniter4/framework/system/CodeIgniter.php(900): App\Controllers\Dashboard->__construct()
#5 /home/admaula/cesienet.sie-aulavirtual.com/vendor/codeigniter4/framework/system/CodeIgniter.php(426): CodeIgniter\CodeIgniter->createController()
#6 /home/admaula/cesienet.sie-aulavirtual.com/vendor/codeigniter4/framework/system/CodeIgniter.php(336): CodeIgniter\CodeIgniter->handleRequest(NULL, Object(Config\Cache), false)
#7 /home/admaula/cesienet.sie-aulavirtual.com/public/index.php(37): CodeIgniter\CodeIgniter->run()
#8 {main}
ERROR - 2021-08-19 12:09:12 --> Error connecting to the database: Access denied for user '****'@'localhost' (using password: NO)
CRITICAL - 2021-08-19 12:09:12 --> Unable to connect to the database.
Main connection [MySQLi]: Access denied for user '****'@'localhost' (using password: NO)
#0 /home/admaula/cesienet.sie-aulavirtual.com/vendor/codeigniter4/framework/system/Database/BaseConnection.php(625): CodeIgniter\Database\BaseConnection->initialize()
#1 /home/admaula/cesienet.sie-aulavirtual.com/app/Models/UserModel.php(96): CodeIgniter\Database\BaseConnection->query('select p.p_codi...')
#2 /home/admaula/cesienet.sie-aulavirtual.com/app/Controllers/Dashboard.php(21): App\Models\UserModel->getInfo(Array)
#3 /home/admaula/cesienet.sie-aulavirtual.com/app/Controllers/Dashboard.php(14): App\Controllers\Dashboard->connected()
#4 /home/admaula/cesienet.sie-aulavirtual.com/vendor/codeigniter4/framework/system/CodeIgniter.php(900): App\Controllers\Dashboard->__construct()
#5 /home/admaula/cesienet.sie-aulavirtual.com/vendor/codeigniter4/framework/system/CodeIgniter.php(426): CodeIgniter\CodeIgniter->createController()
#6 /home/admaula/cesienet.sie-aulavirtual.com/vendor/codeigniter4/framework/system/CodeIgniter.php(336): CodeIgniter\CodeIgniter->handleRequest(NULL, Object(Config\Cache), false)
#7 /home/admaula/cesienet.sie-aulavirtual.com/index.php(38): CodeIgniter\CodeIgniter->run()
#8 {main}
ERROR - 2021-08-19 12:09:14 --> Error connecting to the database: Access denied for user '****'@'localhost' (using password: NO)
CRITICAL - 2021-08-19 12:09:14 --> Unable to connect to the database.
Main connection [MySQLi]: Access denied for user '****'@'localhost' (using password: NO)
#0 /home/admaula/cesienet.sie-aulavirtual.com/vendor/codeigniter4/framework/system/Database/BaseConnection.php(625): CodeIgniter\Database\BaseConnection->initialize()
#1 /home/admaula/cesienet.sie-aulavirtual.com/app/Models/UserModel.php(96): CodeIgniter\Database\BaseConnection->query('select p.p_codi...')
#2 /home/admaula/cesienet.sie-aulavirtual.com/app/Controllers/Dashboard.php(21): App\Models\UserModel->getInfo(Array)
#3 /home/admaula/cesienet.sie-aulavirtual.com/app/Controllers/Dashboard.php(14): App\Controllers\Dashboard->connected()
#4 /home/admaula/cesienet.sie-aulavirtual.com/vendor/codeigniter4/framework/system/CodeIgniter.php(900): App\Controllers\Dashboard->__construct()
#5 /home/admaula/cesienet.sie-aulavirtual.com/vendor/codeigniter4/framework/system/CodeIgniter.php(426): CodeIgniter\CodeIgniter->createController()
#6 /home/admaula/cesienet.sie-aulavirtual.com/vendor/codeigniter4/framework/system/CodeIgniter.php(336): CodeIgniter\CodeIgniter->handleRequest(NULL, Object(Config\Cache), false)
#7 /home/admaula/cesienet.sie-aulavirtual.com/index.php(38): CodeIgniter\CodeIgniter->run()
#8 {main}
ERROR - 2021-08-19 12:09:17 --> Error connecting to the database: Access denied for user '****'@'localhost' (using password: NO)
CRITICAL - 2021-08-19 12:09:17 --> Unable to connect to the database.
Main connection [MySQLi]: Access denied for user '****'@'localhost' (using password: NO)
#0 /home/admaula/cesienet.sie-aulavirtual.com/vendor/codeigniter4/framework/system/Database/BaseConnection.php(625): CodeIgniter\Database\BaseConnection->initialize()
#1 /home/admaula/cesienet.sie-aulavirtual.com/app/Models/UserModel.php(96): CodeIgniter\Database\BaseConnection->query('select p.p_codi...')
#2 /home/admaula/cesienet.sie-aulavirtual.com/app/Controllers/Dashboard.php(21): App\Models\UserModel->getInfo(Array)
#3 /home/admaula/cesienet.sie-aulavirtual.com/app/Controllers/Dashboard.php(14): App\Controllers\Dashboard->connected()
#4 /home/admaula/cesienet.sie-aulavirtual.com/vendor/codeigniter4/framework/system/CodeIgniter.php(900): App\Controllers\Dashboard->__construct()
#5 /home/admaula/cesienet.sie-aulavirtual.com/vendor/codeigniter4/framework/system/CodeIgniter.php(426): CodeIgniter\CodeIgniter->createController()
#6 /home/admaula/cesienet.sie-aulavirtual.com/vendor/codeigniter4/framework/system/CodeIgniter.php(336): CodeIgniter\CodeIgniter->handleRequest(NULL, Object(Config\Cache), false)
#7 /home/admaula/cesienet.sie-aulavirtual.com/index.php(38): CodeIgniter\CodeIgniter->run()
#8 {main}
ERROR - 2021-08-19 12:09:34 --> Error connecting to the database: Access denied for user '****'@'localhost' (using password: NO)
CRITICAL - 2021-08-19 12:09:34 --> Unable to connect to the database.
Main connection [MySQLi]: Access denied for user '****'@'localhost' (using password: NO)
#0 /home/admaula/cesienet.sie-aulavirtual.com/vendor/codeigniter4/framework/system/Database/BaseConnection.php(625): CodeIgniter\Database\BaseConnection->initialize()
#1 /home/admaula/cesienet.sie-aulavirtual.com/app/Models/UserModel.php(96): CodeIgniter\Database\BaseConnection->query('select p.p_codi...')
#2 /home/admaula/cesienet.sie-aulavirtual.com/app/Controllers/Dashboard.php(21): App\Models\UserModel->getInfo(Array)
#3 /home/admaula/cesienet.sie-aulavirtual.com/app/Controllers/Dashboard.php(14): App\Controllers\Dashboard->connected()
#4 /home/admaula/cesienet.sie-aulavirtual.com/vendor/codeigniter4/framework/system/CodeIgniter.php(900): App\Controllers\Dashboard->__construct()
#5 /home/admaula/cesienet.sie-aulavirtual.com/vendor/codeigniter4/framework/system/CodeIgniter.php(426): CodeIgniter\CodeIgniter->createController()
#6 /home/admaula/cesienet.sie-aulavirtual.com/vendor/codeigniter4/framework/system/CodeIgniter.php(336): CodeIgniter\CodeIgniter->handleRequest(NULL, Object(Config\Cache), false)
#7 /home/admaula/cesienet.sie-aulavirtual.com/public/index.php(37): CodeIgniter\CodeIgniter->run()
#8 {main}
ERROR - 2021-08-19 12:09:34 --> Error connecting to the database: Access denied for user '****'@'localhost' (using password: NO)
CRITICAL - 2021-08-19 12:09:34 --> Unable to connect to the database.
Main connection [MySQLi]: Access denied for user '****'@'localhost' (using password: NO)
#0 /home/admaula/cesienet.sie-aulavirtual.com/vendor/codeigniter4/framework/system/Database/BaseConnection.php(625): CodeIgniter\Database\BaseConnection->initialize()
#1 /home/admaula/cesienet.sie-aulavirtual.com/app/Models/UserModel.php(96): CodeIgniter\Database\BaseConnection->query('select p.p_codi...')
#2 /home/admaula/cesienet.sie-aulavirtual.com/app/Controllers/Dashboard.php(21): App\Models\UserModel->getInfo(Array)
#3 /home/admaula/cesienet.sie-aulavirtual.com/app/Controllers/Dashboard.php(14): App\Controllers\Dashboard->connected()
#4 /home/admaula/cesienet.sie-aulavirtual.com/vendor/codeigniter4/framework/system/CodeIgniter.php(900): App\Controllers\Dashboard->__construct()
#5 /home/admaula/cesienet.sie-aulavirtual.com/vendor/codeigniter4/framework/system/CodeIgniter.php(426): CodeIgniter\CodeIgniter->createController()
#6 /home/admaula/cesienet.sie-aulavirtual.com/vendor/codeigniter4/framework/system/CodeIgniter.php(336): CodeIgniter\CodeIgniter->handleRequest(NULL, Object(Config\Cache), false)
#7 /home/admaula/cesienet.sie-aulavirtual.com/public/index.php(37): CodeIgniter\CodeIgniter->run()
#8 {main}
ERROR - 2021-08-19 12:09:45 --> Error connecting to the database: Access denied for user '****'@'localhost' (using password: NO)
CRITICAL - 2021-08-19 12:09:45 --> Unable to connect to the database.
Main connection [MySQLi]: Access denied for user '****'@'localhost' (using password: NO)
#0 /home/admaula/cesienet.sie-aulavirtual.com/vendor/codeigniter4/framework/system/Database/BaseConnection.php(625): CodeIgniter\Database\BaseConnection->initialize()
#1 /home/admaula/cesienet.sie-aulavirtual.com/app/Models/UserModel.php(96): CodeIgniter\Database\BaseConnection->query('select p.p_codi...')
#2 /home/admaula/cesienet.sie-aulavirtual.com/app/Controllers/Dashboard.php(21): App\Models\UserModel->getInfo(Array)
#3 /home/admaula/cesienet.sie-aulavirtual.com/app/Controllers/Dashboard.php(14): App\Controllers\Dashboard->connected()
#4 /home/admaula/cesienet.sie-aulavirtual.com/vendor/codeigniter4/framework/system/CodeIgniter.php(900): App\Controllers\Dashboard->__construct()
#5 /home/admaula/cesienet.sie-aulavirtual.com/vendor/codeigniter4/framework/system/CodeIgniter.php(426): CodeIgniter\CodeIgniter->createController()
#6 /home/admaula/cesienet.sie-aulavirtual.com/vendor/codeigniter4/framework/system/CodeIgniter.php(336): CodeIgniter\CodeIgniter->handleRequest(NULL, Object(Config\Cache), false)
#7 /home/admaula/cesienet.sie-aulavirtual.com/public/index.php(37): CodeIgniter\CodeIgniter->run()
#8 {main}
ERROR - 2021-08-19 12:10:04 --> Error connecting to the database: Access denied for user '****'@'localhost' (using password: NO)
CRITICAL - 2021-08-19 12:10:04 --> Unable to connect to the database.
Main connection [MySQLi]: Access denied for user '****'@'localhost' (using password: NO)
#0 /home/admaula/cesienet.sie-aulavirtual.com/vendor/codeigniter4/framework/system/Database/BaseConnection.php(625): CodeIgniter\Database\BaseConnection->initialize()
#1 /home/admaula/cesienet.sie-aulavirtual.com/app/Models/UserModel.php(96): CodeIgniter\Database\BaseConnection->query('select p.p_codi...')
#2 /home/admaula/cesienet.sie-aulavirtual.com/app/Controllers/Dashboard.php(21): App\Models\UserModel->getInfo(Array)
#3 /home/admaula/cesienet.sie-aulavirtual.com/app/Controllers/Dashboard.php(14): App\Controllers\Dashboard->connected()
#4 /home/admaula/cesienet.sie-aulavirtual.com/vendor/codeigniter4/framework/system/CodeIgniter.php(900): App\Controllers\Dashboard->__construct()
#5 /home/admaula/cesienet.sie-aulavirtual.com/vendor/codeigniter4/framework/system/CodeIgniter.php(426): CodeIgniter\CodeIgniter->createController()
#6 /home/admaula/cesienet.sie-aulavirtual.com/vendor/codeigniter4/framework/system/CodeIgniter.php(336): CodeIgniter\CodeIgniter->handleRequest(NULL, Object(Config\Cache), false)
#7 /home/admaula/cesienet.sie-aulavirtual.com/public/index.php(37): CodeIgniter\CodeIgniter->run()
#8 {main}
ERROR - 2021-08-19 12:11:44 --> Error connecting to the database: Access denied for user '****'@'localhost' (using password: NO)
CRITICAL - 2021-08-19 12:11:44 --> Unable to connect to the database.
Main connection [MySQLi]: Access denied for user '****'@'localhost' (using password: NO)
#0 /home/admaula/cesienet.sie-aulavirtual.com/vendor/codeigniter4/framework/system/Database/BaseConnection.php(625): CodeIgniter\Database\BaseConnection->initialize()
#1 /home/admaula/cesienet.sie-aulavirtual.com/app/Models/UserModel.php(96): CodeIgniter\Database\BaseConnection->query('select p.p_codi...')
#2 /home/admaula/cesienet.sie-aulavirtual.com/app/Controllers/Dashboard.php(21): App\Models\UserModel->getInfo(Array)
#3 /home/admaula/cesienet.sie-aulavirtual.com/app/Controllers/Dashboard.php(14): App\Controllers\Dashboard->connected()
#4 /home/admaula/cesienet.sie-aulavirtual.com/vendor/codeigniter4/framework/system/CodeIgniter.php(900): App\Controllers\Dashboard->__construct()
#5 /home/admaula/cesienet.sie-aulavirtual.com/vendor/codeigniter4/framework/system/CodeIgniter.php(426): CodeIgniter\CodeIgniter->createController()
#6 /home/admaula/cesienet.sie-aulavirtual.com/vendor/codeigniter4/framework/system/CodeIgniter.php(336): CodeIgniter\CodeIgniter->handleRequest(NULL, Object(Config\Cache), false)
#7 /home/admaula/cesienet.sie-aulavirtual.com/public/index.php(37): CodeIgniter\CodeIgniter->run()
#8 {main}
ERROR - 2021-08-19 12:11:56 --> Error connecting to the database: Access denied for user '****'@'localhost' (using password: NO)
CRITICAL - 2021-08-19 12:11:56 --> Unable to connect to the database.
Main connection [MySQLi]: Access denied for user '****'@'localhost' (using password: NO)
#0 /home/admaula/cesienet.sie-aulavirtual.com/vendor/codeigniter4/framework/system/Database/BaseConnection.php(625): CodeIgniter\Database\BaseConnection->initialize()
#1 /home/admaula/cesienet.sie-aulavirtual.com/app/Models/UserModel.php(96): CodeIgniter\Database\BaseConnection->query('select p.p_codi...')
#2 /home/admaula/cesienet.sie-aulavirtual.com/app/Controllers/Dashboard.php(21): App\Models\UserModel->getInfo(Array)
#3 /home/admaula/cesienet.sie-aulavirtual.com/app/Controllers/Dashboard.php(14): App\Controllers\Dashboard->connected()
#4 /home/admaula/cesienet.sie-aulavirtual.com/vendor/codeigniter4/framework/system/CodeIgniter.php(900): App\Controllers\Dashboard->__construct()
#5 /home/admaula/cesienet.sie-aulavirtual.com/vendor/codeigniter4/framework/system/CodeIgniter.php(426): CodeIgniter\CodeIgniter->createController()
#6 /home/admaula/cesienet.sie-aulavirtual.com/vendor/codeigniter4/framework/system/CodeIgniter.php(336): CodeIgniter\CodeIgniter->handleRequest(NULL, Object(Config\Cache), false)
#7 /home/admaula/cesienet.sie-aulavirtual.com/public/index.php(37): CodeIgniter\CodeIgniter->run()
#8 {main}
ERROR - 2021-08-19 12:12:24 --> Error connecting to the database: Access denied for user '****'@'localhost' (using password: NO)
CRITICAL - 2021-08-19 12:12:24 --> Unable to connect to the database.
Main connection [MySQLi]: Access denied for user '****'@'localhost' (using password: NO)
#0 /home/admaula/cesienet.sie-aulavirtual.com/vendor/codeigniter4/framework/system/Database/BaseConnection.php(625): CodeIgniter\Database\BaseConnection->initialize()
#1 /home/admaula/cesienet.sie-aulavirtual.com/app/Models/UserModel.php(96): CodeIgniter\Database\BaseConnection->query('select p.p_codi...')
#2 /home/admaula/cesienet.sie-aulavirtual.com/app/Controllers/Dashboard.php(21): App\Models\UserModel->getInfo(Array)
#3 /home/admaula/cesienet.sie-aulavirtual.com/app/Controllers/Dashboard.php(14): App\Controllers\Dashboard->connected()
#4 /home/admaula/cesienet.sie-aulavirtual.com/vendor/codeigniter4/framework/system/CodeIgniter.php(900): App\Controllers\Dashboard->__construct()
#5 /home/admaula/cesienet.sie-aulavirtual.com/vendor/codeigniter4/framework/system/CodeIgniter.php(426): CodeIgniter\CodeIgniter->createController()
#6 /home/admaula/cesienet.sie-aulavirtual.com/vendor/codeigniter4/framework/system/CodeIgniter.php(336): CodeIgniter\CodeIgniter->handleRequest(NULL, Object(Config\Cache), false)
#7 /home/admaula/cesienet.sie-aulavirtual.com/public/index.php(37): CodeIgniter\CodeIgniter->run()
#8 {main}
