CRITICAL - 2021-11-08 00:54:24 --> Use of undefined constant limittimemin - assumed 'limittimemin' (this will throw an Error in a future version of PHP)
#0 E:\Workspace\Codeigniter\LMS_CI_4\LMS\app\Views\exam\detail.php(98): CodeIgniter\Debug\Exceptions->errorHandler(2, 'Use of undefine...', 'E:\\Workspace\\Co...', 98, Array)
#1 E:\Workspace\Codeigniter\LMS_CI_4\LMS\vendor\codeigniter4\framework\system\View\View.php(214): include('E:\\Workspace\\Co...')
#2 E:\Workspace\Codeigniter\LMS_CI_4\LMS\vendor\codeigniter4\framework\system\View\View.php(217): CodeIgniter\View\View->CodeIgniter\View\{closure}()
#3 E:\Workspace\Codeigniter\LMS_CI_4\LMS\vendor\codeigniter4\framework\system\Common.php(1092): CodeIgniter\View\View->render('exam/detail', Array, true)
#4 E:\Workspace\Codeigniter\LMS_CI_4\LMS\app\Controllers\Exam.php(59): view('exam/detail', Array)
#5 E:\Workspace\Codeigniter\LMS_CI_4\LMS\vendor\codeigniter4\framework\system\CodeIgniter.php(802): App\Controllers\Exam->detail()
#6 E:\Workspace\Codeigniter\LMS_CI_4\LMS\vendor\codeigniter4\framework\system\CodeIgniter.php(399): CodeIgniter\CodeIgniter->runController(Object(App\Controllers\Exam))
#7 E:\Workspace\Codeigniter\LMS_CI_4\LMS\vendor\codeigniter4\framework\system\CodeIgniter.php(317): CodeIgniter\CodeIgniter->handleRequest(NULL, Object(Config\Cache), false)
#8 E:\Workspace\Codeigniter\LMS_CI_4\LMS\public\index.php(37): CodeIgniter\CodeIgniter->run()
#9 E:\Workspace\Codeigniter\LMS_CI_4\LMS\vendor\codeigniter4\framework\system\Commands\Server\rewrite.php(43): require_once('E:\\Workspace\\Co...')
#10 {main}
CRITICAL - 2021-11-08 03:25:15 --> Call to undefined method CodeIgniter\Database\MySQLi\Result::get()
#0 E:\Workspace\Codeigniter\LMS_CI_4\LMS\app\Controllers\Exam.php(62): App\Models\ExamModel->getExamList('1')
#1 E:\Workspace\Codeigniter\LMS_CI_4\LMS\vendor\codeigniter4\framework\system\CodeIgniter.php(802): App\Controllers\Exam->getExamList()
#2 E:\Workspace\Codeigniter\LMS_CI_4\LMS\vendor\codeigniter4\framework\system\CodeIgniter.php(399): CodeIgniter\CodeIgniter->runController(Object(App\Controllers\Exam))
#3 E:\Workspace\Codeigniter\LMS_CI_4\LMS\vendor\codeigniter4\framework\system\CodeIgniter.php(317): CodeIgniter\CodeIgniter->handleRequest(NULL, Object(Config\Cache), false)
#4 E:\Workspace\Codeigniter\LMS_CI_4\LMS\public\index.php(37): CodeIgniter\CodeIgniter->run()
#5 E:\Workspace\Codeigniter\LMS_CI_4\LMS\vendor\codeigniter4\framework\system\Commands\Server\rewrite.php(43): require_once('E:\\Workspace\\Co...')
#6 {main}
CRITICAL - 2021-11-08 03:26:29 --> Call to undefined method CodeIgniter\Database\MySQLi\Result::get()
#0 E:\Workspace\Codeigniter\LMS_CI_4\LMS\app\Controllers\Exam.php(62): App\Models\ExamModel->getExamList('1')
#1 E:\Workspace\Codeigniter\LMS_CI_4\LMS\vendor\codeigniter4\framework\system\CodeIgniter.php(802): App\Controllers\Exam->getExamList()
#2 E:\Workspace\Codeigniter\LMS_CI_4\LMS\vendor\codeigniter4\framework\system\CodeIgniter.php(399): CodeIgniter\CodeIgniter->runController(Object(App\Controllers\Exam))
#3 E:\Workspace\Codeigniter\LMS_CI_4\LMS\vendor\codeigniter4\framework\system\CodeIgniter.php(317): CodeIgniter\CodeIgniter->handleRequest(NULL, Object(Config\Cache), false)
#4 E:\Workspace\Codeigniter\LMS_CI_4\LMS\public\index.php(37): CodeIgniter\CodeIgniter->run()
#5 E:\Workspace\Codeigniter\LMS_CI_4\LMS\vendor\codeigniter4\framework\system\Commands\Server\rewrite.php(43): require_once('E:\\Workspace\\Co...')
#6 {main}
