CRITICAL - 2021-11-03 15:49:35 --> Cannot redeclare App\Controllers\Calendario::detalles()
#0 [internal function]: CodeIgniter\Debug\Exceptions->shutdownHandler()
#1 {main}
CRITICAL - 2021-11-03 20:10:54 --> syntax error, unexpected 'echo' (T_ECHO), expecting ';'
#0 /home/admaula/cesienet.sie-aulavirtual.com/vendor/codeigniter4/framework/system/Router/Router.php(169): CodeIgniter\Router\Router->autoRoute('/calendario/sav...')
#1 /home/admaula/cesienet.sie-aulavirtual.com/vendor/codeigniter4/framework/system/CodeIgniter.php(809): CodeIgniter\Router\Router->handle('/calendario/sav...')
#2 /home/admaula/cesienet.sie-aulavirtual.com/vendor/codeigniter4/framework/system/CodeIgniter.php(389): CodeIgniter\CodeIgniter->tryToRouteIt(Object(CodeIgniter\Router\RouteCollection))
#3 /home/admaula/cesienet.sie-aulavirtual.com/vendor/codeigniter4/framework/system/CodeIgniter.php(336): CodeIgniter\CodeIgniter->handleRequest(NULL, Object(Config\Cache), false)
#4 /home/admaula/cesienet.sie-aulavirtual.com/public/index.php(37): CodeIgniter\CodeIgniter->run()
#5 {main}
CRITICAL - 2021-11-03 20:10:54 --> syntax error, unexpected 'echo' (T_ECHO), expecting ';'
#0 /home/admaula/cesienet.sie-aulavirtual.com/vendor/codeigniter4/framework/system/Router/Router.php(169): CodeIgniter\Router\Router->autoRoute('/calendario/sav...')
#1 /home/admaula/cesienet.sie-aulavirtual.com/vendor/codeigniter4/framework/system/CodeIgniter.php(809): CodeIgniter\Router\Router->handle('/calendario/sav...')
#2 /home/admaula/cesienet.sie-aulavirtual.com/vendor/codeigniter4/framework/system/CodeIgniter.php(389): CodeIgniter\CodeIgniter->tryToRouteIt(Object(CodeIgniter\Router\RouteCollection))
#3 /home/admaula/cesienet.sie-aulavirtual.com/vendor/codeigniter4/framework/system/CodeIgniter.php(336): CodeIgniter\CodeIgniter->handleRequest(NULL, Object(Config\Cache), false)
#4 /home/admaula/cesienet.sie-aulavirtual.com/public/index.php(37): CodeIgniter\CodeIgniter->run()
#5 {main}
CRITICAL - 2021-11-03 21:01:29 --> Call to a member function library() on null
#0 /home/admaula/cesienet.sie-aulavirtual.com/vendor/codeigniter4/framework/system/CodeIgniter.php(928): App\Controllers\Calendario->save_evento()
#1 /home/admaula/cesienet.sie-aulavirtual.com/vendor/codeigniter4/framework/system/CodeIgniter.php(436): CodeIgniter\CodeIgniter->runController(Object(App\Controllers\Calendario))
#2 /home/admaula/cesienet.sie-aulavirtual.com/vendor/codeigniter4/framework/system/CodeIgniter.php(336): CodeIgniter\CodeIgniter->handleRequest(NULL, Object(Config\Cache), false)
#3 /home/admaula/cesienet.sie-aulavirtual.com/public/index.php(37): CodeIgniter\CodeIgniter->run()
#4 {main}
CRITICAL - 2021-11-03 21:01:46 --> Call to a member function library() on null
#0 /home/admaula/cesienet.sie-aulavirtual.com/vendor/codeigniter4/framework/system/CodeIgniter.php(928): App\Controllers\Calendario->save_evento()
#1 /home/admaula/cesienet.sie-aulavirtual.com/vendor/codeigniter4/framework/system/CodeIgniter.php(436): CodeIgniter\CodeIgniter->runController(Object(App\Controllers\Calendario))
#2 /home/admaula/cesienet.sie-aulavirtual.com/vendor/codeigniter4/framework/system/CodeIgniter.php(336): CodeIgniter\CodeIgniter->handleRequest(NULL, Object(Config\Cache), false)
#3 /home/admaula/cesienet.sie-aulavirtual.com/public/index.php(37): CodeIgniter\CodeIgniter->run()
#4 {main}
CRITICAL - 2021-11-03 21:01:46 --> Call to a member function library() on null
#0 /home/admaula/cesienet.sie-aulavirtual.com/vendor/codeigniter4/framework/system/CodeIgniter.php(928): App\Controllers\Calendario->save_evento()
#1 /home/admaula/cesienet.sie-aulavirtual.com/vendor/codeigniter4/framework/system/CodeIgniter.php(436): CodeIgniter\CodeIgniter->runController(Object(App\Controllers\Calendario))
#2 /home/admaula/cesienet.sie-aulavirtual.com/vendor/codeigniter4/framework/system/CodeIgniter.php(336): CodeIgniter\CodeIgniter->handleRequest(NULL, Object(Config\Cache), false)
#3 /home/admaula/cesienet.sie-aulavirtual.com/public/index.php(37): CodeIgniter\CodeIgniter->run()
#4 {main}
CRITICAL - 2021-11-03 21:02:11 --> Call to a member function library() on null
#0 /home/admaula/cesienet.sie-aulavirtual.com/vendor/codeigniter4/framework/system/CodeIgniter.php(928): App\Controllers\Calendario->save_evento()
#1 /home/admaula/cesienet.sie-aulavirtual.com/vendor/codeigniter4/framework/system/CodeIgniter.php(436): CodeIgniter\CodeIgniter->runController(Object(App\Controllers\Calendario))
#2 /home/admaula/cesienet.sie-aulavirtual.com/vendor/codeigniter4/framework/system/CodeIgniter.php(336): CodeIgniter\CodeIgniter->handleRequest(NULL, Object(Config\Cache), false)
#3 /home/admaula/cesienet.sie-aulavirtual.com/public/index.php(37): CodeIgniter\CodeIgniter->run()
#4 {main}
CRITICAL - 2021-11-03 21:02:45 --> Call to a member function library() on null
#0 /home/admaula/cesienet.sie-aulavirtual.com/vendor/codeigniter4/framework/system/CodeIgniter.php(928): App\Controllers\Calendario->save_evento()
#1 /home/admaula/cesienet.sie-aulavirtual.com/vendor/codeigniter4/framework/system/CodeIgniter.php(436): CodeIgniter\CodeIgniter->runController(Object(App\Controllers\Calendario))
#2 /home/admaula/cesienet.sie-aulavirtual.com/vendor/codeigniter4/framework/system/CodeIgniter.php(336): CodeIgniter\CodeIgniter->handleRequest(NULL, Object(Config\Cache), false)
#3 /home/admaula/cesienet.sie-aulavirtual.com/public/index.php(37): CodeIgniter\CodeIgniter->run()
#4 {main}
CRITICAL - 2021-11-03 21:02:45 --> Call to a member function library() on null
#0 /home/admaula/cesienet.sie-aulavirtual.com/vendor/codeigniter4/framework/system/CodeIgniter.php(928): App\Controllers\Calendario->save_evento()
#1 /home/admaula/cesienet.sie-aulavirtual.com/vendor/codeigniter4/framework/system/CodeIgniter.php(436): CodeIgniter\CodeIgniter->runController(Object(App\Controllers\Calendario))
#2 /home/admaula/cesienet.sie-aulavirtual.com/vendor/codeigniter4/framework/system/CodeIgniter.php(336): CodeIgniter\CodeIgniter->handleRequest(NULL, Object(Config\Cache), false)
#3 /home/admaula/cesienet.sie-aulavirtual.com/public/index.php(37): CodeIgniter\CodeIgniter->run()
#4 {main}
CRITICAL - 2021-11-03 21:03:31 --> Call to a member function library() on null
#0 /home/admaula/cesienet.sie-aulavirtual.com/vendor/codeigniter4/framework/system/CodeIgniter.php(928): App\Controllers\Calendario->save_evento()
#1 /home/admaula/cesienet.sie-aulavirtual.com/vendor/codeigniter4/framework/system/CodeIgniter.php(436): CodeIgniter\CodeIgniter->runController(Object(App\Controllers\Calendario))
#2 /home/admaula/cesienet.sie-aulavirtual.com/vendor/codeigniter4/framework/system/CodeIgniter.php(336): CodeIgniter\CodeIgniter->handleRequest(NULL, Object(Config\Cache), false)
#3 /home/admaula/cesienet.sie-aulavirtual.com/public/index.php(37): CodeIgniter\CodeIgniter->run()
#4 {main}
CRITICAL - 2021-11-03 21:03:31 --> Call to a member function library() on null
#0 /home/admaula/cesienet.sie-aulavirtual.com/vendor/codeigniter4/framework/system/CodeIgniter.php(928): App\Controllers\Calendario->save_evento()
#1 /home/admaula/cesienet.sie-aulavirtual.com/vendor/codeigniter4/framework/system/CodeIgniter.php(436): CodeIgniter\CodeIgniter->runController(Object(App\Controllers\Calendario))
#2 /home/admaula/cesienet.sie-aulavirtual.com/vendor/codeigniter4/framework/system/CodeIgniter.php(336): CodeIgniter\CodeIgniter->handleRequest(NULL, Object(Config\Cache), false)
#3 /home/admaula/cesienet.sie-aulavirtual.com/public/index.php(37): CodeIgniter\CodeIgniter->run()
#4 {main}
CRITICAL - 2021-11-03 21:03:31 --> Call to a member function library() on null
#0 /home/admaula/cesienet.sie-aulavirtual.com/vendor/codeigniter4/framework/system/CodeIgniter.php(928): App\Controllers\Calendario->save_evento()
#1 /home/admaula/cesienet.sie-aulavirtual.com/vendor/codeigniter4/framework/system/CodeIgniter.php(436): CodeIgniter\CodeIgniter->runController(Object(App\Controllers\Calendario))
#2 /home/admaula/cesienet.sie-aulavirtual.com/vendor/codeigniter4/framework/system/CodeIgniter.php(336): CodeIgniter\CodeIgniter->handleRequest(NULL, Object(Config\Cache), false)
#3 /home/admaula/cesienet.sie-aulavirtual.com/public/index.php(37): CodeIgniter\CodeIgniter->run()
#4 {main}
