CRITICAL - 2021-10-29 19:16:10 --> Use of undefined constant user - assumed 'user' (this will throw an Error in a future version of PHP)
#0 /home/admaula/cesienet.sie-aulavirtual.com/app/Views/calendario.php(36): CodeIgniter\Debug\Exceptions->errorHandler(2, 'Use of undefine...', '/home/admaula/c...', 36, Array)
#1 /home/admaula/cesienet.sie-aulavirtual.com/vendor/codeigniter4/framework/system/View/View.php(230): include('/home/admaula/c...')
#2 /home/admaula/cesienet.sie-aulavirtual.com/vendor/codeigniter4/framework/system/View/View.php(232): CodeIgniter\View\View->CodeIgniter\View\{closure}()
#3 /home/admaula/cesienet.sie-aulavirtual.com/vendor/codeigniter4/framework/system/Common.php(1271): CodeIgniter\View\View->render('calendario', Array, true)
#4 /home/admaula/cesienet.sie-aulavirtual.com/app/Controllers/Calendario.php(41): view('calendario', Array)
#5 /home/admaula/cesienet.sie-aulavirtual.com/vendor/codeigniter4/framework/system/CodeIgniter.php(928): App\Controllers\Calendario->index()
#6 /home/admaula/cesienet.sie-aulavirtual.com/vendor/codeigniter4/framework/system/CodeIgniter.php(436): CodeIgniter\CodeIgniter->runController(Object(App\Controllers\Calendario))
#7 /home/admaula/cesienet.sie-aulavirtual.com/vendor/codeigniter4/framework/system/CodeIgniter.php(336): CodeIgniter\CodeIgniter->handleRequest(NULL, Object(Config\Cache), false)
#8 /home/admaula/cesienet.sie-aulavirtual.com/public/index.php(37): CodeIgniter\CodeIgniter->run()
#9 {main}
CRITICAL - 2021-10-29 20:07:19 --> Call to undefined method CodeIgniter\Database\MySQLi\Builder::getFirstRow()
#0 /home/admaula/cesienet.sie-aulavirtual.com/app/Controllers/Calendario.php(36): App\Models\UserModel->getRol('T001')
#1 /home/admaula/cesienet.sie-aulavirtual.com/app/Controllers/Calendario.php(14): App\Controllers\Calendario->connected()
#2 /home/admaula/cesienet.sie-aulavirtual.com/vendor/codeigniter4/framework/system/CodeIgniter.php(900): App\Controllers\Calendario->__construct()
#3 /home/admaula/cesienet.sie-aulavirtual.com/vendor/codeigniter4/framework/system/CodeIgniter.php(426): CodeIgniter\CodeIgniter->createController()
#4 /home/admaula/cesienet.sie-aulavirtual.com/vendor/codeigniter4/framework/system/CodeIgniter.php(336): CodeIgniter\CodeIgniter->handleRequest(NULL, Object(Config\Cache), false)
#5 /home/admaula/cesienet.sie-aulavirtual.com/public/index.php(37): CodeIgniter\CodeIgniter->run()
#6 {main}
CRITICAL - 2021-10-29 20:11:31 --> Invalid argument supplied for foreach()
#0 /home/admaula/cesienet.sie-aulavirtual.com/app/Views/layout/sidebar.php(10): CodeIgniter\Debug\Exceptions->errorHandler(2, 'Invalid argumen...', '/home/admaula/c...', 10, Array)
#1 /home/admaula/cesienet.sie-aulavirtual.com/vendor/codeigniter4/framework/system/View/View.php(230): include('/home/admaula/c...')
#2 /home/admaula/cesienet.sie-aulavirtual.com/vendor/codeigniter4/framework/system/View/View.php(232): CodeIgniter\View\View->CodeIgniter\View\{closure}()
#3 /home/admaula/cesienet.sie-aulavirtual.com/vendor/codeigniter4/framework/system/View/View.php(487): CodeIgniter\View\View->render('layout/sidebar', NULL, true)
#4 /home/admaula/cesienet.sie-aulavirtual.com/app/Views/calendario.php(19): CodeIgniter\View\View->include('layout/sidebar')
#5 /home/admaula/cesienet.sie-aulavirtual.com/vendor/codeigniter4/framework/system/View/View.php(230): include('/home/admaula/c...')
#6 /home/admaula/cesienet.sie-aulavirtual.com/vendor/codeigniter4/framework/system/View/View.php(232): CodeIgniter\View\View->CodeIgniter\View\{closure}()
#7 /home/admaula/cesienet.sie-aulavirtual.com/vendor/codeigniter4/framework/system/Common.php(1271): CodeIgniter\View\View->render('calendario', Array, true)
#8 /home/admaula/cesienet.sie-aulavirtual.com/app/Controllers/Calendario.php(43): view('calendario', Array)
#9 /home/admaula/cesienet.sie-aulavirtual.com/vendor/codeigniter4/framework/system/CodeIgniter.php(928): App\Controllers\Calendario->index()
#10 /home/admaula/cesienet.sie-aulavirtual.com/vendor/codeigniter4/framework/system/CodeIgniter.php(436): CodeIgniter\CodeIgniter->runController(Object(App\Controllers\Calendario))
#11 /home/admaula/cesienet.sie-aulavirtual.com/vendor/codeigniter4/framework/system/CodeIgniter.php(336): CodeIgniter\CodeIgniter->handleRequest(NULL, Object(Config\Cache), false)
#12 /home/admaula/cesienet.sie-aulavirtual.com/public/index.php(37): CodeIgniter\CodeIgniter->run()
#13 {main}
CRITICAL - 2021-10-29 20:14:45 --> Invalid argument supplied for foreach()
#0 /home/admaula/cesienet.sie-aulavirtual.com/app/Views/layout/sidebar.php(10): CodeIgniter\Debug\Exceptions->errorHandler(2, 'Invalid argumen...', '/home/admaula/c...', 10, Array)
#1 /home/admaula/cesienet.sie-aulavirtual.com/vendor/codeigniter4/framework/system/View/View.php(230): include('/home/admaula/c...')
#2 /home/admaula/cesienet.sie-aulavirtual.com/vendor/codeigniter4/framework/system/View/View.php(232): CodeIgniter\View\View->CodeIgniter\View\{closure}()
#3 /home/admaula/cesienet.sie-aulavirtual.com/vendor/codeigniter4/framework/system/View/View.php(487): CodeIgniter\View\View->render('layout/sidebar', NULL, true)
#4 /home/admaula/cesienet.sie-aulavirtual.com/app/Views/calendario.php(19): CodeIgniter\View\View->include('layout/sidebar')
#5 /home/admaula/cesienet.sie-aulavirtual.com/vendor/codeigniter4/framework/system/View/View.php(230): include('/home/admaula/c...')
#6 /home/admaula/cesienet.sie-aulavirtual.com/vendor/codeigniter4/framework/system/View/View.php(232): CodeIgniter\View\View->CodeIgniter\View\{closure}()
#7 /home/admaula/cesienet.sie-aulavirtual.com/vendor/codeigniter4/framework/system/Common.php(1271): CodeIgniter\View\View->render('calendario', Array, true)
#8 /home/admaula/cesienet.sie-aulavirtual.com/app/Controllers/Calendario.php(44): view('calendario', Array)
#9 /home/admaula/cesienet.sie-aulavirtual.com/vendor/codeigniter4/framework/system/CodeIgniter.php(928): App\Controllers\Calendario->index()
#10 /home/admaula/cesienet.sie-aulavirtual.com/vendor/codeigniter4/framework/system/CodeIgniter.php(436): CodeIgniter\CodeIgniter->runController(Object(App\Controllers\Calendario))
#11 /home/admaula/cesienet.sie-aulavirtual.com/vendor/codeigniter4/framework/system/CodeIgniter.php(336): CodeIgniter\CodeIgniter->handleRequest(NULL, Object(Config\Cache), false)
#12 /home/admaula/cesienet.sie-aulavirtual.com/public/index.php(37): CodeIgniter\CodeIgniter->run()
#13 {main}
CRITICAL - 2021-10-29 20:15:14 --> Invalid argument supplied for foreach()
#0 /home/admaula/cesienet.sie-aulavirtual.com/app/Views/layout/sidebar.php(10): CodeIgniter\Debug\Exceptions->errorHandler(2, 'Invalid argumen...', '/home/admaula/c...', 10, Array)
#1 /home/admaula/cesienet.sie-aulavirtual.com/vendor/codeigniter4/framework/system/View/View.php(230): include('/home/admaula/c...')
#2 /home/admaula/cesienet.sie-aulavirtual.com/vendor/codeigniter4/framework/system/View/View.php(232): CodeIgniter\View\View->CodeIgniter\View\{closure}()
#3 /home/admaula/cesienet.sie-aulavirtual.com/vendor/codeigniter4/framework/system/View/View.php(487): CodeIgniter\View\View->render('layout/sidebar', NULL, true)
#4 /home/admaula/cesienet.sie-aulavirtual.com/app/Views/calendario.php(19): CodeIgniter\View\View->include('layout/sidebar')
#5 /home/admaula/cesienet.sie-aulavirtual.com/vendor/codeigniter4/framework/system/View/View.php(230): include('/home/admaula/c...')
#6 /home/admaula/cesienet.sie-aulavirtual.com/vendor/codeigniter4/framework/system/View/View.php(232): CodeIgniter\View\View->CodeIgniter\View\{closure}()
#7 /home/admaula/cesienet.sie-aulavirtual.com/vendor/codeigniter4/framework/system/Common.php(1271): CodeIgniter\View\View->render('calendario', Array, true)
#8 /home/admaula/cesienet.sie-aulavirtual.com/app/Controllers/Calendario.php(44): view('calendario', Array)
#9 /home/admaula/cesienet.sie-aulavirtual.com/vendor/codeigniter4/framework/system/CodeIgniter.php(928): App\Controllers\Calendario->index()
#10 /home/admaula/cesienet.sie-aulavirtual.com/vendor/codeigniter4/framework/system/CodeIgniter.php(436): CodeIgniter\CodeIgniter->runController(Object(App\Controllers\Calendario))
#11 /home/admaula/cesienet.sie-aulavirtual.com/vendor/codeigniter4/framework/system/CodeIgniter.php(336): CodeIgniter\CodeIgniter->handleRequest(NULL, Object(Config\Cache), false)
#12 /home/admaula/cesienet.sie-aulavirtual.com/public/index.php(37): CodeIgniter\CodeIgniter->run()
#13 {main}
CRITICAL - 2021-10-29 20:17:49 --> syntax error, unexpected '=>' (T_DOUBLE_ARROW)
#0 /home/admaula/cesienet.sie-aulavirtual.com/vendor/codeigniter4/framework/system/Autoloader/Autoloader.php(273): CodeIgniter\Autoloader\Autoloader->includeFile('/home/admaula/c...')
#1 /home/admaula/cesienet.sie-aulavirtual.com/vendor/codeigniter4/framework/system/Autoloader/Autoloader.php(247): CodeIgniter\Autoloader\Autoloader->loadInNamespace('App\\Controllers...')
#2 [internal function]: CodeIgniter\Autoloader\Autoloader->loadClass('App\\Controllers...')
#3 [internal function]: spl_autoload_call('App\\Controllers...')
#4 /home/admaula/cesienet.sie-aulavirtual.com/vendor/codeigniter4/framework/system/CodeIgniter.php(885): class_exists('\\App\\Controller...', true)
#5 /home/admaula/cesienet.sie-aulavirtual.com/vendor/codeigniter4/framework/system/CodeIgniter.php(421): CodeIgniter\CodeIgniter->startController()
#6 /home/admaula/cesienet.sie-aulavirtual.com/vendor/codeigniter4/framework/system/CodeIgniter.php(336): CodeIgniter\CodeIgniter->handleRequest(NULL, Object(Config\Cache), false)
#7 /home/admaula/cesienet.sie-aulavirtual.com/public/index.php(37): CodeIgniter\CodeIgniter->run()
#8 {main}
CRITICAL - 2021-10-29 20:18:07 --> syntax error, unexpected '{'
#0 /home/admaula/cesienet.sie-aulavirtual.com/vendor/codeigniter4/framework/system/Autoloader/Autoloader.php(273): CodeIgniter\Autoloader\Autoloader->includeFile('/home/admaula/c...')
#1 /home/admaula/cesienet.sie-aulavirtual.com/vendor/codeigniter4/framework/system/Autoloader/Autoloader.php(247): CodeIgniter\Autoloader\Autoloader->loadInNamespace('App\\Controllers...')
#2 [internal function]: CodeIgniter\Autoloader\Autoloader->loadClass('App\\Controllers...')
#3 [internal function]: spl_autoload_call('App\\Controllers...')
#4 /home/admaula/cesienet.sie-aulavirtual.com/vendor/codeigniter4/framework/system/CodeIgniter.php(885): class_exists('\\App\\Controller...', true)
#5 /home/admaula/cesienet.sie-aulavirtual.com/vendor/codeigniter4/framework/system/CodeIgniter.php(421): CodeIgniter\CodeIgniter->startController()
#6 /home/admaula/cesienet.sie-aulavirtual.com/vendor/codeigniter4/framework/system/CodeIgniter.php(336): CodeIgniter\CodeIgniter->handleRequest(NULL, Object(Config\Cache), false)
#7 /home/admaula/cesienet.sie-aulavirtual.com/public/index.php(37): CodeIgniter\CodeIgniter->run()
#8 {main}
ERROR - 2021-10-29 20:30:27 --> SELECT command denied to user 'admaula_usienet'@'localhost' for table 'asignapr'
CRITICAL - 2021-10-29 20:30:27 --> Call to a member function get() on bool
#0 /home/admaula/cesienet.sie-aulavirtual.com/app/Controllers/Calendario.php(45): App\Models\CalendarioModel->getCursos()
#1 /home/admaula/cesienet.sie-aulavirtual.com/vendor/codeigniter4/framework/system/CodeIgniter.php(928): App\Controllers\Calendario->index()
#2 /home/admaula/cesienet.sie-aulavirtual.com/vendor/codeigniter4/framework/system/CodeIgniter.php(436): CodeIgniter\CodeIgniter->runController(Object(App\Controllers\Calendario))
#3 /home/admaula/cesienet.sie-aulavirtual.com/vendor/codeigniter4/framework/system/CodeIgniter.php(336): CodeIgniter\CodeIgniter->handleRequest(NULL, Object(Config\Cache), false)
#4 /home/admaula/cesienet.sie-aulavirtual.com/public/index.php(37): CodeIgniter\CodeIgniter->run()
#5 {main}
ERROR - 2021-10-29 20:30:54 --> SELECT command denied to user 'admaula_usienet'@'localhost' for table 'asignapr'
CRITICAL - 2021-10-29 20:30:54 --> Call to a member function getRow() on bool
#0 /home/admaula/cesienet.sie-aulavirtual.com/app/Controllers/Calendario.php(45): App\Models\CalendarioModel->getCursos()
#1 /home/admaula/cesienet.sie-aulavirtual.com/vendor/codeigniter4/framework/system/CodeIgniter.php(928): App\Controllers\Calendario->index()
#2 /home/admaula/cesienet.sie-aulavirtual.com/vendor/codeigniter4/framework/system/CodeIgniter.php(436): CodeIgniter\CodeIgniter->runController(Object(App\Controllers\Calendario))
#3 /home/admaula/cesienet.sie-aulavirtual.com/vendor/codeigniter4/framework/system/CodeIgniter.php(336): CodeIgniter\CodeIgniter->handleRequest(NULL, Object(Config\Cache), false)
#4 /home/admaula/cesienet.sie-aulavirtual.com/public/index.php(37): CodeIgniter\CodeIgniter->run()
#5 {main}
ERROR - 2021-10-29 20:31:18 --> SELECT command denied to user 'admaula_usienet'@'localhost' for table 'asignapr'
CRITICAL - 2021-10-29 20:31:18 --> Call to a member function getFirstRow() on bool
#0 /home/admaula/cesienet.sie-aulavirtual.com/app/Controllers/Calendario.php(45): App\Models\CalendarioModel->getCursos()
#1 /home/admaula/cesienet.sie-aulavirtual.com/vendor/codeigniter4/framework/system/CodeIgniter.php(928): App\Controllers\Calendario->index()
#2 /home/admaula/cesienet.sie-aulavirtual.com/vendor/codeigniter4/framework/system/CodeIgniter.php(436): CodeIgniter\CodeIgniter->runController(Object(App\Controllers\Calendario))
#3 /home/admaula/cesienet.sie-aulavirtual.com/vendor/codeigniter4/framework/system/CodeIgniter.php(336): CodeIgniter\CodeIgniter->handleRequest(NULL, Object(Config\Cache), false)
#4 /home/admaula/cesienet.sie-aulavirtual.com/public/index.php(37): CodeIgniter\CodeIgniter->run()
#5 {main}
ERROR - 2021-10-29 20:36:30 --> SELECT command denied to user 'admaula_usienet'@'localhost' for table 'asignapr'
CRITICAL - 2021-10-29 20:36:30 --> Call to a member function getFirstRow() on bool
#0 /home/admaula/cesienet.sie-aulavirtual.com/app/Controllers/Calendario.php(45): App\Models\CalendarioModel->getCursos()
#1 /home/admaula/cesienet.sie-aulavirtual.com/vendor/codeigniter4/framework/system/CodeIgniter.php(928): App\Controllers\Calendario->index()
#2 /home/admaula/cesienet.sie-aulavirtual.com/vendor/codeigniter4/framework/system/CodeIgniter.php(436): CodeIgniter\CodeIgniter->runController(Object(App\Controllers\Calendario))
#3 /home/admaula/cesienet.sie-aulavirtual.com/vendor/codeigniter4/framework/system/CodeIgniter.php(336): CodeIgniter\CodeIgniter->handleRequest(NULL, Object(Config\Cache), false)
#4 /home/admaula/cesienet.sie-aulavirtual.com/public/index.php(37): CodeIgniter\CodeIgniter->run()
#5 {main}
CRITICAL - 2021-10-29 20:38:08 --> Call to undefined method CodeIgniter\Database\MySQLi\Result::getRows()
#0 /home/admaula/cesienet.sie-aulavirtual.com/app/Controllers/Calendario.php(45): App\Models\CalendarioModel->getCursos()
#1 /home/admaula/cesienet.sie-aulavirtual.com/vendor/codeigniter4/framework/system/CodeIgniter.php(928): App\Controllers\Calendario->index()
#2 /home/admaula/cesienet.sie-aulavirtual.com/vendor/codeigniter4/framework/system/CodeIgniter.php(436): CodeIgniter\CodeIgniter->runController(Object(App\Controllers\Calendario))
#3 /home/admaula/cesienet.sie-aulavirtual.com/vendor/codeigniter4/framework/system/CodeIgniter.php(336): CodeIgniter\CodeIgniter->handleRequest(NULL, Object(Config\Cache), false)
#4 /home/admaula/cesienet.sie-aulavirtual.com/public/index.php(37): CodeIgniter\CodeIgniter->run()
#5 {main}
